TN:
SF:src/App.vue
FN:149,render
FN:169,(anonymous_1)
FN:178,(anonymous_2)
FN:184,(anonymous_3)
FNF:4
FNH:0
FNDA:0,render
FNDA:0,(anonymous_1)
FNDA:0,(anonymous_2)
FNDA:0,(anonymous_3)
DA:4,0
DA:5,0
DA:8,0
DA:118,0
DA:120,0
DA:123,0
DA:124,0
DA:125,0
DA:129,0
DA:132,0
DA:135,0
DA:139,0
DA:143,0
DA:146,0
DA:150,0
DA:151,0
DA:152,0
DA:153,0
DA:154,0
DA:169,0
DA:180,0
DA:184,0
DA:191,0
LF:23
LH:0
BRDA:159,0,0,0
BRDA:159,0,1,0
BRDA:159,1,0,0
BRDA:159,1,1,0
BRDA:165,2,0,0
BRDA:165,2,1,0
BRDA:165,3,0,0
BRDA:165,3,1,0
BRDA:169,4,0,0
BRDA:169,4,1,0
BRDA:169,5,0,0
BRDA:169,5,1,0
BRDA:170,6,0,0
BRDA:170,6,1,0
BRF:14
BRH:0
end_of_record
TN:
SF:src/event-bus.js
FN:9,(anonymous_0)
FN:10,(anonymous_1)
FN:11,(anonymous_2)
FN:12,(anonymous_3)
FNF:4
FNH:0
FNDA:0,(anonymous_0)
FNDA:0,(anonymous_1)
FNDA:0,(anonymous_2)
FNDA:0,(anonymous_3)
DA:5,0
DA:8,0
DA:9,0
DA:10,0
DA:11,0
DA:12,0
LF:6
LH:0
BRF:0
BRH:0
end_of_record
TN:
SF:src/baccarat/main.js
FNF:0
FNH:0
DA:9,0
DA:81,0
LF:2
LH:0
BRF:0
BRH:0
end_of_record
TN:
SF:src/baccarat/scenes/BootScene.js
FN:4,(anonymous_0)
FN:8,(anonymous_1)
FN:15,(anonymous_2)
FNF:3
FNH:0
FNDA:0,(anonymous_0)
FNDA:0,(anonymous_1)
FNDA:0,(anonymous_2)
DA:5,0
DA:16,0
LF:2
LH:0
BRF:0
BRH:0
end_of_record
TN:
SF:src/baccarat/scenes/GameScene.js
FN:4,(anonymous_0)
FN:10,(anonymous_1)
FN:17,(anonymous_2)
FN:33,(anonymous_3)
FNF:4
FNH:0
FNDA:0,(anonymous_0)
FNDA:0,(anonymous_1)
FNDA:0,(anonymous_2)
FNDA:0,(anonymous_3)
DA:5,0
DA:6,0
DA:7,0
DA:12,0
DA:13,0
LF:5
LH:0
BRF:0
BRH:0
end_of_record
TN:
SF:src/baccarat/scenes/PreloadScene.js
FN:4,(anonymous_0)
FN:8,(anonymous_1)
FN:34,(anonymous_2)
FNF:3
FNH:0
FNDA:0,(anonymous_0)
FNDA:0,(anonymous_1)
FNDA:0,(anonymous_2)
DA:5,0
DA:38,0
DA:39,0
LF:3
LH:0
BRF:0
BRH:0
end_of_record
TN:
SF:src/baccarat/scenes/UIScene.js
FN:4,(anonymous_0)
FN:13,(anonymous_1)
FN:19,(anonymous_2)
FN:50,(anonymous_3)
FNF:4
FNH:0
FNDA:0,(anonymous_0)
FNDA:0,(anonymous_1)
FNDA:0,(anonymous_2)
FNDA:0,(anonymous_3)
DA:5,0
DA:6,0
DA:7,0
DA:14,0
DA:15,0
LF:5
LH:0
BRF:0
BRH:0
end_of_record
TN:
SF:src/blackjack/main.js
FNF:0
FNH:0
DA:8,0
DA:84,0
LF:2
LH:0
BRF:0
BRH:0
end_of_record
TN:
SF:src/blackjack/scenes/BootScene.js
FN:4,(anonymous_0)
FN:8,(anonymous_1)
FN:16,(anonymous_2)
FNF:3
FNH:0
FNDA:0,(anonymous_0)
FNDA:0,(anonymous_1)
FNDA:0,(anonymous_2)
DA:5,0
DA:9,0
DA:12,0
DA:13,0
DA:17,0
DA:20,0
DA:21,0
DA:24,0
DA:27,0
DA:36,0
DA:37,0
DA:38,0
DA:56,0
DA:57,0
DA:58,0
DA:70,0
DA:73,0
DA:76,0
DA:86,0
DA:87,0
LF:20
LH:0
BRDA:36,0,0,0
BRDA:36,0,1,0
BRDA:56,1,0,0
BRDA:56,1,1,0
BRF:4
BRH:0
end_of_record
TN:
SF:src/blackjack/scenes/GameScene.js
FN:7,(anonymous_0)
FN:27,(anonymous_1)
FN:45,(anonymous_2)
FN:54,(anonymous_3)
FN:61,(anonymous_4)
FN:72,(anonymous_5)
FN:81,(anonymous_6)
FN:85,(anonymous_7)
FN:86,(anonymous_8)
FN:87,(anonymous_9)
FN:94,(anonymous_10)
FN:108,(anonymous_11)
FN:126,(anonymous_12)
FN:168,(anonymous_13)
FN:175,(anonymous_14)
FN:200,(anonymous_15)
FN:222,(anonymous_16)
FN:224,(anonymous_17)
FN:227,(anonymous_18)
FN:235,(anonymous_19)
FN:236,(anonymous_20)
FN:248,(anonymous_21)
FN:252,(anonymous_22)
FN:272,(anonymous_23)
FN:273,(anonymous_24)
FN:276,(anonymous_25)
FN:298,(anonymous_26)
FN:315,(anonymous_27)
FN:325,(anonymous_28)
FN:330,(anonymous_29)
FN:335,(anonymous_30)
FN:341,(anonymous_31)
FN:352,(anonymous_32)
FN:360,(anonymous_33)
FNF:34
FNH:0
FNDA:0,(anonymous_0)
FNDA:0,(anonymous_1)
FNDA:0,(anonymous_2)
FNDA:0,(anonymous_3)
FNDA:0,(anonymous_4)
FNDA:0,(anonymous_5)
FNDA:0,(anonymous_6)
FNDA:0,(anonymous_7)
FNDA:0,(anonymous_8)
FNDA:0,(anonymous_9)
FNDA:0,(anonymous_10)
FNDA:0,(anonymous_11)
FNDA:0,(anonymous_12)
FNDA:0,(anonymous_13)
FNDA:0,(anonymous_14)
FNDA:0,(anonymous_15)
FNDA:0,(anonymous_16)
FNDA:0,(anonymous_17)
FNDA:0,(anonymous_18)
FNDA:0,(anonymous_19)
FNDA:0,(anonymous_20)
FNDA:0,(anonymous_21)
FNDA:0,(anonymous_22)
FNDA:0,(anonymous_23)
FNDA:0,(anonymous_24)
FNDA:0,(anonymous_25)
FNDA:0,(anonymous_26)
FNDA:0,(anonymous_27)
FNDA:0,(anonymous_28)
FNDA:0,(anonymous_29)
FNDA:0,(anonymous_30)
FNDA:0,(anonymous_31)
FNDA:0,(anonymous_32)
FNDA:0,(anonymous_33)
DA:3,0
DA:4,0
DA:8,0
DA:11,0
DA:12,0
DA:13,0
DA:14,0
DA:15,0
DA:18,0
DA:19,0
DA:20,0
DA:21,0
DA:23,0
DA:28,0
DA:29,0
DA:30,0
DA:31,0
DA:32,0
DA:34,0
DA:35,0
DA:36,0
DA:37,0
DA:40,0
DA:43,0
DA:44,0
DA:45,0
DA:46,0
DA:49,0
DA:50,0
DA:55,0
DA:56,0
DA:57,0
DA:62,0
DA:63,0
DA:64,0
DA:66,0
DA:67,0
DA:68,0
DA:70,0
DA:72,0
DA:73,0
DA:76,0
DA:77,0
DA:78,0
DA:82,0
DA:83,0
DA:85,0
DA:86,0
DA:87,0
DA:88,0
DA:89,0
DA:90,0
DA:92,0
DA:94,0
DA:95,0
DA:98,0
DA:99,0
DA:100,0
DA:102,0
DA:104,0
DA:109,0
DA:110,0
DA:111,0
DA:112,0
DA:114,0
DA:115,0
DA:117,0
DA:118,0
DA:119,0
DA:120,0
DA:122,0
DA:123,0
DA:126,0
DA:127,0
DA:128,0
DA:131,0
DA:132,0
DA:134,0
DA:136,0
DA:137,0
DA:138,0
DA:139,0
DA:145,0
DA:147,0
DA:149,0
DA:150,0
DA:151,0
DA:152,0
DA:155,0
DA:156,0
DA:157,0
DA:158,0
DA:159,0
DA:161,0
DA:162,0
DA:163,0
DA:164,0
DA:165,0
DA:169,0
DA:170,0
DA:171,0
DA:173,0
DA:175,0
DA:176,0
DA:177,0
DA:180,0
DA:181,0
DA:183,0
DA:185,0
DA:186,0
DA:187,0
DA:194,0
DA:195,0
DA:196,0
DA:197,0
DA:201,0
DA:204,0
DA:205,0
DA:206,0
DA:208,0
DA:209,0
DA:211,0
DA:223,0
DA:224,0
DA:225,0
DA:227,0
DA:228,0
DA:229,0
DA:230,0
DA:236,0
DA:237,0
DA:238,0
DA:239,0
DA:241,0
DA:243,0
DA:244,0
DA:245,0
DA:248,0
DA:249,0
DA:252,0
DA:253,0
DA:254,0
DA:256,0
DA:257,0
DA:259,0
DA:265,0
DA:266,0
DA:267,0
DA:273,0
DA:274,0
DA:276,0
DA:277,0
DA:278,0
DA:279,0
DA:280,0
DA:281,0
DA:282,0
DA:283,0
DA:285,0
DA:291,0
DA:292,0
DA:295,0
DA:300,0
DA:302,0
DA:304,0
DA:305,0
DA:306,0
DA:307,0
DA:308,0
DA:310,0
DA:316,0
DA:317,0
DA:318,0
DA:320,0
DA:321,0
DA:322,0
DA:325,0
DA:326,0
DA:328,0
DA:330,0
DA:331,0
DA:333,0
DA:335,0
DA:336,0
DA:338,0
DA:342,0
DA:343,0
DA:347,0
DA:348,0
DA:349,0
DA:353,0
DA:354,0
DA:355,0
DA:356,0
DA:361,0
DA:362,0
DA:363,0
DA:364,0
DA:365,0
DA:368,0
DA:370,0
DA:373,0
DA:374,0
DA:375,0
DA:376,0
DA:377,0
LF:206
LH:0
BRDA:32,0,0,0
BRDA:32,0,1,0
BRDA:34,1,0,0
BRDA:34,1,1,0
BRDA:34,2,0,0
BRDA:34,2,1,0
BRDA:34,2,2,0
BRDA:67,3,0,0
BRDA:67,3,1,0
BRDA:98,4,0,0
BRDA:98,4,1,0
BRDA:110,5,0,0
BRDA:110,5,1,0
BRDA:118,6,0,0
BRDA:118,6,1,0
BRDA:118,7,0,0
BRDA:118,7,1,0
BRDA:132,8,0,0
BRDA:132,8,1,0
BRDA:134,9,0,0
BRDA:134,9,1,0
BRDA:138,10,0,0
BRDA:138,10,1,0
BRDA:138,11,0,0
BRDA:138,11,1,0
BRDA:149,12,0,0
BRDA:149,12,1,0
BRDA:150,13,0,0
BRDA:150,13,1,0
BRDA:150,14,0,0
BRDA:150,14,1,0
BRDA:151,15,0,0
BRDA:151,15,1,0
BRDA:151,16,0,0
BRDA:151,16,1,0
BRDA:152,17,0,0
BRDA:152,17,1,0
BRDA:156,18,0,0
BRDA:156,18,1,0
BRDA:156,19,0,0
BRDA:156,19,1,0
BRDA:162,20,0,0
BRDA:162,20,1,0
BRDA:162,21,0,0
BRDA:162,21,1,0
BRDA:163,22,0,0
BRDA:163,22,1,0
BRDA:163,23,0,0
BRDA:163,23,1,0
BRDA:164,24,0,0
BRDA:164,24,1,0
BRDA:164,25,0,0
BRDA:164,25,1,0
BRDA:165,26,0,0
BRDA:165,26,1,0
BRDA:170,27,0,0
BRDA:170,27,1,0
BRDA:170,28,0,0
BRDA:170,28,1,0
BRDA:176,29,0,0
BRDA:176,29,1,0
BRDA:176,30,0,0
BRDA:176,30,1,0
BRDA:176,30,2,0
BRDA:181,31,0,0
BRDA:181,31,1,0
BRDA:183,32,0,0
BRDA:183,32,1,0
BRDA:186,33,0,0
BRDA:186,33,1,0
BRDA:186,34,0,0
BRDA:186,34,1,0
BRDA:194,35,0,0
BRDA:194,35,1,0
BRDA:195,36,0,0
BRDA:195,36,1,0
BRDA:195,37,0,0
BRDA:195,37,1,0
BRDA:196,38,0,0
BRDA:196,38,1,0
BRDA:196,39,0,0
BRDA:196,39,1,0
BRDA:197,40,0,0
BRDA:197,40,1,0
BRDA:201,41,0,0
BRDA:201,41,1,0
BRDA:228,42,0,0
BRDA:228,42,1,0
BRDA:237,43,0,0
BRDA:237,43,1,0
BRDA:243,44,0,0
BRDA:243,44,1,0
BRDA:243,45,0,0
BRDA:243,45,1,0
BRDA:244,46,0,0
BRDA:244,46,1,0
BRDA:249,47,0,0
BRDA:249,47,1,0
BRDA:253,48,0,0
BRDA:253,48,1,0
BRDA:278,49,0,0
BRDA:278,49,1,0
BRDA:278,50,0,0
BRDA:278,50,1,0
BRDA:279,51,0,0
BRDA:279,51,1,0
BRDA:280,52,0,0
BRDA:280,52,1,0
BRDA:281,53,0,0
BRDA:281,53,1,0
BRDA:281,54,0,0
BRDA:281,54,1,0
BRDA:281,55,0,0
BRDA:281,55,1,0
BRDA:282,56,0,0
BRDA:282,56,1,0
BRDA:282,57,0,0
BRDA:282,57,1,0
BRDA:283,58,0,0
BRDA:283,58,1,0
BRDA:283,59,0,0
BRDA:283,59,1,0
BRDA:300,60,0,0
BRDA:300,60,1,0
BRDA:300,61,0,0
BRDA:300,61,1,0
BRDA:300,61,2,0
BRDA:304,62,0,0
BRDA:304,62,1,0
BRDA:305,63,0,0
BRDA:305,63,1,0
BRDA:307,64,0,0
BRDA:307,64,1,0
BRDA:310,65,0,0
BRDA:310,65,1,0
BRDA:317,66,0,0
BRDA:317,66,1,0
BRDA:317,67,0,0
BRDA:317,67,1,0
BRDA:320,68,0,0
BRDA:320,68,1,0
BRDA:320,69,0,0
BRDA:320,69,1,0
BRDA:326,70,0,0
BRDA:326,70,1,0
BRDA:326,71,0,0
BRDA:326,71,1,0
BRDA:331,72,0,0
BRDA:331,72,1,0
BRDA:331,73,0,0
BRDA:331,73,1,0
BRDA:336,74,0,0
BRDA:336,74,1,0
BRDA:336,75,0,0
BRDA:336,75,1,0
BRDA:342,76,0,0
BRDA:342,76,1,0
BRDA:342,77,0,0
BRDA:342,77,1,0
BRDA:342,77,2,0
BRDA:353,78,0,0
BRDA:353,78,1,0
BRDA:353,79,0,0
BRDA:353,79,1,0
BRDA:353,79,2,0
BRDA:355,80,0,0
BRDA:355,80,1,0
BRDA:355,81,0,0
BRDA:355,81,1,0
BRDA:362,82,0,0
BRDA:362,82,1,0
BRDA:370,83,0,0
BRDA:370,83,1,0
BRDA:370,84,0,0
BRDA:370,84,1,0
BRF:175
BRH:0
end_of_record
TN:
SF:src/blackjack/scenes/PreloadScene.js
FN:4,(anonymous_0)
FN:8,(anonymous_1)
FN:39,(anonymous_2)
FN:46,(anonymous_3)
FN:64,(anonymous_4)
FN:65,(anonymous_5)
FN:76,(anonymous_6)
FN:82,(anonymous_7)
FN:109,(anonymous_8)
FNF:9
FNH:0
FNDA:0,(anonymous_0)
FNDA:0,(anonymous_1)
FNDA:0,(anonymous_2)
FNDA:0,(anonymous_3)
FNDA:0,(anonymous_4)
FNDA:0,(anonymous_5)
FNDA:0,(anonymous_6)
FNDA:0,(anonymous_7)
FNDA:0,(anonymous_8)
DA:5,0
DA:10,0
DA:11,0
DA:12,0
DA:13,0
DA:14,0
DA:23,0
DA:25,0
DA:34,0
DA:36,0
DA:37,0
DA:39,0
DA:40,0
DA:41,0
DA:42,0
DA:43,0
DA:46,0
DA:47,0
DA:48,0
DA:49,0
DA:50,0
DA:56,0
DA:57,0
DA:58,0
DA:61,0
DA:62,0
DA:64,0
DA:65,0
DA:66,0
DA:67,0
DA:68,0
DA:74,0
DA:75,0
DA:76,0
DA:77,0
DA:81,0
DA:82,0
DA:83,0
DA:85,0
DA:89,0
DA:90,0
DA:91,0
DA:92,0
DA:93,0
DA:94,0
DA:95,0
DA:99,0
DA:100,0
DA:101,0
DA:102,0
DA:103,0
DA:104,0
DA:105,0
DA:106,0
DA:112,0
DA:113,0
DA:115,0
LF:57
LH:0
BRDA:75,0,0,0
BRDA:75,0,1,0
BRDA:75,1,0,0
BRDA:75,1,1,0
BRDA:75,1,2,0
BRF:5
BRH:0
end_of_record
TN:
SF:src/blackjack/scenes/UIScene.js
FN:7,(anonymous_0)
FN:39,(anonymous_1)
FN:74,(anonymous_2)
FN:92,(anonymous_3)
FN:98,(anonymous_4)
FN:110,(anonymous_5)
FN:114,(anonymous_6)
FN:126,(anonymous_7)
FN:133,(anonymous_8)
FN:141,(anonymous_9)
FN:145,(anonymous_10)
FN:155,(anonymous_11)
FN:160,(anonymous_12)
FN:165,(anonymous_13)
FN:170,(anonymous_14)
FN:175,(anonymous_15)
FN:185,(anonymous_16)
FN:197,(anonymous_17)
FN:212,(anonymous_18)
FN:227,(anonymous_19)
FN:234,(anonymous_20)
FN:258,(anonymous_21)
FN:289,(anonymous_22)
FN:295,(anonymous_23)
FN:300,(anonymous_24)
FN:306,(anonymous_25)
FN:318,(anonymous_26)
FN:325,(anonymous_27)
FN:332,(anonymous_28)
FN:340,(anonymous_29)
FNF:30
FNH:0
FNDA:0,(anonymous_0)
FNDA:0,(anonymous_1)
FNDA:0,(anonymous_2)
FNDA:0,(anonymous_3)
FNDA:0,(anonymous_4)
FNDA:0,(anonymous_5)
FNDA:0,(anonymous_6)
FNDA:0,(anonymous_7)
FNDA:0,(anonymous_8)
FNDA:0,(anonymous_9)
FNDA:0,(anonymous_10)
FNDA:0,(anonymous_11)
FNDA:0,(anonymous_12)
FNDA:0,(anonymous_13)
FNDA:0,(anonymous_14)
FNDA:0,(anonymous_15)
FNDA:0,(anonymous_16)
FNDA:0,(anonymous_17)
FNDA:0,(anonymous_18)
FNDA:0,(anonymous_19)
FNDA:0,(anonymous_20)
FNDA:0,(anonymous_21)
FNDA:0,(anonymous_22)
FNDA:0,(anonymous_23)
FNDA:0,(anonymous_24)
FNDA:0,(anonymous_25)
FNDA:0,(anonymous_26)
FNDA:0,(anonymous_27)
FNDA:0,(anonymous_28)
FNDA:0,(anonymous_29)
DA:8,0
DA:11,0
DA:12,0
DA:13,0
DA:14,0
DA:16,0
DA:17,0
DA:18,0
DA:19,0
DA:20,0
DA:21,0
DA:22,0
DA:24,0
DA:25,0
DA:28,0
DA:29,0
DA:30,0
DA:33,0
DA:34,0
DA:35,0
DA:36,0
DA:40,0
DA:41,0
DA:42,0
DA:43,0
DA:44,0
DA:46,0
DA:47,0
DA:48,0
DA:51,0
DA:53,0
DA:55,0
DA:56,0
DA:57,0
DA:58,0
DA:59,0
DA:62,0
DA:63,0
DA:64,0
DA:65,0
DA:66,0
DA:67,0
DA:70,0
DA:71,0
DA:75,0
DA:76,0
DA:77,0
DA:78,0
DA:80,0
DA:81,0
DA:82,0
DA:83,0
DA:85,0
DA:86,0
DA:87,0
DA:88,0
DA:93,0
DA:94,0
DA:99,0
DA:100,0
DA:103,0
DA:105,0
DA:106,0
DA:107,0
DA:108,0
DA:110,0
DA:111,0
DA:115,0
DA:116,0
DA:117,0
DA:120,0
DA:121,0
DA:122,0
DA:127,0
DA:128,0
DA:134,0
DA:135,0
DA:142,0
DA:143,0
DA:145,0
DA:146,0
DA:147,0
DA:148,0
DA:149,0
DA:151,0
DA:152,0
DA:155,0
DA:156,0
DA:157,0
DA:160,0
DA:161,0
DA:162,0
DA:165,0
DA:166,0
DA:167,0
DA:170,0
DA:171,0
DA:172,0
DA:175,0
DA:176,0
DA:177,0
DA:178,0
DA:179,0
DA:181,0
DA:182,0
DA:185,0
DA:186,0
DA:187,0
DA:188,0
DA:189,0
DA:190,0
DA:192,0
DA:193,0
DA:198,0
DA:203,0
DA:204,0
DA:206,0
DA:208,0
DA:213,0
DA:214,0
DA:216,0
DA:217,0
DA:218,0
DA:219,0
DA:221,0
DA:222,0
DA:224,0
DA:228,0
DA:229,0
DA:230,0
DA:236,0
DA:238,0
DA:239,0
DA:240,0
DA:241,0
DA:242,0
DA:244,0
DA:245,0
DA:247,0
DA:248,0
DA:249,0
DA:250,0
DA:252,0
DA:253,0
DA:254,0
DA:255,0
DA:259,0
DA:260,0
DA:262,0
DA:263,0
DA:264,0
DA:265,0
DA:266,0
DA:267,0
DA:268,0
DA:269,0
DA:271,0
DA:272,0
DA:273,0
DA:275,0
DA:277,0
DA:278,0
DA:280,0
DA:285,0
DA:286,0
DA:290,0
DA:291,0
DA:292,0
DA:296,0
DA:301,0
DA:302,0
DA:303,0
DA:307,0
DA:308,0
DA:310,0
DA:311,0
DA:312,0
DA:314,0
DA:315,0
DA:316,0
DA:318,0
DA:319,0
DA:320,0
DA:321,0
DA:326,0
DA:327,0
DA:328,0
DA:329,0
DA:333,0
DA:334,0
DA:335,0
DA:336,0
DA:341,0
DA:342,0
DA:343,0
DA:344,0
DA:345,0
DA:346,0
DA:347,0
DA:348,0
LF:200
LH:0
BRDA:44,0,0,0
BRDA:44,0,1,0
BRDA:46,1,0,0
BRDA:46,1,1,0
BRDA:46,2,0,0
BRDA:46,2,1,0
BRDA:46,2,2,0
BRDA:51,3,0,0
BRDA:51,3,1,0
BRDA:51,3,2,0
BRDA:53,4,0,0
BRDA:53,4,1,0
BRDA:95,5,0,0
BRDA:95,5,1,0
BRDA:95,6,0,0
BRDA:95,6,1,0
BRDA:101,7,0,0
BRDA:101,7,1,0
BRDA:101,8,0,0
BRDA:101,8,1,0
BRDA:103,9,0,0
BRDA:103,9,1,0
BRDA:103,10,0,0
BRDA:103,10,1,0
BRDA:105,11,0,0
BRDA:105,11,1,0
BRDA:106,12,0,0
BRDA:106,12,1,0
BRDA:112,13,0,0
BRDA:112,13,1,0
BRDA:112,14,0,0
BRDA:112,14,1,0
BRDA:115,15,0,0
BRDA:115,15,1,0
BRDA:129,16,0,0
BRDA:129,16,1,0
BRDA:129,17,0,0
BRDA:129,17,1,0
BRDA:136,18,0,0
BRDA:136,18,1,0
BRDA:136,19,0,0
BRDA:136,19,1,0
BRDA:146,20,0,0
BRDA:146,20,1,0
BRDA:147,21,0,0
BRDA:147,21,1,0
BRDA:175,22,0,0
BRDA:175,22,1,0
BRDA:176,23,0,0
BRDA:176,23,1,0
BRDA:177,24,0,0
BRDA:177,24,1,0
BRDA:185,25,0,0
BRDA:185,25,1,0
BRDA:187,26,0,0
BRDA:187,26,1,0
BRDA:188,27,0,0
BRDA:188,27,1,0
BRDA:199,28,0,0
BRDA:199,28,1,0
BRDA:199,29,0,0
BRDA:199,29,1,0
BRDA:203,30,0,0
BRDA:203,30,1,0
BRDA:203,31,0,0
BRDA:203,31,1,0
BRDA:204,32,0,0
BRDA:204,32,1,0
BRDA:204,33,0,0
BRDA:204,33,1,0
BRDA:205,34,0,0
BRDA:205,34,1,0
BRDA:205,35,0,0
BRDA:205,35,1,0
BRDA:229,36,0,0
BRDA:229,36,1,0
BRDA:229,37,0,0
BRDA:229,37,1,0
BRDA:236,38,0,0
BRDA:236,38,1,0
BRDA:236,39,0,0
BRDA:236,39,1,0
BRDA:236,39,2,0
BRDA:245,40,0,0
BRDA:245,40,1,0
BRDA:247,41,0,0
BRDA:247,41,1,0
BRDA:247,42,0,0
BRDA:247,42,1,0
BRDA:248,43,0,0
BRDA:248,43,1,0
BRDA:248,44,0,0
BRDA:248,44,1,0
BRDA:249,45,0,0
BRDA:249,45,1,0
BRDA:249,46,0,0
BRDA:249,46,1,0
BRDA:250,47,0,0
BRDA:250,47,1,0
BRDA:250,48,0,0
BRDA:250,48,1,0
BRDA:277,49,0,0
BRDA:277,49,1,0
BRDA:291,50,0,0
BRDA:291,50,1,0
BRDA:291,51,0,0
BRDA:291,51,1,0
BRDA:296,52,0,0
BRDA:296,52,1,0
BRDA:296,53,0,0
BRDA:296,53,1,0
BRDA:307,54,0,0
BRDA:307,54,1,0
BRDA:310,55,0,0
BRDA:310,55,1,0
BRDA:311,56,0,0
BRDA:311,56,1,0
BRDA:312,57,0,0
BRDA:312,57,1,0
BRDA:312,58,0,0
BRDA:312,58,1,0
BRDA:312,59,0,0
BRDA:312,59,1,0
BRDA:314,60,0,0
BRDA:314,60,1,0
BRDA:314,60,2,0
BRDA:315,61,0,0
BRDA:315,61,1,0
BRDA:316,62,0,0
BRDA:316,62,1,0
BRDA:319,63,0,0
BRDA:319,63,1,0
BRDA:320,64,0,0
BRDA:320,64,1,0
BRDA:326,65,0,0
BRDA:326,65,1,0
BRDA:333,66,0,0
BRDA:333,66,1,0
BRDA:333,67,0,0
BRDA:333,67,1,0
BRDA:333,67,2,0
BRDA:335,68,0,0
BRDA:335,68,1,0
BRDA:335,69,0,0
BRDA:335,69,1,0
BRDA:342,70,0,0
BRDA:342,70,1,0
BRF:147
BRH:0
end_of_record
TN:
SF:src/components/ErrorMessage.vue
FN:149,render
FNF:1
FNH:1
FNDA:30,render
DA:4,1
DA:7,1
DA:126,1
DA:129,1
DA:130,1
DA:131,1
DA:136,1
DA:139,1
DA:142,1
DA:145,1
DA:150,30
DA:181,1
LF:12
LH:12
BRDA:150,0,0,26
BRDA:150,0,1,4
BRDA:150,1,0,26
BRDA:150,1,1,25
BRDA:159,2,0,26
BRDA:159,2,1,25
BRDA:161,3,0,26
BRDA:161,3,1,25
BRDA:166,4,0,26
BRDA:166,4,1,25
BRDA:177,5,0,1
BRDA:177,5,1,25
BRF:12
BRH:12
end_of_record
TN:
SF:src/components/Footer.vue
FN:10,(anonymous_0)
FN:41,render
FN:49,(anonymous_2)
FN:55,(anonymous_3)
FN:61,(anonymous_4)
FNF:5
FNH:5
FNDA:6,(anonymous_0)
FNDA:6,render
FNDA:6,(anonymous_2)
FNDA:6,(anonymous_3)
FNDA:6,(anonymous_4)
DA:4,1
DA:7,1
DA:8,1
DA:13,6
DA:17,6
DA:18,6
DA:22,6
DA:27,1
DA:30,1
DA:31,1
DA:32,1
DA:35,1
DA:38,1
DA:42,6
DA:43,6
DA:49,6
DA:55,6
DA:61,6
DA:64,1
LF:19
LH:19
BRDA:43,0,0,6
BRDA:43,0,1,6
BRDA:49,1,0,6
BRDA:49,1,1,6
BRDA:55,2,0,6
BRDA:55,2,1,6
BRDA:61,3,0,6
BRDA:61,3,1,6
BRF:8
BRH:8
end_of_record
TN:
SF:src/components/Header.vue
FN:262,render
FN:268,(anonymous_1)
FN:282,(anonymous_2)
FN:288,(anonymous_3)
FN:294,(anonymous_4)
FN:300,(anonymous_5)
FN:306,(anonymous_6)
FN:316,(anonymous_7)
FN:322,(anonymous_8)
FN:336,(anonymous_9)
FN:341,(anonymous_10)
FN:350,(anonymous_11)
FN:359,(anonymous_12)
FN:388,(anonymous_13)
FN:395,(anonymous_14)
FN:402,(anonymous_15)
FN:409,(anonymous_16)
FN:416,(anonymous_17)
FN:423,(anonymous_18)
FN:434,(anonymous_19)
FN:443,(anonymous_20)
FN:453,(anonymous_21)
FN:470,(anonymous_22)
FN:477,(anonymous_23)
FNF:24
FNH:0
FNDA:0,render
FNDA:0,(anonymous_1)
FNDA:0,(anonymous_2)
FNDA:0,(anonymous_3)
FNDA:0,(anonymous_4)
FNDA:0,(anonymous_5)
FNDA:0,(anonymous_6)
FNDA:0,(anonymous_7)
FNDA:0,(anonymous_8)
FNDA:0,(anonymous_9)
FNDA:0,(anonymous_10)
FNDA:0,(anonymous_11)
FNDA:0,(anonymous_12)
FNDA:0,(anonymous_13)
FNDA:0,(anonymous_14)
FNDA:0,(anonymous_15)
FNDA:0,(anonymous_16)
FNDA:0,(anonymous_17)
FNDA:0,(anonymous_18)
FNDA:0,(anonymous_19)
FNDA:0,(anonymous_20)
FNDA:0,(anonymous_21)
FNDA:0,(anonymous_22)
FNDA:0,(anonymous_23)
DA:4,0
DA:7,0
DA:8,0
DA:215,0
DA:216,0
DA:219,0
DA:220,0
DA:221,0
DA:222,0
DA:225,0
DA:228,0
DA:231,0
DA:235,0
DA:238,0
DA:243,0
DA:247,0
DA:250,0
DA:251,0
DA:255,0
DA:258,0
DA:263,0
DA:264,0
DA:268,0
DA:282,0
DA:288,0
DA:294,0
DA:300,0
DA:306,0
DA:316,0
DA:322,0
DA:336,0
DA:341,0
DA:350,0
DA:359,0
DA:388,0
DA:395,0
DA:402,0
DA:409,0
DA:416,0
DA:423,0
DA:434,0
DA:443,0
DA:453,0
DA:470,0
DA:477,0
DA:482,0
LF:46
LH:0
BRDA:265,0,0,0
BRDA:265,0,1,0
BRDA:268,1,0,0
BRDA:268,1,1,0
BRDA:276,2,0,0
BRDA:276,2,1,0
BRDA:282,3,0,0
BRDA:282,3,1,0
BRDA:288,4,0,0
BRDA:288,4,1,0
BRDA:294,5,0,0
BRDA:294,5,1,0
BRDA:300,6,0,0
BRDA:300,6,1,0
BRDA:306,7,0,0
BRDA:306,7,1,0
BRDA:308,8,0,0
BRDA:308,8,1,0
BRDA:308,9,0,0
BRDA:308,9,1,0
BRDA:308,10,0,0
BRDA:308,10,1,0
BRDA:310,11,0,0
BRDA:310,11,1,0
BRDA:316,12,0,0
BRDA:316,12,1,0
BRDA:322,13,0,0
BRDA:322,13,1,0
BRDA:324,14,0,0
BRDA:324,14,1,0
BRDA:324,15,0,0
BRDA:324,15,1,0
BRDA:327,16,0,0
BRDA:327,16,1,0
BRDA:336,17,0,0
BRDA:336,17,1,0
BRDA:341,18,0,0
BRDA:341,18,1,0
BRDA:350,19,0,0
BRDA:350,19,1,0
BRDA:354,20,0,0
BRDA:354,20,1,0
BRDA:359,21,0,0
BRDA:359,21,1,0
BRDA:363,22,0,0
BRDA:363,22,1,0
BRDA:369,23,0,0
BRDA:369,23,1,0
BRDA:376,24,0,0
BRDA:376,24,1,0
BRDA:378,25,0,0
BRDA:378,25,1,0
BRDA:384,26,0,0
BRDA:384,26,1,0
BRDA:388,27,0,0
BRDA:388,27,1,0
BRDA:388,28,0,0
BRDA:388,28,1,0
BRDA:395,29,0,0
BRDA:395,29,1,0
BRDA:402,30,0,0
BRDA:402,30,1,0
BRDA:409,31,0,0
BRDA:409,31,1,0
BRDA:416,32,0,0
BRDA:416,32,1,0
BRDA:423,33,0,0
BRDA:423,33,1,0
BRDA:425,34,0,0
BRDA:425,34,1,0
BRDA:425,35,0,0
BRDA:425,35,1,0
BRDA:425,36,0,0
BRDA:425,36,1,0
BRDA:427,37,0,0
BRDA:427,37,1,0
BRDA:434,38,0,0
BRDA:434,38,1,0
BRDA:443,39,0,0
BRDA:443,39,1,0
BRDA:447,40,0,0
BRDA:447,40,1,0
BRDA:453,41,0,0
BRDA:453,41,1,0
BRDA:461,42,0,0
BRDA:461,42,1,0
BRDA:470,43,0,0
BRDA:470,43,1,0
BRDA:477,44,0,0
BRDA:477,44,1,0
BRF:90
BRH:0
end_of_record
TN:
SF:src/components/LeftNavigation.vue
FN:31,render
FN:40,(anonymous_1)
FN:49,(anonymous_2)
FN:58,(anonymous_3)
FN:67,(anonymous_4)
FN:76,(anonymous_5)
FN:85,(anonymous_6)
FN:96,(anonymous_7)
FN:105,(anonymous_8)
FN:114,(anonymous_9)
FN:123,(anonymous_10)
FN:132,(anonymous_11)
FN:141,(anonymous_12)
FN:152,(anonymous_13)
FN:161,(anonymous_14)
FN:170,(anonymous_15)
FNF:16
FNH:0
FNDA:0,render
FNDA:0,(anonymous_1)
FNDA:0,(anonymous_2)
FNDA:0,(anonymous_3)
FNDA:0,(anonymous_4)
FNDA:0,(anonymous_5)
FNDA:0,(anonymous_6)
FNDA:0,(anonymous_7)
FNDA:0,(anonymous_8)
FNDA:0,(anonymous_9)
FNDA:0,(anonymous_10)
FNDA:0,(anonymous_11)
FNDA:0,(anonymous_12)
FNDA:0,(anonymous_13)
FNDA:0,(anonymous_14)
FNDA:0,(anonymous_15)
DA:4,0
DA:7,0
DA:8,0
DA:12,0
DA:14,0
DA:17,0
DA:18,0
DA:19,0
DA:22,0
DA:25,0
DA:28,0
DA:32,0
DA:33,0
DA:40,0
DA:49,0
DA:58,0
DA:67,0
DA:76,0
DA:85,0
DA:96,0
DA:105,0
DA:114,0
DA:123,0
DA:132,0
DA:141,0
DA:152,0
DA:161,0
DA:170,0
DA:175,0
LF:29
LH:0
BRDA:33,0,0,0
BRDA:33,0,1,0
BRDA:40,1,0,0
BRDA:40,1,1,0
BRDA:42,2,0,0
BRDA:42,2,1,0
BRDA:49,3,0,0
BRDA:49,3,1,0
BRDA:51,4,0,0
BRDA:51,4,1,0
BRDA:58,5,0,0
BRDA:58,5,1,0
BRDA:60,6,0,0
BRDA:60,6,1,0
BRDA:67,7,0,0
BRDA:67,7,1,0
BRDA:69,8,0,0
BRDA:69,8,1,0
BRDA:76,9,0,0
BRDA:76,9,1,0
BRDA:78,10,0,0
BRDA:78,10,1,0
BRDA:85,11,0,0
BRDA:85,11,1,0
BRDA:87,12,0,0
BRDA:87,12,1,0
BRDA:89,13,0,0
BRDA:89,13,1,0
BRDA:96,14,0,0
BRDA:96,14,1,0
BRDA:105,15,0,0
BRDA:105,15,1,0
BRDA:114,16,0,0
BRDA:114,16,1,0
BRDA:123,17,0,0
BRDA:123,17,1,0
BRDA:132,18,0,0
BRDA:132,18,1,0
BRDA:141,19,0,0
BRDA:141,19,1,0
BRDA:145,20,0,0
BRDA:145,20,1,0
BRDA:152,21,0,0
BRDA:152,21,1,0
BRDA:161,22,0,0
BRDA:161,22,1,0
BRDA:170,23,0,0
BRDA:170,23,1,0
BRF:48
BRH:0
end_of_record
TN:
SF:src/components/placeholders/NotFound.vue
FN:10,(anonymous_0)
FN:38,render
FN:52,(anonymous_2)
FNF:3
FNH:0
FNDA:0,(anonymous_0)
FNDA:0,render
FNDA:0,(anonymous_2)
DA:4,0
DA:7,0
DA:8,0
DA:13,0
DA:17,0
DA:18,0
DA:22,0
DA:27,0
DA:30,0
DA:31,0
DA:32,0
DA:35,0
DA:39,0
DA:40,0
DA:52,0
DA:55,0
LF:16
LH:0
BRDA:40,0,0,0
BRDA:40,0,1,0
BRDA:42,1,0,0
BRDA:42,1,1,0
BRDA:44,2,0,0
BRDA:44,2,1,0
BRDA:46,3,0,0
BRDA:46,3,1,0
BRDA:52,4,0,0
BRDA:52,4,1,0
BRF:10
BRH:0
end_of_record
TN:
SF:src/components/placeholders/PlaceholderContent.vue
FN:78,render
FN:86,(anonymous_1)
FNF:2
FNH:0
FNDA:0,render
FNDA:0,(anonymous_1)
DA:4,0
DA:7,0
DA:64,0
DA:67,0
DA:68,0
DA:69,0
DA:72,0
DA:75,0
DA:79,0
DA:80,0
DA:86,0
DA:89,0
LF:12
LH:0
BRDA:80,0,0,0
BRDA:80,0,1,0
BRDA:86,1,0,0
BRDA:86,1,1,0
BRF:4
BRH:0
end_of_record
TN:
SF:src/phaser/main.js
FNF:0
FNH:0
DA:9,0
LF:1
LH:0
BRF:0
BRH:0
end_of_record
TN:
SF:src/phaser/scenes/BonusHoldAndWinScene.js
FN:5,(anonymous_0)
FN:39,(anonymous_1)
FN:65,(anonymous_2)
FN:74,(anonymous_3)
FN:94,(anonymous_4)
FN:125,(anonymous_5)
FN:130,(anonymous_6)
FN:146,(anonymous_7)
FN:163,(anonymous_8)
FN:190,(anonymous_9)
FN:197,(anonymous_10)
FN:202,(anonymous_11)
FN:231,(anonymous_12)
FN:241,(anonymous_13)
FN:246,(anonymous_14)
FN:249,(anonymous_15)
FN:257,(anonymous_16)
FN:263,(anonymous_17)
FN:320,(anonymous_18)
FN:335,(anonymous_19)
FN:361,(anonymous_20)
FN:368,(anonymous_21)
FN:386,(anonymous_22)
FN:398,(anonymous_23)
FN:402,(anonymous_24)
FN:413,(anonymous_25)
FNF:26
FNH:0
FNDA:0,(anonymous_0)
FNDA:0,(anonymous_1)
FNDA:0,(anonymous_2)
FNDA:0,(anonymous_3)
FNDA:0,(anonymous_4)
FNDA:0,(anonymous_5)
FNDA:0,(anonymous_6)
FNDA:0,(anonymous_7)
FNDA:0,(anonymous_8)
FNDA:0,(anonymous_9)
FNDA:0,(anonymous_10)
FNDA:0,(anonymous_11)
FNDA:0,(anonymous_12)
FNDA:0,(anonymous_13)
FNDA:0,(anonymous_14)
FNDA:0,(anonymous_15)
FNDA:0,(anonymous_16)
FNDA:0,(anonymous_17)
FNDA:0,(anonymous_18)
FNDA:0,(anonymous_19)
FNDA:0,(anonymous_20)
FNDA:0,(anonymous_21)
FNDA:0,(anonymous_22)
FNDA:0,(anonymous_23)
FNDA:0,(anonymous_24)
FNDA:0,(anonymous_25)
DA:6,0
DA:9,0
DA:18,0
DA:19,0
DA:20,0
DA:22,0
DA:23,0
DA:24,0
DA:25,0
DA:28,0
DA:29,0
DA:30,0
DA:31,0
DA:33,0
DA:34,0
DA:35,0
DA:36,0
DA:40,0
DA:41,0
DA:42,0
DA:43,0
DA:44,0
DA:45,0
DA:46,0
DA:49,0
DA:50,0
DA:52,0
DA:56,0
DA:59,0
DA:60,0
DA:61,0
DA:62,0
DA:66,0
DA:74,0
DA:75,0
DA:89,0
DA:90,0
DA:95,0
DA:96,0
DA:97,0
DA:98,0
DA:100,0
DA:101,0
DA:102,0
DA:103,0
DA:104,0
DA:106,0
DA:107,0
DA:110,0
DA:111,0
DA:112,0
DA:113,0
DA:114,0
DA:115,0
DA:117,0
DA:118,0
DA:121,0
DA:131,0
DA:134,0
DA:135,0
DA:136,0
DA:138,0
DA:139,0
DA:142,0
DA:143,0
DA:147,0
DA:149,0
DA:150,0
DA:151,0
DA:152,0
DA:154,0
DA:155,0
DA:157,0
DA:158,0
DA:159,0
DA:160,0
DA:164,0
DA:165,0
DA:167,0
DA:168,0
DA:169,0
DA:171,0
DA:172,0
DA:173,0
DA:174,0
DA:176,0
DA:178,0
DA:179,0
DA:184,0
DA:187,0
DA:191,0
DA:192,0
DA:193,0
DA:194,0
DA:195,0
DA:196,0
DA:197,0
DA:198,0
DA:203,0
DA:204,0
DA:205,0
DA:208,0
DA:213,0
DA:218,0
DA:224,0
DA:231,0
DA:232,0
DA:233,0
DA:238,0
DA:242,0
DA:243,0
DA:247,0
DA:248,0
DA:249,0
DA:253,0
DA:258,0
DA:259,0
DA:260,0
DA:263,0
DA:264,0
DA:265,0
DA:266,0
DA:269,0
DA:272,0
DA:273,0
DA:275,0
DA:276,0
DA:277,0
DA:281,0
DA:282,0
DA:284,0
DA:285,0
DA:286,0
DA:289,0
DA:290,0
DA:293,0
DA:299,0
DA:300,0
DA:302,0
DA:304,0
DA:306,0
DA:307,0
DA:308,0
DA:316,0
DA:317,0
DA:321,0
DA:322,0
DA:323,0
DA:324,0
DA:325,0
DA:327,0
DA:330,0
DA:331,0
DA:332,0
DA:333,0
DA:335,0
DA:336,0
DA:338,0
DA:339,0
DA:340,0
DA:343,0
DA:347,0
DA:349,0
DA:350,0
DA:351,0
DA:352,0
DA:353,0
DA:354,0
DA:356,0
DA:362,0
DA:363,0
DA:364,0
DA:366,0
DA:368,0
DA:369,0
DA:370,0
DA:371,0
DA:372,0
DA:373,0
DA:374,0
DA:377,0
DA:378,0
DA:383,0
DA:387,0
DA:388,0
DA:389,0
DA:390,0
DA:391,0
DA:395,0
DA:399,0
DA:403,0
DA:404,0
DA:405,0
DA:406,0
DA:407,0
DA:410,0
DA:413,0
DA:414,0
LF:198
LH:0
BRDA:44,0,0,0
BRDA:44,0,1,0
BRDA:45,1,0,0
BRDA:45,1,1,0
BRDA:49,2,0,0
BRDA:49,2,1,0
BRDA:59,3,0,0
BRDA:59,3,1,0
BRDA:60,4,0,0
BRDA:60,4,1,0
BRDA:61,5,0,0
BRDA:61,5,1,0
BRDA:62,6,0,0
BRDA:62,6,1,0
BRDA:75,7,0,0
BRDA:75,7,1,0
BRDA:75,8,0,0
BRDA:75,8,1,0
BRDA:89,9,0,0
BRDA:89,9,1,0
BRDA:106,10,0,0
BRDA:106,10,1,0
BRDA:106,11,0,0
BRDA:106,11,1,0
BRDA:111,12,0,0
BRDA:111,12,1,0
BRDA:114,13,0,0
BRDA:114,13,1,0
BRDA:114,14,0,0
BRDA:114,14,1,0
BRDA:117,15,0,0
BRDA:117,15,1,0
BRDA:135,16,0,0
BRDA:135,16,1,0
BRDA:136,17,0,0
BRDA:136,17,1,0
BRDA:143,18,0,0
BRDA:143,18,1,0
BRDA:149,19,0,0
BRDA:149,19,1,0
BRDA:149,20,0,0
BRDA:149,20,1,0
BRDA:151,21,0,0
BRDA:151,21,1,0
BRDA:168,22,0,0
BRDA:168,22,1,0
BRDA:169,23,0,0
BRDA:169,23,1,0
BRDA:232,24,0,0
BRDA:232,24,1,0
BRDA:247,25,0,0
BRDA:247,25,1,0
BRDA:257,26,0,0
BRDA:258,27,0,0
BRDA:258,27,1,0
BRDA:264,28,0,0
BRDA:264,28,1,0
BRDA:273,29,0,0
BRDA:273,29,1,0
BRDA:275,30,0,0
BRDA:275,30,1,0
BRDA:304,31,0,0
BRDA:304,31,1,0
BRDA:310,32,0,0
BRDA:310,32,1,0
BRDA:322,33,0,0
BRDA:322,33,1,0
BRDA:322,34,0,0
BRDA:322,34,1,0
BRDA:323,35,0,0
BRDA:323,35,1,0
BRDA:324,36,0,0
BRDA:324,36,1,0
BRDA:338,37,0,0
BRDA:338,37,1,0
BRDA:339,38,0,0
BRDA:339,38,1,0
BRDA:349,39,0,0
BRDA:349,39,1,0
BRDA:352,40,0,0
BRDA:352,40,1,0
BRDA:364,41,0,0
BRDA:364,41,1,0
BRDA:366,42,0,0
BRDA:366,42,1,0
BRDA:369,43,0,0
BRDA:369,43,1,0
BRDA:371,44,0,0
BRDA:371,44,1,0
BRDA:371,45,0,0
BRDA:371,45,1,0
BRDA:373,46,0,0
BRDA:373,46,1,0
BRDA:373,47,0,0
BRDA:373,47,1,0
BRDA:377,48,0,0
BRDA:377,48,1,0
BRDA:390,49,0,0
BRDA:390,49,1,0
BRF:99
BRH:0
end_of_record
TN:
SF:src/phaser/scenes/BootScene.js
FN:6,(anonymous_0)
FN:10,(anonymous_1)
FN:25,(anonymous_2)
FN:116,(anonymous_3)
FNF:4
FNH:0
FNDA:0,(anonymous_0)
FNDA:0,(anonymous_1)
FNDA:0,(anonymous_2)
FNDA:0,(anonymous_3)
DA:7,0
DA:12,0
DA:21,0
DA:22,0
DA:26,0
DA:32,0
DA:33,0
DA:34,0
DA:36,0
DA:37,0
DA:38,0
DA:39,0
DA:41,0
DA:42,0
DA:43,0
DA:45,0
DA:46,0
DA:52,0
DA:54,0
DA:55,0
DA:57,0
DA:59,0
DA:60,0
DA:61,0
DA:62,0
DA:63,0
DA:64,0
DA:66,0
DA:67,0
DA:70,0
DA:71,0
DA:72,0
DA:73,0
DA:74,0
DA:75,0
DA:76,0
DA:78,0
DA:79,0
DA:82,0
DA:85,0
DA:86,0
DA:87,0
DA:88,0
DA:91,0
DA:92,0
DA:97,0
DA:98,0
DA:100,0
DA:101,0
DA:102,0
DA:103,0
DA:106,0
DA:107,0
DA:108,0
DA:109,0
DA:112,0
DA:113,0
DA:118,0
DA:125,0
LF:59
LH:0
BRDA:36,0,0,0
BRDA:36,0,1,0
BRDA:36,1,0,0
BRDA:36,1,1,0
BRDA:42,2,0,0
BRDA:42,2,1,0
BRDA:42,3,0,0
BRDA:42,3,1,0
BRDA:52,4,0,0
BRDA:52,4,1,0
BRDA:52,5,0,0
BRDA:52,5,1,0
BRDA:55,6,0,0
BRDA:55,6,1,0
BRDA:55,7,0,0
BRDA:55,7,1,0
BRDA:63,8,0,0
BRDA:63,8,1,0
BRDA:63,9,0,0
BRDA:63,9,1,0
BRDA:70,10,0,0
BRDA:70,10,1,0
BRDA:75,11,0,0
BRDA:75,11,1,0
BRDA:75,12,0,0
BRDA:75,12,1,0
BRDA:85,13,0,0
BRDA:85,13,1,0
BRDA:85,14,0,0
BRDA:85,14,1,0
BRDA:87,15,0,0
BRDA:87,15,1,0
BRDA:100,16,0,0
BRDA:100,16,1,0
BRDA:100,17,0,0
BRDA:100,17,1,0
BRDA:102,18,0,0
BRDA:102,18,1,0
BRDA:106,19,0,0
BRDA:106,19,1,0
BRDA:106,20,0,0
BRDA:106,20,1,0
BRDA:108,21,0,0
BRDA:108,21,1,0
BRF:44
BRH:0
end_of_record
TN:
SF:src/phaser/scenes/GameScene.js
FN:16,(anonymous_0)
FN:62,(anonymous_1)
FN:121,(anonymous_2)
FN:125,(anonymous_3)
FN:135,(anonymous_4)
FN:136,(anonymous_5)
FN:139,(anonymous_6)
FN:146,(anonymous_7)
FN:147,(anonymous_8)
FN:153,(anonymous_9)
FN:169,(anonymous_10)
FN:174,(anonymous_11)
FN:199,(anonymous_12)
FN:244,(anonymous_13)
FN:250,(anonymous_14)
FN:274,(anonymous_15)
FN:279,(anonymous_16)
FN:311,(anonymous_17)
FN:324,(anonymous_18)
FN:328,(anonymous_19)
FN:346,(anonymous_20)
FN:377,(anonymous_21)
FN:383,(anonymous_22)
FN:384,(anonymous_23)
FN:408,(anonymous_24)
FN:409,(anonymous_25)
FN:410,(anonymous_26)
FN:421,(anonymous_27)
FN:440,(anonymous_28)
FN:457,(anonymous_29)
FN:458,(anonymous_30)
FN:470,(anonymous_31)
FN:479,(anonymous_32)
FN:481,(anonymous_33)
FN:502,(anonymous_34)
FN:578,(anonymous_35)
FN:590,(anonymous_36)
FN:607,(anonymous_37)
FN:616,(anonymous_38)
FN:636,(anonymous_39)
FN:640,(anonymous_40)
FN:652,(anonymous_41)
FN:670,(anonymous_42)
FN:680,(anonymous_43)
FN:689,(anonymous_44)
FN:714,(anonymous_45)
FN:716,(anonymous_46)
FN:727,(anonymous_47)
FN:737,(anonymous_48)
FN:755,(anonymous_49)
FN:768,(anonymous_50)
FN:770,(anonymous_51)
FN:821,(anonymous_52)
FN:825,(anonymous_53)
FN:835,(anonymous_54)
FN:842,(anonymous_55)
FN:861,(anonymous_56)
FN:867,(anonymous_57)
FN:879,(anonymous_58)
FN:892,(anonymous_59)
FN:899,(anonymous_60)
FN:907,(anonymous_61)
FN:909,(anonymous_62)
FN:909,(anonymous_63)
FN:913,(anonymous_64)
FN:922,(anonymous_65)
FNF:66
FNH:0
FNDA:0,(anonymous_0)
FNDA:0,(anonymous_1)
FNDA:0,(anonymous_2)
FNDA:0,(anonymous_3)
FNDA:0,(anonymous_4)
FNDA:0,(anonymous_5)
FNDA:0,(anonymous_6)
FNDA:0,(anonymous_7)
FNDA:0,(anonymous_8)
FNDA:0,(anonymous_9)
FNDA:0,(anonymous_10)
FNDA:0,(anonymous_11)
FNDA:0,(anonymous_12)
FNDA:0,(anonymous_13)
FNDA:0,(anonymous_14)
FNDA:0,(anonymous_15)
FNDA:0,(anonymous_16)
FNDA:0,(anonymous_17)
FNDA:0,(anonymous_18)
FNDA:0,(anonymous_19)
FNDA:0,(anonymous_20)
FNDA:0,(anonymous_21)
FNDA:0,(anonymous_22)
FNDA:0,(anonymous_23)
FNDA:0,(anonymous_24)
FNDA:0,(anonymous_25)
FNDA:0,(anonymous_26)
FNDA:0,(anonymous_27)
FNDA:0,(anonymous_28)
FNDA:0,(anonymous_29)
FNDA:0,(anonymous_30)
FNDA:0,(anonymous_31)
FNDA:0,(anonymous_32)
FNDA:0,(anonymous_33)
FNDA:0,(anonymous_34)
FNDA:0,(anonymous_35)
FNDA:0,(anonymous_36)
FNDA:0,(anonymous_37)
FNDA:0,(anonymous_38)
FNDA:0,(anonymous_39)
FNDA:0,(anonymous_40)
FNDA:0,(anonymous_41)
FNDA:0,(anonymous_42)
FNDA:0,(anonymous_43)
FNDA:0,(anonymous_44)
FNDA:0,(anonymous_45)
FNDA:0,(anonymous_46)
FNDA:0,(anonymous_47)
FNDA:0,(anonymous_48)
FNDA:0,(anonymous_49)
FNDA:0,(anonymous_50)
FNDA:0,(anonymous_51)
FNDA:0,(anonymous_52)
FNDA:0,(anonymous_53)
FNDA:0,(anonymous_54)
FNDA:0,(anonymous_55)
FNDA:0,(anonymous_56)
FNDA:0,(anonymous_57)
FNDA:0,(anonymous_58)
FNDA:0,(anonymous_59)
FNDA:0,(anonymous_60)
FNDA:0,(anonymous_61)
FNDA:0,(anonymous_62)
FNDA:0,(anonymous_63)
FNDA:0,(anonymous_64)
FNDA:0,(anonymous_65)
DA:6,0
DA:7,0
DA:8,0
DA:9,0
DA:10,0
DA:11,0
DA:12,0
DA:17,0
DA:20,0
DA:21,0
DA:22,0
DA:23,0
DA:24,0
DA:25,0
DA:26,0
DA:27,0
DA:28,0
DA:29,0
DA:30,0
DA:31,0
DA:34,0
DA:35,0
DA:38,0
DA:39,0
DA:40,0
DA:42,0
DA:55,0
DA:56,0
DA:57,0
DA:63,0
DA:65,0
DA:66,0
DA:68,0
DA:69,0
DA:70,0
DA:71,0
DA:72,0
DA:74,0
DA:75,0
DA:76,0
DA:77,0
DA:80,0
DA:81,0
DA:83,0
DA:84,0
DA:86,0
DA:87,0
DA:88,0
DA:89,0
DA:90,0
DA:91,0
DA:93,0
DA:96,0
DA:97,0
DA:98,0
DA:99,0
DA:102,0
DA:103,0
DA:104,0
DA:106,0
DA:107,0
DA:108,0
DA:109,0
DA:111,0
DA:112,0
DA:113,0
DA:114,0
DA:115,0
DA:116,0
DA:117,0
DA:121,0
DA:122,0
DA:123,0
DA:125,0
DA:126,0
DA:127,0
DA:128,0
DA:131,0
DA:135,0
DA:136,0
DA:140,0
DA:141,0
DA:142,0
DA:143,0
DA:144,0
DA:146,0
DA:147,0
DA:148,0
DA:149,0
DA:152,0
DA:153,0
DA:154,0
DA:155,0
DA:157,0
DA:158,0
DA:159,0
DA:161,0
DA:164,0
DA:165,0
DA:170,0
DA:171,0
DA:175,0
DA:176,0
DA:179,0
DA:180,0
DA:181,0
DA:182,0
DA:184,0
DA:186,0
DA:187,0
DA:188,0
DA:191,0
DA:192,0
DA:193,0
DA:196,0
DA:200,0
DA:201,0
DA:202,0
DA:204,0
DA:205,0
DA:206,0
DA:207,0
DA:210,0
DA:212,0
DA:213,0
DA:214,0
DA:215,0
DA:217,0
DA:219,0
DA:220,0
DA:221,0
DA:222,0
DA:225,0
DA:229,0
DA:230,0
DA:233,0
DA:234,0
DA:235,0
DA:236,0
DA:237,0
DA:240,0
DA:246,0
DA:247,0
DA:254,0
DA:255,0
DA:256,0
DA:257,0
DA:259,0
DA:263,0
DA:265,0
DA:266,0
DA:268,0
DA:270,0
DA:271,0
DA:274,0
DA:275,0
DA:280,0
DA:281,0
DA:282,0
DA:283,0
DA:285,0
DA:287,0
DA:288,0
DA:289,0
DA:290,0
DA:291,0
DA:294,0
DA:295,0
DA:298,0
DA:299,0
DA:300,0
DA:301,0
DA:305,0
DA:306,0
DA:307,0
DA:312,0
DA:325,0
DA:329,0
DA:341,0
DA:347,0
DA:348,0
DA:352,0
DA:353,0
DA:357,0
DA:361,0
DA:363,0
DA:364,0
DA:365,0
DA:367,0
DA:368,0
DA:369,0
DA:373,0
DA:374,0
DA:378,0
DA:379,0
DA:380,0
DA:383,0
DA:384,0
DA:385,0
DA:387,0
DA:389,0
DA:390,0
DA:391,0
DA:392,0
DA:394,0
DA:399,0
DA:401,0
DA:402,0
DA:404,0
DA:405,0
DA:406,0
DA:408,0
DA:409,0
DA:410,0
DA:411,0
DA:412,0
DA:413,0
DA:414,0
DA:422,0
DA:423,0
DA:424,0
DA:425,0
DA:426,0
DA:429,0
DA:431,0
DA:433,0
DA:434,0
DA:436,0
DA:437,0
DA:440,0
DA:441,0
DA:443,0
DA:444,0
DA:445,0
DA:446,0
DA:448,0
DA:452,0
DA:458,0
DA:459,0
DA:461,0
DA:462,0
DA:463,0
DA:464,0
DA:466,0
DA:471,0
DA:472,0
DA:475,0
DA:476,0
DA:479,0
DA:480,0
DA:481,0
DA:482,0
DA:483,0
DA:486,0
DA:487,0
DA:489,0
DA:490,0
DA:491,0
DA:493,0
DA:496,0
DA:497,0
DA:503,0
DA:504,0
DA:505,0
DA:508,0
DA:509,0
DA:510,0
DA:511,0
DA:512,0
DA:517,0
DA:520,0
DA:521,0
DA:522,0
DA:523,0
DA:524,0
DA:525,0
DA:528,0
DA:534,0
DA:536,0
DA:537,0
DA:538,0
DA:541,0
DA:544,0
DA:550,0
DA:552,0
DA:553,0
DA:554,0
DA:555,0
DA:559,0
DA:561,0
DA:562,0
DA:564,0
DA:572,0
DA:574,0
DA:581,0
DA:583,0
DA:584,0
DA:585,0
DA:587,0
DA:588,0
DA:590,0
DA:591,0
DA:592,0
DA:596,0
DA:600,0
DA:602,0
DA:606,0
DA:607,0
DA:608,0
DA:609,0
DA:610,0
DA:611,0
DA:612,0
DA:613,0
DA:615,0
DA:616,0
DA:617,0
DA:618,0
DA:620,0
DA:623,0
DA:625,0
DA:627,0
DA:628,0
DA:629,0
DA:630,0
DA:631,0
DA:633,0
DA:637,0
DA:640,0
DA:641,0
DA:642,0
DA:644,0
DA:645,0
DA:647,0
DA:650,0
DA:652,0
DA:653,0
DA:654,0
DA:656,0
DA:659,0
DA:660,0
DA:661,0
DA:663,0
DA:672,0
DA:673,0
DA:674,0
DA:681,0
DA:683,0
DA:690,0
DA:695,0
DA:696,0
DA:697,0
DA:702,0
DA:703,0
DA:704,0
DA:708,0
DA:710,0
DA:713,0
DA:714,0
DA:715,0
DA:716,0
DA:717,0
DA:718,0
DA:724,0
DA:726,0
DA:727,0
DA:728,0
DA:729,0
DA:735,0
DA:736,0
DA:737,0
DA:738,0
DA:739,0
DA:740,0
DA:741,0
DA:742,0
DA:743,0
DA:747,0
DA:748,0
DA:749,0
DA:750,0
DA:751,0
DA:752,0
DA:753,0
DA:755,0
DA:756,0
DA:763,0
DA:770,0
DA:771,0
DA:772,0
DA:774,0
DA:775,0
DA:776,0
DA:777,0
DA:779,0
DA:780,0
DA:783,0
DA:787,0
DA:788,0
DA:789,0
DA:790,0
DA:791,0
DA:793,0
DA:794,0
DA:795,0
DA:796,0
DA:798,0
DA:799,0
DA:804,0
DA:805,0
DA:806,0
DA:807,0
DA:809,0
DA:810,0
DA:811,0
DA:815,0
DA:816,0
DA:822,0
DA:826,0
DA:827,0
DA:828,0
DA:829,0
DA:836,0
DA:837,0
DA:838,0
DA:839,0
DA:843,0
DA:844,0
DA:846,0
DA:847,0
DA:848,0
DA:849,0
DA:852,0
DA:853,0
DA:854,0
DA:862,0
DA:863,0
DA:868,0
DA:871,0
DA:872,0
DA:873,0
DA:875,0
DA:880,0
DA:883,0
DA:884,0
DA:885,0
DA:886,0
DA:888,0
DA:894,0
DA:900,0
DA:901,0
DA:903,0
DA:904,0
DA:908,0
DA:909,0
DA:914,0
DA:915,0
DA:916,0
DA:919,0
DA:920,0
DA:921,0
DA:922,0
DA:923,0
LF:463
LH:0
BRDA:74,0,0,0
BRDA:74,0,1,0
BRDA:74,1,0,0
BRDA:74,1,1,0
BRDA:80,2,0,0
BRDA:80,2,1,0
BRDA:81,3,0,0
BRDA:81,3,1,0
BRDA:93,4,0,0
BRDA:93,4,1,0
BRDA:96,5,0,0
BRDA:96,5,1,0
BRDA:97,6,0,0
BRDA:97,6,1,0
BRDA:128,7,0,0
BRDA:128,7,1,0
BRDA:161,8,0,0
BRDA:161,8,1,0
BRDA:180,9,0,0
BRDA:180,9,1,0
BRDA:180,10,0,0
BRDA:180,10,1,0
BRDA:182,11,0,0
BRDA:182,11,1,0
BRDA:182,12,0,0
BRDA:182,12,1,0
BRDA:206,13,0,0
BRDA:206,13,1,0
BRDA:207,14,0,0
BRDA:207,14,1,0
BRDA:235,15,0,0
BRDA:235,15,1,0
BRDA:256,16,0,0
BRDA:256,16,1,0
BRDA:257,17,0,0
BRDA:257,17,1,0
BRDA:282,18,0,0
BRDA:282,18,1,0
BRDA:283,19,0,0
BRDA:283,19,1,0
BRDA:353,20,0,0
BRDA:353,20,1,0
BRDA:357,21,0,0
BRDA:357,21,1,0
BRDA:378,22,0,0
BRDA:378,22,1,0
BRDA:385,23,0,0
BRDA:385,23,1,0
BRDA:385,24,0,0
BRDA:385,24,1,0
BRDA:404,25,0,0
BRDA:404,25,1,0
BRDA:413,26,0,0
BRDA:413,26,1,0
BRDA:424,27,0,0
BRDA:424,27,1,0
BRDA:431,28,0,0
BRDA:431,28,1,0
BRDA:441,29,0,0
BRDA:441,29,1,0
BRDA:461,30,0,0
BRDA:461,30,1,0
BRDA:480,31,0,0
BRDA:480,31,1,0
BRDA:482,32,0,0
BRDA:482,32,1,0
BRDA:509,33,0,0
BRDA:509,33,1,0
BRDA:509,34,0,0
BRDA:509,34,1,0
BRDA:509,34,2,0
BRDA:509,34,3,0
BRDA:517,35,0,0
BRDA:517,35,1,0
BRDA:520,36,0,0
BRDA:520,36,1,0
BRDA:524,37,0,0
BRDA:524,37,1,0
BRDA:528,38,0,0
BRDA:528,38,1,0
BRDA:536,39,0,0
BRDA:536,39,1,0
BRDA:541,40,0,0
BRDA:541,40,1,0
BRDA:561,41,0,0
BRDA:561,41,1,0
BRDA:561,42,0,0
BRDA:561,42,1,0
BRDA:565,43,0,0
BRDA:565,43,1,0
BRDA:581,44,0,0
BRDA:581,44,1,0
BRDA:583,45,0,0
BRDA:583,45,1,0
BRDA:584,46,0,0
BRDA:584,46,1,0
BRDA:587,47,0,0
BRDA:587,47,1,0
BRDA:592,48,0,0
BRDA:592,48,1,0
BRDA:592,49,0,0
BRDA:592,49,1,0
BRDA:609,50,0,0
BRDA:609,50,1,0
BRDA:612,51,0,0
BRDA:612,51,1,0
BRDA:615,52,0,0
BRDA:615,52,1,0
BRDA:618,53,0,0
BRDA:618,53,1,0
BRDA:618,54,0,0
BRDA:618,54,1,0
BRDA:630,55,0,0
BRDA:630,55,1,0
BRDA:636,56,0,0
BRDA:641,57,0,0
BRDA:641,57,1,0
BRDA:641,58,0,0
BRDA:641,58,1,0
BRDA:642,59,0,0
BRDA:642,59,1,0
BRDA:642,60,0,0
BRDA:642,60,1,0
BRDA:654,61,0,0
BRDA:654,61,1,0
BRDA:654,62,0,0
BRDA:654,62,1,0
BRDA:669,63,0,0
BRDA:669,63,1,0
BRDA:672,64,0,0
BRDA:672,64,1,0
BRDA:672,65,0,0
BRDA:672,65,1,0
BRDA:681,66,0,0
BRDA:681,66,1,0
BRDA:681,67,0,0
BRDA:681,67,1,0
BRDA:681,67,2,0
BRDA:690,68,0,0
BRDA:690,68,1,0
BRDA:695,69,0,0
BRDA:695,69,1,0
BRDA:695,70,0,0
BRDA:695,70,1,0
BRDA:704,71,0,0
BRDA:704,71,1,0
BRDA:710,72,0,0
BRDA:710,72,1,0
BRDA:710,73,0,0
BRDA:710,73,1,0
BRDA:713,74,0,0
BRDA:713,74,1,0
BRDA:715,75,0,0
BRDA:715,75,1,0
BRDA:717,76,0,0
BRDA:717,76,1,0
BRDA:717,77,0,0
BRDA:717,77,1,0
BRDA:724,78,0,0
BRDA:724,78,1,0
BRDA:726,79,0,0
BRDA:726,79,1,0
BRDA:728,80,0,0
BRDA:728,80,1,0
BRDA:728,81,0,0
BRDA:728,81,1,0
BRDA:736,82,0,0
BRDA:736,82,1,0
BRDA:738,83,0,0
BRDA:738,83,1,0
BRDA:738,84,0,0
BRDA:738,84,1,0
BRDA:743,85,0,0
BRDA:743,85,1,0
BRDA:747,86,0,0
BRDA:747,86,1,0
BRDA:748,87,0,0
BRDA:748,87,1,0
BRDA:768,88,0,0
BRDA:771,89,0,0
BRDA:771,89,1,0
BRDA:771,90,0,0
BRDA:771,90,1,0
BRDA:772,91,0,0
BRDA:772,91,1,0
BRDA:772,92,0,0
BRDA:772,92,1,0
BRDA:788,93,0,0
BRDA:788,93,1,0
BRDA:791,94,0,0
BRDA:791,94,1,0
BRDA:791,95,0,0
BRDA:791,95,1,0
BRDA:805,96,0,0
BRDA:805,96,1,0
BRDA:809,97,0,0
BRDA:809,97,1,0
BRDA:809,98,0,0
BRDA:809,98,1,0
BRDA:815,99,0,0
BRDA:815,99,1,0
BRDA:822,100,0,0
BRDA:822,100,1,0
BRDA:827,101,0,0
BRDA:827,101,1,0
BRDA:846,102,0,0
BRDA:846,102,1,0
BRDA:848,103,0,0
BRDA:848,103,1,0
BRDA:848,104,0,0
BRDA:848,104,1,0
BRDA:856,105,0,0
BRDA:856,105,1,0
BRDA:863,106,0,0
BRDA:863,106,1,0
BRDA:868,107,0,0
BRDA:868,107,1,0
BRDA:868,108,0,0
BRDA:868,108,1,0
BRDA:872,109,0,0
BRDA:872,109,1,0
BRDA:880,110,0,0
BRDA:880,110,1,0
BRDA:883,111,0,0
BRDA:883,111,1,0
BRDA:885,112,0,0
BRDA:885,112,1,0
BRDA:900,113,0,0
BRDA:900,113,1,0
BRDA:900,114,0,0
BRDA:900,114,1,0
BRDA:908,115,0,0
BRDA:908,115,1,0
BRDA:908,116,0,0
BRDA:908,116,1,0
BRDA:919,117,0,0
BRDA:919,117,1,0
BRF:237
BRH:0
end_of_record
TN:
SF:src/phaser/scenes/PlinkoScene.js
FN:5,(anonymous_0)
FN:14,(anonymous_1)
FN:19,(anonymous_2)
FN:31,(anonymous_3)
FN:55,(anonymous_4)
FN:73,(anonymous_5)
FN:99,(anonymous_6)
FN:106,(anonymous_7)
FN:129,(anonymous_8)
FN:142,(anonymous_9)
FN:171,(anonymous_10)
FN:206,(anonymous_11)
FN:215,(anonymous_12)
FNF:13
FNH:0
FNDA:0,(anonymous_0)
FNDA:0,(anonymous_1)
FNDA:0,(anonymous_2)
FNDA:0,(anonymous_3)
FNDA:0,(anonymous_4)
FNDA:0,(anonymous_5)
FNDA:0,(anonymous_6)
FNDA:0,(anonymous_7)
FNDA:0,(anonymous_8)
FNDA:0,(anonymous_9)
FNDA:0,(anonymous_10)
FNDA:0,(anonymous_11)
FNDA:0,(anonymous_12)
DA:6,0
DA:7,0
DA:8,0
DA:9,0
DA:10,0
DA:11,0
DA:20,0
DA:21,0
DA:25,0
DA:27,0
DA:28,0
DA:31,0
DA:32,0
DA:33,0
DA:36,0
DA:37,0
DA:38,0
DA:39,0
DA:40,0
DA:41,0
DA:45,0
DA:46,0
DA:49,0
DA:56,0
DA:57,0
DA:58,0
DA:60,0
DA:61,0
DA:62,0
DA:64,0
DA:65,0
DA:66,0
DA:69,0
DA:74,0
DA:75,0
DA:76,0
DA:77,0
DA:78,0
DA:79,0
DA:81,0
DA:82,0
DA:83,0
DA:84,0
DA:85,0
DA:87,0
DA:88,0
DA:90,0
DA:94,0
DA:100,0
DA:101,0
DA:102,0
DA:103,0
DA:104,0
DA:106,0
DA:107,0
DA:109,0
DA:113,0
DA:114,0
DA:117,0
DA:118,0
DA:119,0
DA:120,0
DA:122,0
DA:130,0
DA:131,0
DA:132,0
DA:138,0
DA:143,0
DA:144,0
DA:145,0
DA:154,0
DA:155,0
DA:156,0
DA:157,0
DA:158,0
DA:161,0
DA:162,0
DA:164,0
DA:166,0
DA:167,0
DA:168,0
DA:173,0
DA:174,0
DA:175,0
DA:178,0
DA:179,0
DA:181,0
DA:184,0
DA:185,0
DA:186,0
DA:188,0
DA:189,0
DA:190,0
DA:194,0
DA:195,0
DA:196,0
DA:200,0
DA:203,0
DA:208,0
DA:209,0
DA:217,0
DA:218,0
DA:219,0
DA:222,0
LF:104
LH:0
BRDA:36,0,0,0
BRDA:36,0,1,0
BRDA:36,1,0,0
BRDA:36,1,1,0
BRDA:39,2,0,0
BRDA:39,2,1,0
BRDA:39,3,0,0
BRDA:39,3,1,0
BRDA:45,4,0,0
BRDA:45,4,1,0
BRDA:45,5,0,0
BRDA:45,5,1,0
BRDA:45,5,2,0
BRDA:45,5,3,0
BRDA:58,6,0,0
BRDA:58,6,1,0
BRDA:60,7,0,0
BRDA:60,7,1,0
BRDA:64,8,0,0
BRDA:64,8,1,0
BRDA:143,9,0,0
BRDA:143,9,1,0
BRDA:154,10,0,0
BRDA:154,10,1,0
BRDA:154,10,2,0
BRDA:154,10,3,0
BRDA:154,11,0,0
BRDA:154,11,1,0
BRDA:173,12,0,0
BRDA:173,12,1,0
BRDA:184,13,0,0
BRDA:184,13,1,0
BRDA:188,14,0,0
BRDA:188,14,1,0
BRDA:194,15,0,0
BRDA:194,15,1,0
BRDA:208,16,0,0
BRDA:208,16,1,0
BRDA:208,17,0,0
BRDA:208,17,1,0
BRDA:208,17,2,0
BRDA:217,18,0,0
BRDA:217,18,1,0
BRF:43
BRH:0
end_of_record
TN:
SF:src/phaser/scenes/PreloadScene.js
FN:4,(anonymous_0)
FN:8,(anonymous_1)
FN:52,(anonymous_2)
FN:59,(anonymous_3)
FN:114,(anonymous_4)
FN:166,(anonymous_5)
FN:208,(anonymous_6)
FNF:7
FNH:0
FNDA:0,(anonymous_0)
FNDA:0,(anonymous_1)
FNDA:0,(anonymous_2)
FNDA:0,(anonymous_3)
FNDA:0,(anonymous_4)
FNDA:0,(anonymous_5)
FNDA:0,(anonymous_6)
DA:5,0
DA:9,0
DA:10,0
DA:11,0
DA:13,0
DA:14,0
DA:15,0
DA:16,0
DA:18,0
DA:19,0
DA:20,0
DA:23,0
DA:24,0
DA:26,0
DA:30,0
DA:31,0
DA:32,0
DA:33,0
DA:35,0
DA:42,0
DA:49,0
DA:50,0
DA:52,0
DA:53,0
DA:54,0
DA:55,0
DA:56,0
DA:59,0
DA:60,0
DA:61,0
DA:62,0
DA:63,0
DA:64,0
DA:69,0
DA:72,0
DA:73,0
DA:74,0
DA:75,0
DA:78,0
DA:79,0
DA:80,0
DA:81,0
DA:82,0
DA:83,0
DA:84,0
DA:87,0
DA:95,0
DA:96,0
DA:97,0
DA:98,0
DA:99,0
DA:102,0
DA:104,0
DA:105,0
DA:107,0
DA:109,0
DA:113,0
DA:114,0
DA:115,0
DA:118,0
DA:120,0
DA:123,0
DA:127,0
DA:129,0
DA:133,0
DA:137,0
DA:138,0
DA:139,0
DA:141,0
DA:142,0
DA:144,0
DA:145,0
DA:150,0
DA:151,0
DA:153,0
DA:154,0
DA:155,0
DA:160,0
DA:161,0
DA:162,0
DA:163,0
DA:164,0
DA:166,0
DA:168,0
DA:169,0
DA:170,0
DA:171,0
DA:173,0
DA:174,0
DA:176,0
DA:182,0
DA:183,0
DA:184,0
DA:186,0
DA:187,0
DA:188,0
DA:209,0
DA:215,0
DA:216,0
DA:217,0
DA:218,0
DA:220,0
DA:221,0
DA:223,0
DA:226,0
DA:227,0
DA:228,0
DA:230,0
LF:108
LH:0
BRDA:14,0,0,0
BRDA:14,0,1,0
BRDA:14,1,0,0
BRDA:14,1,1,0
BRDA:18,2,0,0
BRDA:18,2,1,0
BRDA:23,3,0,0
BRDA:23,3,1,0
BRDA:69,4,0,0
BRDA:69,4,1,0
BRDA:96,5,0,0
BRDA:96,5,1,0
BRDA:98,6,0,0
BRDA:98,6,1,0
BRDA:102,7,0,0
BRDA:102,7,1,0
BRDA:104,8,0,0
BRDA:104,8,1,0
BRDA:113,9,0,0
BRDA:113,9,1,0
BRDA:113,10,0,0
BRDA:113,10,1,0
BRDA:113,10,2,0
BRDA:115,11,0,0
BRDA:115,11,1,0
BRDA:115,12,0,0
BRDA:115,12,1,0
BRDA:118,13,0,0
BRDA:118,13,1,0
BRDA:137,14,0,0
BRDA:137,14,1,0
BRDA:138,15,0,0
BRDA:138,15,1,0
BRDA:141,16,0,0
BRDA:141,16,1,0
BRDA:144,17,0,0
BRDA:144,17,1,0
BRDA:150,18,0,0
BRDA:150,18,1,0
BRDA:150,19,0,0
BRDA:150,19,1,0
BRDA:153,20,0,0
BRDA:153,20,1,0
BRDA:160,21,0,0
BRDA:160,21,1,0
BRDA:160,22,0,0
BRDA:160,22,1,0
BRDA:162,23,0,0
BRDA:162,23,1,0
BRDA:166,24,0,0
BRDA:166,24,1,0
BRDA:168,25,0,0
BRDA:168,25,1,0
BRDA:170,26,0,0
BRDA:170,26,1,0
BRDA:182,27,0,0
BRDA:182,27,1,0
BRDA:182,28,0,0
BRDA:182,28,1,0
BRDA:186,29,0,0
BRDA:186,29,1,0
BRDA:217,30,0,0
BRDA:217,30,1,0
BRDA:217,31,0,0
BRDA:217,31,1,0
BRDA:217,31,2,0
BRDA:220,32,0,0
BRDA:220,32,1,0
BRF:68
BRH:0
end_of_record
TN:
SF:src/phaser/scenes/RouletteScene.js
FN:4,(anonymous_0)
FN:9,(anonymous_1)
FN:14,(anonymous_2)
FN:20,(anonymous_3)
FN:61,(anonymous_4)
FN:71,(anonymous_5)
FN:79,(anonymous_6)
FN:84,(anonymous_7)
FN:96,(anonymous_8)
FN:106,(anonymous_9)
FN:117,(anonymous_10)
FN:129,(anonymous_11)
FNF:12
FNH:0
FNDA:0,(anonymous_0)
FNDA:0,(anonymous_1)
FNDA:0,(anonymous_2)
FNDA:0,(anonymous_3)
FNDA:0,(anonymous_4)
FNDA:0,(anonymous_5)
FNDA:0,(anonymous_6)
FNDA:0,(anonymous_7)
FNDA:0,(anonymous_8)
FNDA:0,(anonymous_9)
FNDA:0,(anonymous_10)
FNDA:0,(anonymous_11)
DA:5,0
DA:6,0
DA:11,0
DA:17,0
DA:21,0
DA:22,0
DA:25,0
DA:30,0
DA:31,0
DA:32,0
DA:33,0
DA:34,0
DA:35,0
DA:38,0
DA:39,0
DA:40,0
DA:43,0
DA:44,0
DA:45,0
DA:46,0
DA:51,0
DA:52,0
DA:53,0
DA:54,0
DA:55,0
DA:58,0
DA:59,0
DA:61,0
DA:63,0
DA:66,0
DA:67,0
DA:68,0
DA:69,0
DA:71,0
DA:73,0
DA:76,0
DA:77,0
DA:79,0
DA:81,0
DA:82,0
DA:84,0
DA:93,0
DA:97,0
DA:98,0
DA:99,0
DA:101,0
DA:107,0
DA:114,0
DA:115,0
DA:117,0
DA:120,0
DA:121,0
DA:122,0
DA:123,0
LF:54
LH:0
BRDA:98,0,0,0
BRDA:98,0,1,0
BRDA:98,1,0,0
BRDA:98,1,1,0
BRDA:123,2,0,0
BRDA:123,2,1,0
BRF:6
BRH:0
end_of_record
TN:
SF:src/phaser/scenes/SettingsModalScene.js
FN:5,(anonymous_0)
FN:11,(anonymous_1)
FN:17,(anonymous_2)
FN:24,(anonymous_3)
FN:54,(anonymous_4)
FN:55,(anonymous_5)
FN:56,(anonymous_6)
FN:103,(anonymous_7)
FN:120,(anonymous_8)
FN:128,(anonymous_9)
FN:138,(anonymous_10)
FN:146,(anonymous_11)
FN:172,(anonymous_12)
FNF:13
FNH:0
FNDA:0,(anonymous_0)
FNDA:0,(anonymous_1)
FNDA:0,(anonymous_2)
FNDA:0,(anonymous_3)
FNDA:0,(anonymous_4)
FNDA:0,(anonymous_5)
FNDA:0,(anonymous_6)
FNDA:0,(anonymous_7)
FNDA:0,(anonymous_8)
FNDA:0,(anonymous_9)
FNDA:0,(anonymous_10)
FNDA:0,(anonymous_11)
FNDA:0,(anonymous_12)
DA:6,0
DA:7,0
DA:8,0
DA:13,0
DA:14,0
DA:18,0
DA:19,0
DA:22,0
DA:23,0
DA:24,0
DA:27,0
DA:28,0
DA:30,0
DA:31,0
DA:32,0
DA:33,0
DA:34,0
DA:35,0
DA:38,0
DA:47,0
DA:54,0
DA:55,0
DA:56,0
DA:57,0
DA:61,0
DA:62,0
DA:63,0
DA:64,0
DA:65,0
DA:68,0
DA:69,0
DA:70,0
DA:72,0
DA:73,0
DA:74,0
DA:77,0
DA:78,0
DA:79,0
DA:81,0
DA:82,0
DA:83,0
DA:96,0
DA:97,0
DA:100,0
DA:104,0
DA:105,0
DA:106,0
DA:107,0
DA:108,0
DA:110,0
DA:111,0
DA:112,0
DA:114,0
DA:115,0
DA:118,0
DA:120,0
DA:121,0
DA:122,0
DA:125,0
DA:129,0
DA:130,0
DA:131,0
DA:132,0
DA:133,0
DA:135,0
DA:139,0
DA:140,0
DA:141,0
DA:142,0
DA:143,0
DA:147,0
DA:148,0
DA:149,0
DA:150,0
DA:151,0
DA:154,0
DA:162,0
DA:163,0
DA:164,0
DA:166,0
DA:167,0
DA:174,0
DA:176,0
DA:177,0
DA:178,0
LF:85
LH:0
BRDA:13,0,0,0
BRDA:13,0,1,0
BRDA:13,0,2,0
BRDA:14,1,0,0
BRDA:14,1,1,0
BRDA:14,1,2,0
BRDA:69,2,0,0
BRDA:69,2,1,0
BRDA:78,3,0,0
BRDA:78,3,1,0
BRDA:107,4,0,0
BRDA:107,4,1,0
BRDA:114,5,0,0
BRDA:114,5,1,0
BRDA:121,6,0,0
BRDA:121,6,1,0
BRDA:130,7,0,0
BRDA:130,7,1,0
BRDA:140,8,0,0
BRDA:140,8,1,0
BRDA:150,9,0,0
BRDA:150,9,1,0
BRDA:151,10,0,0
BRDA:151,10,1,0
BRDA:164,11,0,0
BRDA:164,11,1,0
BRDA:166,12,0,0
BRDA:166,12,1,0
BRF:28
BRH:0
end_of_record
TN:
SF:src/phaser/scenes/SpacecrashBootScene.js
FN:4,(anonymous_0)
FN:8,(anonymous_1)
FN:15,(anonymous_2)
FNF:3
FNH:0
FNDA:0,(anonymous_0)
FNDA:0,(anonymous_1)
FNDA:0,(anonymous_2)
DA:5,0
DA:12,0
DA:16,0
DA:17,0
LF:4
LH:0
BRF:0
BRH:0
end_of_record
TN:
SF:src/phaser/scenes/SpacecrashGameScene.js
FN:4,(anonymous_0)
FN:15,(anonymous_1)
FN:20,(anonymous_2)
FN:38,(anonymous_3)
FN:50,(anonymous_4)
FN:80,(anonymous_5)
FN:104,(anonymous_6)
FN:119,(anonymous_7)
FNF:8
FNH:0
FNDA:0,(anonymous_0)
FNDA:0,(anonymous_1)
FNDA:0,(anonymous_2)
FNDA:0,(anonymous_3)
FNDA:0,(anonymous_4)
FNDA:0,(anonymous_5)
FNDA:0,(anonymous_6)
FNDA:0,(anonymous_7)
DA:5,0
DA:6,0
DA:8,0
DA:9,0
DA:10,0
DA:11,0
DA:17,0
DA:21,0
DA:22,0
DA:24,0
DA:25,0
DA:28,0
DA:29,0
DA:30,0
DA:31,0
DA:34,0
DA:35,0
DA:38,0
DA:39,0
DA:40,0
DA:41,0
DA:42,0
DA:44,0
DA:45,0
DA:51,0
DA:52,0
DA:53,0
DA:56,0
DA:57,0
DA:58,0
DA:59,0
DA:61,0
DA:67,0
DA:68,0
DA:72,0
DA:73,0
DA:74,0
DA:77,0
DA:81,0
DA:82,0
DA:84,0
DA:85,0
DA:86,0
DA:91,0
DA:92,0
DA:102,0
DA:103,0
DA:104,0
DA:105,0
DA:109,0
DA:111,0
DA:112,0
DA:113,0
DA:115,0
DA:116,0
DA:120,0
DA:121,0
DA:124,0
DA:130,0
DA:131,0
DA:133,0
DA:139,0
DA:142,0
DA:143,0
DA:146,0
LF:65
LH:0
BRDA:44,0,0,0
BRDA:44,0,1,0
BRDA:52,1,0,0
BRDA:52,1,1,0
BRDA:52,2,0,0
BRDA:52,2,1,0
BRDA:67,3,0,0
BRDA:67,3,1,0
BRDA:82,4,0,0
BRDA:82,4,1,0
BRDA:91,5,0,0
BRDA:91,5,1,0
BRDA:120,6,0,0
BRDA:120,6,1,0
BRDA:120,7,0,0
BRDA:120,7,1,0
BRDA:142,8,0,0
BRDA:142,8,1,0
BRF:18
BRH:0
end_of_record
TN:
SF:src/phaser/scenes/SpacecrashPreloadScene.js
FN:4,(anonymous_0)
FN:8,(anonymous_1)
FN:35,(anonymous_2)
FN:39,(anonymous_3)
FN:73,(anonymous_4)
FNF:5
FNH:0
FNDA:0,(anonymous_0)
FNDA:0,(anonymous_1)
FNDA:0,(anonymous_2)
FNDA:0,(anonymous_3)
FNDA:0,(anonymous_4)
DA:5,0
DA:9,0
DA:12,0
DA:13,0
DA:22,0
DA:24,0
DA:33,0
DA:35,0
DA:36,0
DA:39,0
DA:40,0
DA:41,0
DA:42,0
DA:64,0
DA:65,0
DA:68,0
DA:69,0
DA:70,0
DA:74,0
DA:76,0
DA:78,0
LF:21
LH:0
BRF:0
BRH:0
end_of_record
TN:
SF:src/phaser/scenes/SpacecrashUIScene.js
FN:4,(anonymous_0)
FN:10,(anonymous_1)
FN:19,(anonymous_2)
FN:24,(anonymous_3)
FN:30,(anonymous_4)
FN:36,(anonymous_5)
FN:42,(anonymous_6)
FNF:7
FNH:0
FNDA:0,(anonymous_0)
FNDA:0,(anonymous_1)
FNDA:0,(anonymous_2)
FNDA:0,(anonymous_3)
FNDA:0,(anonymous_4)
FNDA:0,(anonymous_5)
FNDA:0,(anonymous_6)
DA:5,0
DA:7,0
DA:11,0
DA:14,0
DA:17,0
DA:19,0
DA:20,0
DA:21,0
DA:24,0
DA:25,0
DA:26,0
DA:30,0
DA:31,0
DA:32,0
DA:36,0
DA:37,0
DA:38,0
LF:17
LH:0
BRF:0
BRH:0
end_of_record
TN:
SF:src/phaser/scenes/UIScene.js
FN:6,(anonymous_0)
FN:29,(anonymous_1)
FN:36,(anonymous_2)
FN:67,(anonymous_3)
FN:82,(anonymous_4)
FN:90,(anonymous_5)
FN:108,(anonymous_6)
FN:112,(anonymous_7)
FN:122,(anonymous_8)
FN:131,(anonymous_9)
FN:141,(anonymous_10)
FN:156,(anonymous_11)
FN:162,(anonymous_12)
FN:167,(anonymous_13)
FN:182,(anonymous_14)
FN:201,(anonymous_15)
FN:211,(anonymous_16)
FN:236,(anonymous_17)
FN:254,(anonymous_18)
FN:281,(anonymous_19)
FN:291,(anonymous_20)
FN:309,(anonymous_21)
FN:353,(anonymous_22)
FN:366,(anonymous_23)
FN:380,(anonymous_24)
FN:388,(anonymous_25)
FN:411,(anonymous_26)
FN:422,(anonymous_27)
FNF:28
FNH:0
FNDA:0,(anonymous_0)
FNDA:0,(anonymous_1)
FNDA:0,(anonymous_2)
FNDA:0,(anonymous_3)
FNDA:0,(anonymous_4)
FNDA:0,(anonymous_5)
FNDA:0,(anonymous_6)
FNDA:0,(anonymous_7)
FNDA:0,(anonymous_8)
FNDA:0,(anonymous_9)
FNDA:0,(anonymous_10)
FNDA:0,(anonymous_11)
FNDA:0,(anonymous_12)
FNDA:0,(anonymous_13)
FNDA:0,(anonymous_14)
FNDA:0,(anonymous_15)
FNDA:0,(anonymous_16)
FNDA:0,(anonymous_17)
FNDA:0,(anonymous_18)
FNDA:0,(anonymous_19)
FNDA:0,(anonymous_20)
FNDA:0,(anonymous_21)
FNDA:0,(anonymous_22)
FNDA:0,(anonymous_23)
FNDA:0,(anonymous_24)
FNDA:0,(anonymous_25)
FNDA:0,(anonymous_26)
FNDA:0,(anonymous_27)
DA:7,0
DA:10,0
DA:11,0
DA:12,0
DA:13,0
DA:14,0
DA:15,0
DA:16,0
DA:17,0
DA:18,0
DA:21,0
DA:22,0
DA:23,0
DA:24,0
DA:25,0
DA:26,0
DA:37,0
DA:38,0
DA:39,0
DA:40,0
DA:41,0
DA:44,0
DA:45,0
DA:49,0
DA:50,0
DA:51,0
DA:52,0
DA:53,0
DA:54,0
DA:57,0
DA:60,0
DA:61,0
DA:62,0
DA:63,0
DA:67,0
DA:68,0
DA:69,0
DA:71,0
DA:73,0
DA:74,0
DA:76,0
DA:77,0
DA:82,0
DA:83,0
DA:85,0
DA:90,0
DA:91,0
DA:92,0
DA:93,0
DA:94,0
DA:108,0
DA:109,0
DA:110,0
DA:112,0
DA:113,0
DA:117,0
DA:123,0
DA:124,0
DA:125,0
DA:127,0
DA:128,0
DA:132,0
DA:133,0
DA:134,0
DA:136,0
DA:137,0
DA:138,0
DA:142,0
DA:143,0
DA:144,0
DA:145,0
DA:146,0
DA:147,0
DA:149,0
DA:150,0
DA:153,0
DA:156,0
DA:159,0
DA:162,0
DA:164,0
DA:169,0
DA:170,0
DA:171,0
DA:172,0
DA:178,0
DA:182,0
DA:183,0
DA:185,0
DA:187,0
DA:188,0
DA:191,0
DA:194,0
DA:197,0
DA:201,0
DA:202,0
DA:203,0
DA:204,0
DA:206,0
DA:211,0
DA:212,0
DA:213,0
DA:214,0
DA:216,0
DA:223,0
DA:224,0
DA:225,0
DA:226,0
DA:227,0
DA:232,0
DA:236,0
DA:237,0
DA:238,0
DA:239,0
DA:241,0
DA:245,0
DA:246,0
DA:247,0
DA:248,0
DA:249,0
DA:254,0
DA:255,0
DA:257,0
DA:258,0
DA:259,0
DA:268,0
DA:269,0
DA:270,0
DA:271,0
DA:272,0
DA:277,0
DA:281,0
DA:282,0
DA:283,0
DA:292,0
DA:293,0
DA:295,0
DA:296,0
DA:299,0
DA:300,0
DA:304,0
DA:310,0
DA:311,0
DA:312,0
DA:313,0
DA:315,0
DA:316,0
DA:321,0
DA:324,0
DA:325,0
DA:326,0
DA:327,0
DA:329,0
DA:331,0
DA:332,0
DA:334,0
DA:335,0
DA:336,0
DA:344,0
DA:345,0
DA:349,0
DA:355,0
DA:356,0
DA:357,0
DA:359,0
DA:360,0
DA:362,0
DA:367,0
DA:368,0
DA:370,0
DA:373,0
DA:374,0
DA:376,0
DA:381,0
DA:383,0
DA:384,0
DA:389,0
DA:391,0
DA:392,0
DA:395,0
DA:398,0
DA:399,0
DA:403,0
DA:412,0
DA:413,0
DA:415,0
DA:416,0
DA:417,0
DA:418,0
DA:424,0
DA:425,0
LF:190
LH:0
BRDA:39,0,0,0
BRDA:39,0,1,0
BRDA:44,1,0,0
BRDA:44,1,1,0
BRDA:45,2,0,0
BRDA:45,2,1,0
BRDA:49,3,0,0
BRDA:49,3,1,0
BRDA:50,4,0,0
BRDA:50,4,1,0
BRDA:50,4,2,0
BRDA:52,5,0,0
BRDA:52,5,1,0
BRDA:57,6,0,0
BRDA:57,6,1,0
BRDA:68,7,0,0
BRDA:68,7,1,0
BRDA:71,8,0,0
BRDA:71,8,1,0
BRDA:73,9,0,0
BRDA:73,9,1,0
BRDA:73,9,2,0
BRDA:76,10,0,0
BRDA:76,10,1,0
BRDA:83,11,0,0
BRDA:83,11,1,0
BRDA:91,12,0,0
BRDA:91,12,1,0
BRDA:93,13,0,0
BRDA:93,13,1,0
BRDA:123,14,0,0
BRDA:123,14,1,0
BRDA:124,15,0,0
BRDA:124,15,1,0
BRDA:132,16,0,0
BRDA:132,16,1,0
BRDA:133,17,0,0
BRDA:133,17,1,0
BRDA:142,18,0,0
BRDA:142,18,1,0
BRDA:143,19,0,0
BRDA:143,19,1,0
BRDA:145,20,0,0
BRDA:145,20,1,0
BRDA:146,21,0,0
BRDA:146,21,1,0
BRDA:147,22,0,0
BRDA:147,22,1,0
BRDA:170,23,0,0
BRDA:170,23,1,0
BRDA:171,24,0,0
BRDA:171,24,1,0
BRDA:172,25,0,0
BRDA:172,25,1,0
BRDA:185,26,0,0
BRDA:185,26,1,0
BRDA:185,27,0,0
BRDA:185,27,1,0
BRDA:185,27,2,0
BRDA:202,28,0,0
BRDA:202,28,1,0
BRDA:204,29,0,0
BRDA:204,29,1,0
BRDA:212,30,0,0
BRDA:212,30,1,0
BRDA:214,31,0,0
BRDA:214,31,1,0
BRDA:224,32,0,0
BRDA:224,32,1,0
BRDA:225,33,0,0
BRDA:225,33,1,0
BRDA:226,34,0,0
BRDA:226,34,1,0
BRDA:227,35,0,0
BRDA:227,35,1,0
BRDA:246,36,0,0
BRDA:246,36,1,0
BRDA:247,37,0,0
BRDA:247,37,1,0
BRDA:248,38,0,0
BRDA:248,38,1,0
BRDA:249,39,0,0
BRDA:249,39,1,0
BRDA:269,40,0,0
BRDA:269,40,1,0
BRDA:270,41,0,0
BRDA:270,41,1,0
BRDA:271,42,0,0
BRDA:271,42,1,0
BRDA:272,43,0,0
BRDA:272,43,1,0
BRDA:293,44,0,0
BRDA:293,44,1,0
BRDA:293,45,0,0
BRDA:293,45,1,0
BRDA:293,45,2,0
BRDA:299,46,0,0
BRDA:299,46,1,0
BRDA:309,47,0,0
BRDA:309,48,0,0
BRDA:309,49,0,0
BRDA:311,50,0,0
BRDA:311,50,1,0
BRDA:311,51,0,0
BRDA:311,51,1,0
BRDA:311,51,2,0
BRDA:315,52,0,0
BRDA:315,52,1,0
BRDA:316,53,0,0
BRDA:316,53,1,0
BRDA:324,54,0,0
BRDA:324,54,1,0
BRDA:326,55,0,0
BRDA:326,55,1,0
BRDA:326,56,0,0
BRDA:326,56,1,0
BRDA:334,57,0,0
BRDA:334,57,1,0
BRDA:334,58,0,0
BRDA:334,58,1,0
BRDA:355,59,0,0
BRDA:355,59,1,0
BRDA:367,60,0,0
BRDA:367,60,1,0
BRDA:370,61,0,0
BRDA:370,61,1,0
BRDA:373,62,0,0
BRDA:373,62,1,0
BRDA:376,63,0,0
BRDA:376,63,1,0
BRDA:381,64,0,0
BRDA:381,64,1,0
BRDA:383,65,0,0
BRDA:383,65,1,0
BRDA:384,66,0,0
BRDA:384,66,1,0
BRDA:391,67,0,0
BRDA:391,67,1,0
BRDA:391,68,0,0
BRDA:391,68,1,0
BRDA:391,68,2,0
BRDA:392,69,0,0
BRDA:392,69,1,0
BRDA:395,70,0,0
BRDA:395,70,1,0
BRDA:398,71,0,0
BRDA:398,71,1,0
BRDA:399,72,0,0
BRDA:399,72,1,0
BRDA:415,73,0,0
BRDA:415,73,1,0
BRDA:415,74,0,0
BRDA:415,74,1,0
BRF:153
BRH:0
end_of_record
TN:
SF:src/services/api.js
FN:5,injectStore
FN:16,(anonymous_1)
FN:24,(anonymous_2)
FN:28,(anonymous_3)
FN:29,(anonymous_4)
FN:73,(anonymous_5)
FN:77,(anonymous_6)
FN:81,(anonymous_7)
FN:85,(anonymous_8)
FN:90,(anonymous_9)
FN:94,(anonymous_10)
FN:99,(anonymous_11)
FN:103,(anonymous_12)
FN:108,(anonymous_13)
FN:112,(anonymous_14)
FN:122,(anonymous_15)
FN:126,(anonymous_16)
FN:130,(anonymous_17)
FN:135,(anonymous_18)
FN:139,(anonymous_19)
FN:143,(anonymous_20)
FN:147,(anonymous_21)
FN:151,(anonymous_22)
FN:155,(anonymous_23)
FN:160,(anonymous_24)
FN:164,(anonymous_25)
FNF:26
FNH:0
FNDA:0,injectStore
FNDA:0,(anonymous_1)
FNDA:0,(anonymous_2)
FNDA:0,(anonymous_3)
FNDA:0,(anonymous_4)
FNDA:0,(anonymous_5)
FNDA:0,(anonymous_6)
FNDA:0,(anonymous_7)
FNDA:0,(anonymous_8)
FNDA:0,(anonymous_9)
FNDA:0,(anonymous_10)
FNDA:0,(anonymous_11)
FNDA:0,(anonymous_12)
FNDA:0,(anonymous_13)
FNDA:0,(anonymous_14)
FNDA:0,(anonymous_15)
FNDA:0,(anonymous_16)
FNDA:0,(anonymous_17)
FNDA:0,(anonymous_18)
FNDA:0,(anonymous_19)
FNDA:0,(anonymous_20)
FNDA:0,(anonymous_21)
FNDA:0,(anonymous_22)
FNDA:0,(anonymous_23)
FNDA:0,(anonymous_24)
FNDA:0,(anonymous_25)
DA:6,0
DA:9,0
DA:16,0
DA:18,0
DA:19,0
DA:20,0
DA:23,0
DA:24,0
DA:27,0
DA:28,0
DA:30,0
DA:32,0
DA:33,0
DA:34,0
DA:36,0
DA:37,0
DA:38,0
DA:40,0
DA:42,0
DA:43,0
DA:44,0
DA:47,0
DA:48,0
DA:49,0
DA:53,0
DA:55,0
DA:56,0
DA:57,0
DA:58,0
DA:59,0
DA:60,0
DA:63,0
DA:67,0
DA:74,0
DA:78,0
DA:82,0
DA:87,0
DA:91,0
DA:95,0
DA:100,0
DA:104,0
DA:109,0
DA:113,0
DA:114,0
DA:115,0
DA:116,0
DA:118,0
DA:123,0
DA:127,0
DA:131,0
DA:136,0
DA:140,0
DA:144,0
DA:148,0
DA:152,0
DA:156,0
DA:161,0
DA:165,0
LF:58
LH:0
BRDA:18,0,0,0
BRDA:18,0,1,0
BRDA:19,1,0,0
BRDA:19,1,1,0
BRDA:19,2,0,0
BRDA:19,2,1,0
BRDA:32,3,0,0
BRDA:32,3,1,0
BRDA:32,4,0,0
BRDA:32,4,1,0
BRDA:32,4,2,0
BRDA:38,5,0,0
BRDA:38,5,1,0
BRDA:53,6,0,0
BRDA:53,6,1,0
BRDA:53,7,0,0
BRDA:53,7,1,0
BRDA:58,8,0,0
BRDA:58,8,1,0
BRDA:108,9,0,0
BRDA:113,10,0,0
BRDA:113,10,1,0
BRDA:113,11,0,0
BRDA:113,11,1,0
BRDA:115,12,0,0
BRDA:115,12,1,0
BRDA:115,13,0,0
BRDA:115,13,1,0
BRDA:155,14,0,0
BRDA:155,15,0,0
BRDA:164,16,0,0
BRDA:164,17,0,0
BRF:32
BRH:0
end_of_record
TN:
SF:src/store/index.js
FN:32,(anonymous_0)
FN:35,(anonymous_1)
FN:38,(anonymous_2)
FN:42,(anonymous_3)
FN:45,(anonymous_4)
FN:82,(anonymous_5)
FN:95,(anonymous_6)
FN:99,(anonymous_7)
FN:102,(anonymous_8)
FN:106,(anonymous_9)
FN:109,(anonymous_10)
FN:114,(anonymous_11)
FN:119,(anonymous_12)
FN:124,(anonymous_13)
FN:128,(anonymous_14)
FN:131,(anonymous_15)
FN:134,(anonymous_16)
FN:137,(anonymous_17)
FN:141,(anonymous_18)
FN:150,(anonymous_19)
FN:158,(anonymous_20)
FN:175,(anonymous_21)
FN:200,(anonymous_22)
FN:220,(anonymous_23)
FN:230,(anonymous_24)
FN:251,(anonymous_25)
FN:256,(anonymous_26)
FN:266,(anonymous_27)
FN:282,(anonymous_28)
FN:305,(anonymous_29)
FN:313,(anonymous_30)
FN:322,(anonymous_31)
FN:344,(anonymous_32)
FN:352,(anonymous_33)
FN:363,(anonymous_34)
FN:378,(anonymous_35)
FN:394,(anonymous_36)
FN:416,(anonymous_37)
FN:442,(anonymous_38)
FN:462,(anonymous_39)
FN:490,(anonymous_40)
FN:508,(anonymous_41)
FN:526,(anonymous_42)
FN:545,(anonymous_43)
FN:572,(anonymous_44)
FN:573,(anonymous_45)
FN:574,(anonymous_46)
FN:575,(anonymous_47)
FN:576,(anonymous_48)
FN:576,(anonymous_49)
FN:577,(anonymous_50)
FN:579,(anonymous_51)
FN:580,(anonymous_52)
FN:580,(anonymous_53)
FN:581,(anonymous_54)
FNF:55
FNH:13
FNDA:3,(anonymous_0)
FNDA:17,(anonymous_1)
FNDA:6,(anonymous_2)
FNDA:3,(anonymous_3)
FNDA:4,(anonymous_4)
FNDA:19,(anonymous_5)
FNDA:0,(anonymous_6)
FNDA:0,(anonymous_7)
FNDA:0,(anonymous_8)
FNDA:0,(anonymous_9)
FNDA:0,(anonymous_10)
FNDA:0,(anonymous_11)
FNDA:0,(anonymous_12)
FNDA:0,(anonymous_13)
FNDA:0,(anonymous_14)
FNDA:3,(anonymous_15)
FNDA:3,(anonymous_16)
FNDA:0,(anonymous_17)
FNDA:0,(anonymous_18)
FNDA:0,(anonymous_19)
FNDA:2,(anonymous_20)
FNDA:3,(anonymous_21)
FNDA:2,(anonymous_22)
FNDA:1,(anonymous_23)
FNDA:2,(anonymous_24)
FNDA:0,(anonymous_25)
FNDA:0,(anonymous_26)
FNDA:0,(anonymous_27)
FNDA:0,(anonymous_28)
FNDA:0,(anonymous_29)
FNDA:0,(anonymous_30)
FNDA:0,(anonymous_31)
FNDA:0,(anonymous_32)
FNDA:0,(anonymous_33)
FNDA:0,(anonymous_34)
FNDA:0,(anonymous_35)
FNDA:0,(anonymous_36)
FNDA:0,(anonymous_37)
FNDA:0,(anonymous_38)
FNDA:0,(anonymous_39)
FNDA:0,(anonymous_40)
FNDA:0,(anonymous_41)
FNDA:0,(anonymous_42)
FNDA:0,(anonymous_43)
FNDA:0,(anonymous_44)
FNDA:0,(anonymous_45)
FNDA:0,(anonymous_46)
FNDA:0,(anonymous_47)
FNDA:0,(anonymous_48)
FNDA:0,(anonymous_49)
FNDA:0,(anonymous_50)
FNDA:0,(anonymous_51)
FNDA:0,(anonymous_52)
FNDA:0,(anonymous_53)
FNDA:0,(anonymous_54)
DA:33,3
DA:36,17
DA:39,6
DA:40,6
DA:43,3
DA:46,4
DA:48,3
DA:49,3
DA:52,3
DA:53,3
DA:56,3
DA:57,3
DA:58,3
DA:62,3
DA:63,3
DA:64,3
DA:67,3
DA:70,1
DA:71,1
DA:74,1
DA:75,1
DA:76,1
DA:77,1
DA:79,1
DA:83,19
DA:84,19
DA:85,19
DA:86,19
DA:87,19
DA:90,19
DA:91,19
DA:92,19
DA:93,19
DA:96,0
DA:97,0
DA:100,0
DA:103,0
DA:104,0
DA:107,0
DA:110,0
DA:111,0
DA:115,0
DA:116,0
DA:117,0
DA:120,0
DA:121,0
DA:122,0
DA:125,0
DA:126,0
DA:129,0
DA:132,3
DA:135,3
DA:138,0
DA:139,0
DA:142,0
DA:143,0
DA:144,0
DA:145,0
DA:146,0
DA:147,0
DA:148,0
DA:151,0
DA:152,0
DA:153,0
DA:159,2
DA:160,2
DA:161,1
DA:162,1
DA:163,1
DA:164,1
DA:165,1
DA:168,1
DA:170,1
DA:171,1
DA:176,3
DA:177,3
DA:178,3
DA:179,1
DA:180,1
DA:181,1
DA:182,1
DA:183,1
DA:186,1
DA:188,2
DA:189,2
DA:190,2
DA:191,1
DA:193,2
DA:194,2
DA:196,3
DA:201,2
DA:202,2
DA:203,1
DA:204,1
DA:205,1
DA:206,1
DA:208,1
DA:210,0
DA:211,0
DA:214,1
DA:215,1
DA:216,1
DA:221,1
DA:222,1
DA:224,0
DA:226,1
DA:231,2
DA:232,2
DA:233,1
DA:234,1
DA:235,1
DA:236,1
DA:238,0
DA:239,0
DA:242,1
DA:243,1
DA:244,0
DA:246,1
DA:247,1
DA:252,0
DA:253,0
DA:257,0
DA:258,0
DA:259,0
DA:260,0
DA:262,0
DA:267,0
DA:268,0
DA:269,0
DA:270,0
DA:271,0
DA:274,0
DA:276,0
DA:283,0
DA:285,0
DA:286,0
DA:287,0
DA:288,0
DA:290,0
DA:291,0
DA:292,0
DA:293,0
DA:296,0
DA:297,0
DA:298,0
DA:299,0
DA:301,0
DA:302,0
DA:306,0
DA:307,0
DA:308,0
DA:309,0
DA:310,0
DA:313,0
DA:314,0
DA:315,0
DA:316,0
DA:318,0
DA:319,0
DA:323,0
DA:325,0
DA:326,0
DA:327,0
DA:328,0
DA:330,0
DA:331,0
DA:332,0
DA:335,0
DA:336,0
DA:337,0
DA:340,0
DA:341,0
DA:345,0
DA:346,0
DA:347,0
DA:348,0
DA:349,0
DA:352,0
DA:353,0
DA:354,0
DA:355,0
DA:357,0
DA:358,0
DA:364,0
DA:366,0
DA:367,0
DA:369,0
DA:370,0
DA:371,0
DA:372,0
DA:374,0
DA:375,0
DA:379,0
DA:380,0
DA:382,0
DA:383,0
DA:385,0
DA:386,0
DA:387,0
DA:388,0
DA:390,0
DA:391,0
DA:395,0
DA:396,0
DA:397,0
DA:398,0
DA:401,0
DA:402,0
DA:403,0
DA:405,0
DA:407,0
DA:408,0
DA:409,0
DA:410,0
DA:412,0
DA:413,0
DA:417,0
DA:418,0
DA:419,0
DA:420,0
DA:421,0
DA:423,0
DA:424,0
DA:427,0
DA:428,0
DA:429,0
DA:431,0
DA:433,0
DA:434,0
DA:435,0
DA:436,0
DA:438,0
DA:439,0
DA:443,0
DA:445,0
DA:446,0
DA:447,0
DA:449,0
DA:451,0
DA:452,0
DA:453,0
DA:454,0
DA:456,0
DA:457,0
DA:463,0
DA:464,0
DA:465,0
DA:466,0
DA:472,0
DA:476,0
DA:477,0
DA:479,0
DA:481,0
DA:482,0
DA:483,0
DA:484,0
DA:486,0
DA:487,0
DA:491,0
DA:493,0
DA:494,0
DA:495,0
DA:497,0
DA:499,0
DA:500,0
DA:501,0
DA:502,0
DA:504,0
DA:505,0
DA:509,0
DA:511,0
DA:512,0
DA:513,0
DA:515,0
DA:517,0
DA:518,0
DA:519,0
DA:520,0
DA:522,0
DA:523,0
DA:527,0
DA:528,0
DA:530,0
DA:531,0
DA:532,0
DA:533,0
DA:535,0
DA:536,0
DA:537,0
DA:540,0
DA:541,0
DA:542,0
DA:546,0
DA:547,0
DA:549,0
DA:550,0
DA:551,0
DA:558,0
DA:560,0
DA:561,0
DA:562,0
DA:565,0
DA:566,0
DA:567,0
DA:572,0
DA:573,0
DA:574,0
DA:575,0
DA:576,0
DA:577,0
DA:579,0
DA:580,0
DA:581,0
LF:313
LH:84
BRDA:46,0,0,3
BRDA:46,0,1,1
BRDA:46,1,0,4
BRDA:46,1,1,4
BRDA:46,1,2,1
BRDA:48,2,0,3
BRDA:48,2,1,0
BRDA:49,3,0,3
BRDA:49,3,1,0
BRDA:57,4,0,3
BRDA:57,4,1,0
BRDA:63,5,0,3
BRDA:63,5,1,0
BRDA:110,6,0,0
BRDA:110,6,1,0
BRDA:110,7,0,0
BRDA:110,7,1,0
BRDA:162,8,0,1
BRDA:162,8,1,0
BRDA:162,9,0,1
BRDA:162,9,1,1
BRDA:164,10,0,1
BRDA:164,10,1,0
BRDA:170,11,0,1
BRDA:170,11,1,0
BRDA:171,12,0,1
BRDA:171,12,1,0
BRDA:180,13,0,1
BRDA:180,13,1,0
BRDA:180,14,0,1
BRDA:180,14,1,1
BRDA:182,15,0,1
BRDA:182,15,1,0
BRDA:190,16,0,1
BRDA:190,16,1,1
BRDA:190,17,0,2
BRDA:190,17,1,2
BRDA:191,18,0,1
BRDA:191,18,1,0
BRDA:193,19,0,2
BRDA:193,19,1,0
BRDA:194,20,0,2
BRDA:194,20,1,0
BRDA:204,21,0,1
BRDA:204,21,1,0
BRDA:205,22,0,1
BRDA:205,22,1,0
BRDA:211,23,0,0
BRDA:211,23,1,0
BRDA:214,24,0,1
BRDA:214,24,1,0
BRDA:234,25,0,1
BRDA:234,25,1,0
BRDA:234,26,0,1
BRDA:234,26,1,1
BRDA:239,27,0,0
BRDA:239,27,1,0
BRDA:243,28,0,0
BRDA:243,28,1,1
BRDA:246,29,0,1
BRDA:246,29,1,0
BRDA:247,30,0,1
BRDA:247,30,1,0
BRDA:258,31,0,0
BRDA:258,31,1,0
BRDA:269,32,0,0
BRDA:269,32,1,0
BRDA:269,33,0,0
BRDA:269,33,1,0
BRDA:286,34,0,0
BRDA:286,34,1,0
BRDA:286,35,0,0
BRDA:286,35,1,0
BRDA:290,36,0,0
BRDA:290,36,1,0
BRDA:298,37,0,0
BRDA:298,37,1,0
BRDA:298,38,0,0
BRDA:298,38,1,0
BRDA:299,39,0,0
BRDA:299,39,1,0
BRDA:301,40,0,0
BRDA:301,40,1,0
BRDA:302,41,0,0
BRDA:302,41,1,0
BRDA:306,42,0,0
BRDA:306,42,1,0
BRDA:308,43,0,0
BRDA:308,43,1,0
BRDA:308,44,0,0
BRDA:308,44,1,0
BRDA:308,44,2,0
BRDA:314,45,0,0
BRDA:314,45,1,0
BRDA:326,46,0,0
BRDA:326,46,1,0
BRDA:326,47,0,0
BRDA:326,47,1,0
BRDA:330,48,0,0
BRDA:330,48,1,0
BRDA:337,49,0,0
BRDA:337,49,1,0
BRDA:337,50,0,0
BRDA:337,50,1,0
BRDA:340,51,0,0
BRDA:340,51,1,0
BRDA:341,52,0,0
BRDA:341,52,1,0
BRDA:345,53,0,0
BRDA:345,53,1,0
BRDA:347,54,0,0
BRDA:347,54,1,0
BRDA:347,55,0,0
BRDA:347,55,1,0
BRDA:347,55,2,0
BRDA:353,56,0,0
BRDA:353,56,1,0
BRDA:371,57,0,0
BRDA:371,57,1,0
BRDA:371,58,0,0
BRDA:371,58,1,0
BRDA:372,59,0,0
BRDA:372,59,1,0
BRDA:374,60,0,0
BRDA:374,60,1,0
BRDA:375,61,0,0
BRDA:375,61,1,0
BRDA:380,62,0,0
BRDA:380,62,1,0
BRDA:380,63,0,0
BRDA:380,63,1,0
BRDA:380,64,0,0
BRDA:380,64,1,0
BRDA:387,65,0,0
BRDA:387,65,1,0
BRDA:387,66,0,0
BRDA:387,66,1,0
BRDA:388,67,0,0
BRDA:388,67,1,0
BRDA:390,68,0,0
BRDA:390,68,1,0
BRDA:391,69,0,0
BRDA:391,69,1,0
BRDA:397,70,0,0
BRDA:397,70,1,0
BRDA:397,71,0,0
BRDA:397,71,1,0
BRDA:402,72,0,0
BRDA:402,72,1,0
BRDA:402,73,0,0
BRDA:402,73,1,0
BRDA:409,74,0,0
BRDA:409,74,1,0
BRDA:409,75,0,0
BRDA:409,75,1,0
BRDA:409,75,2,0
BRDA:410,76,0,0
BRDA:410,76,1,0
BRDA:412,77,0,0
BRDA:412,77,1,0
BRDA:413,78,0,0
BRDA:413,78,1,0
BRDA:420,79,0,0
BRDA:420,79,1,0
BRDA:420,80,0,0
BRDA:420,80,1,0
BRDA:423,81,0,0
BRDA:423,81,1,0
BRDA:423,82,0,0
BRDA:423,82,1,0
BRDA:428,83,0,0
BRDA:428,83,1,0
BRDA:428,84,0,0
BRDA:428,84,1,0
BRDA:435,85,0,0
BRDA:435,85,1,0
BRDA:435,86,0,0
BRDA:435,86,1,0
BRDA:435,86,2,0
BRDA:436,87,0,0
BRDA:436,87,1,0
BRDA:438,88,0,0
BRDA:438,88,1,0
BRDA:439,89,0,0
BRDA:439,89,1,0
BRDA:446,90,0,0
BRDA:446,90,1,0
BRDA:446,91,0,0
BRDA:446,91,1,0
BRDA:453,92,0,0
BRDA:453,92,1,0
BRDA:453,93,0,0
BRDA:453,93,1,0
BRDA:453,93,2,0
BRDA:454,94,0,0
BRDA:454,94,1,0
BRDA:456,95,0,0
BRDA:456,95,1,0
BRDA:457,96,0,0
BRDA:457,96,1,0
BRDA:464,97,0,0
BRDA:464,97,1,0
BRDA:465,98,0,0
BRDA:465,98,1,0
BRDA:465,99,0,0
BRDA:465,99,1,0
BRDA:476,100,0,0
BRDA:476,100,1,0
BRDA:476,101,0,0
BRDA:476,101,1,0
BRDA:483,102,0,0
BRDA:483,102,1,0
BRDA:483,103,0,0
BRDA:483,103,1,0
BRDA:483,103,2,0
BRDA:484,104,0,0
BRDA:484,104,1,0
BRDA:486,105,0,0
BRDA:486,105,1,0
BRDA:487,106,0,0
BRDA:487,106,1,0
BRDA:494,107,0,0
BRDA:494,107,1,0
BRDA:494,108,0,0
BRDA:494,108,1,0
BRDA:501,109,0,0
BRDA:501,109,1,0
BRDA:501,110,0,0
BRDA:501,110,1,0
BRDA:501,110,2,0
BRDA:501,110,3,0
BRDA:502,111,0,0
BRDA:502,111,1,0
BRDA:504,112,0,0
BRDA:504,112,1,0
BRDA:505,113,0,0
BRDA:505,113,1,0
BRDA:512,114,0,0
BRDA:512,114,1,0
BRDA:512,115,0,0
BRDA:512,115,1,0
BRDA:519,116,0,0
BRDA:519,116,1,0
BRDA:519,117,0,0
BRDA:519,117,1,0
BRDA:519,117,2,0
BRDA:520,118,0,0
BRDA:520,118,1,0
BRDA:522,119,0,0
BRDA:522,119,1,0
BRDA:523,120,0,0
BRDA:523,120,1,0
BRDA:531,121,0,0
BRDA:531,121,1,0
BRDA:531,122,0,0
BRDA:531,122,1,0
BRDA:535,123,0,0
BRDA:535,123,1,0
BRDA:540,124,0,0
BRDA:540,124,1,0
BRDA:540,124,2,0
BRDA:545,125,0,0
BRDA:550,126,0,0
BRDA:550,126,1,0
BRDA:550,127,0,0
BRDA:550,127,1,0
BRDA:550,127,2,0
BRDA:560,128,0,0
BRDA:560,128,1,0
BRDA:565,129,0,0
BRDA:565,129,1,0
BRDA:565,129,2,0
BRF:272
BRH:35
end_of_record
TN:
SF:src/utils/currencyFormatter.js
FN:15,formatSatsToBtc
FN:40,formatBtcToSats
FNF:2
FNH:0
FNDA:0,formatSatsToBtc
FNDA:0,formatBtcToSats
DA:5,0
DA:16,0
DA:17,0
DA:18,0
DA:19,0
DA:22,0
DA:24,0
DA:25,0
DA:28,0
DA:29,0
DA:41,0
DA:42,0
DA:43,0
DA:44,0
DA:48,0
DA:49,0
DA:52,0
DA:53,0
LF:18
LH:0
BRDA:15,0,0,0
BRDA:15,1,0,0
BRDA:18,2,0,0
BRDA:18,2,1,0
BRDA:18,3,0,0
BRDA:18,3,1,0
BRDA:19,4,0,0
BRDA:19,4,1,0
BRDA:25,5,0,0
BRDA:25,5,1,0
BRDA:29,6,0,0
BRDA:29,6,1,0
BRDA:43,7,0,0
BRDA:43,7,1,0
BRDA:43,8,0,0
BRDA:43,8,1,0
BRF:16
BRH:0
end_of_record
TN:
SF:src/views/AccessDeniedPage.vue
FN:10,(anonymous_0)
FN:45,render
FN:59,(anonymous_2)
FNF:3
FNH:0
FNDA:0,(anonymous_0)
FNDA:0,render
FNDA:0,(anonymous_2)
DA:4,0
DA:7,0
DA:8,0
DA:13,0
DA:22,0
DA:23,0
DA:27,0
DA:32,0
DA:33,0
DA:36,0
DA:37,0
DA:38,0
DA:39,0
DA:42,0
DA:46,0
DA:47,0
DA:59,0
DA:62,0
LF:18
LH:0
BRDA:47,0,0,0
BRDA:47,0,1,0
BRDA:49,1,0,0
BRDA:49,1,1,0
BRDA:53,2,0,0
BRDA:53,2,1,0
BRDA:59,3,0,0
BRDA:59,3,1,0
BRF:8
BRH:0
end_of_record
TN:
SF:src/views/Baccarat.vue
FN:432,render
FN:438,(anonymous_1)
FNF:2
FNH:0
FNDA:0,render
FNDA:0,(anonymous_1)
DA:4,0
DA:5,0
DA:8,0
DA:9,0
DA:412,0
DA:415,0
DA:416,0
DA:417,0
DA:420,0
DA:424,0
DA:428,0
DA:433,0
DA:434,0
DA:438,0
DA:448,0
LF:15
LH:0
BRDA:438,0,0,0
BRDA:438,0,1,0
BRDA:442,1,0,0
BRDA:442,1,1,0
BRDA:442,2,0,0
BRDA:442,2,1,0
BRDA:444,3,0,0
BRDA:444,3,1,0
BRDA:447,4,0,0
BRDA:447,4,1,0
BRDA:447,5,0,0
BRDA:447,5,1,0
BRF:12
BRH:0
end_of_record
TN:
SF:src/views/Blackjack.vue
FN:518,render
FN:524,(anonymous_1)
FN:530,(anonymous_2)
FNF:3
FNH:0
FNDA:0,render
FNDA:0,(anonymous_1)
FNDA:0,(anonymous_2)
DA:4,0
DA:5,0
DA:8,0
DA:9,0
DA:473,0
DA:476,0
DA:477,0
DA:478,0
DA:481,0
DA:484,0
DA:487,0
DA:490,0
DA:494,0
DA:497,0
DA:500,0
DA:503,0
DA:506,0
DA:509,0
DA:512,0
DA:515,0
DA:519,0
DA:520,0
DA:524,0
DA:530,0
DA:538,0
LF:25
LH:0
BRDA:524,0,0,0
BRDA:524,0,1,0
BRDA:530,1,0,0
BRDA:530,1,1,0
BRDA:532,2,0,0
BRDA:532,2,1,0
BRDA:535,3,0,0
BRDA:535,3,1,0
BRDA:535,4,0,0
BRDA:535,4,1,0
BRDA:537,5,0,0
BRDA:537,5,1,0
BRDA:537,6,0,0
BRDA:537,6,1,0
BRDA:537,7,0,0
BRDA:537,7,1,0
BRDA:537,8,0,0
BRDA:537,8,1,0
BRF:18
BRH:0
end_of_record
TN:
SF:src/views/BonusesPage.vue
FN:10,(anonymous_0)
FN:35,render
FNF:2
FNH:0
FNDA:0,(anonymous_0)
FNDA:0,render
DA:4,0
DA:7,0
DA:8,0
DA:13,0
DA:17,0
DA:18,0
DA:22,0
DA:27,0
DA:30,0
DA:31,0
DA:32,0
DA:36,0
DA:37,0
LF:13
LH:0
BRDA:36,0,0,0
BRDA:36,0,1,0
BRF:2
BRH:0
end_of_record
TN:
SF:src/views/Deposit.vue
FN:222,render
FN:235,(anonymous_1)
FN:241,(anonymous_2)
FNF:3
FNH:0
FNDA:0,render
FNDA:0,(anonymous_1)
FNDA:0,(anonymous_2)
DA:4,0
DA:5,0
DA:8,0
DA:176,0
DA:179,0
DA:180,0
DA:181,0
DA:184,0
DA:188,0
DA:192,0
DA:195,0
DA:198,0
DA:202,0
DA:205,0
DA:208,0
DA:209,0
DA:216,0
DA:219,0
DA:223,0
DA:235,0
DA:241,0
DA:262,0
LF:22
LH:0
BRDA:223,0,0,0
BRDA:223,0,1,0
BRDA:225,1,0,0
BRDA:225,1,1,0
BRDA:225,2,0,0
BRDA:225,2,1,0
BRDA:235,3,0,0
BRDA:235,3,1,0
BRDA:237,4,0,0
BRDA:237,4,1,0
BRDA:237,5,0,0
BRDA:237,5,1,0
BRDA:237,6,0,0
BRDA:237,6,1,0
BRDA:241,7,0,0
BRDA:241,7,1,0
BRDA:248,8,0,0
BRDA:248,8,1,0
BRDA:250,9,0,0
BRDA:250,9,1,0
BRDA:250,10,0,0
BRDA:250,10,1,0
BRDA:261,11,0,0
BRDA:261,11,1,0
BRDA:261,12,0,0
BRDA:261,12,1,0
BRF:26
BRH:0
end_of_record
TN:
SF:src/views/Home.vue
FN:183,render
FN:196,(anonymous_1)
FN:203,(anonymous_2)
FN:211,(anonymous_3)
FN:213,(anonymous_4)
FN:224,(anonymous_5)
FN:241,(anonymous_6)
FN:248,(anonymous_7)
FNF:8
FNH:0
FNDA:0,render
FNDA:0,(anonymous_1)
FNDA:0,(anonymous_2)
FNDA:0,(anonymous_3)
FNDA:0,(anonymous_4)
FNDA:0,(anonymous_5)
FNDA:0,(anonymous_6)
FNDA:0,(anonymous_7)
DA:4,0
DA:7,0
DA:8,0
DA:9,0
DA:130,0
DA:133,0
DA:134,0
DA:135,0
DA:138,0
DA:141,0
DA:144,0
DA:147,0
DA:150,0
DA:154,0
DA:158,0
DA:162,0
DA:166,0
DA:169,0
DA:170,0
DA:174,0
DA:177,0
DA:180,0
DA:184,0
DA:185,0
DA:196,0
DA:203,0
DA:211,0
DA:214,0
DA:224,0
DA:241,0
DA:248,0
DA:251,0
LF:32
LH:0
BRDA:185,0,0,0
BRDA:185,0,1,0
BRDA:187,1,0,0
BRDA:187,1,1,0
BRDA:189,2,0,0
BRDA:189,2,1,0
BRDA:191,3,0,0
BRDA:191,3,1,0
BRDA:196,4,0,0
BRDA:196,4,1,0
BRDA:203,5,0,0
BRDA:203,5,1,0
BRDA:205,6,0,0
BRDA:205,6,1,0
BRDA:205,7,0,0
BRDA:205,7,1,0
BRDA:207,8,0,0
BRDA:207,8,1,0
BRDA:207,9,0,0
BRDA:207,9,1,0
BRDA:207,10,0,0
BRDA:207,10,1,0
BRDA:207,11,0,0
BRDA:207,11,1,0
BRDA:207,11,2,0
BRDA:207,12,0,0
BRDA:207,12,1,0
BRDA:211,13,0,0
BRDA:211,13,1,0
BRDA:213,14,0,0
BRDA:213,14,1,0
BRDA:224,15,0,0
BRDA:224,15,1,0
BRDA:229,16,0,0
BRDA:229,16,1,0
BRDA:234,17,0,0
BRDA:234,17,1,0
BRDA:236,18,0,0
BRDA:236,18,1,0
BRDA:241,19,0,0
BRDA:241,19,1,0
BRDA:248,20,0,0
BRDA:248,20,1,0
BRF:43
BRH:0
end_of_record
TN:
SF:src/views/Login.vue
FN:271,render
FN:288,(anonymous_1)
FN:294,(anonymous_2)
FN:307,(anonymous_3)
FN:356,(anonymous_4)
FNF:5
FNH:0
FNDA:0,render
FNDA:0,(anonymous_1)
FNDA:0,(anonymous_2)
FNDA:0,(anonymous_3)
FNDA:0,(anonymous_4)
DA:4,0
DA:5,0
DA:8,0
DA:9,0
DA:10,0
DA:11,0
DA:26,0
DA:27,0
DA:28,0
DA:232,0
DA:233,0
DA:236,0
DA:237,0
DA:238,0
DA:239,0
DA:242,0
DA:245,0
DA:248,0
DA:252,0
DA:256,0
DA:257,0
DA:264,0
DA:268,0
DA:272,0
DA:273,0
DA:288,0
DA:294,0
DA:307,0
DA:356,0
DA:359,0
LF:30
LH:0
BRDA:273,0,0,0
BRDA:273,0,1,0
BRDA:282,1,0,0
BRDA:282,1,1,0
BRDA:288,2,0,0
BRDA:288,2,1,0
BRDA:290,3,0,0
BRDA:290,3,1,0
BRDA:294,4,0,0
BRDA:294,4,1,0
BRDA:303,5,0,0
BRDA:303,5,1,0
BRDA:303,6,0,0
BRDA:303,6,1,0
BRDA:307,7,0,0
BRDA:307,7,1,0
BRDA:316,8,0,0
BRDA:316,8,1,0
BRDA:316,9,0,0
BRDA:316,9,1,0
BRDA:329,10,0,0
BRDA:329,10,1,0
BRDA:329,11,0,0
BRDA:329,11,1,0
BRDA:340,12,0,0
BRDA:340,12,1,0
BRDA:340,13,0,0
BRDA:340,13,1,0
BRDA:350,14,0,0
BRDA:350,14,1,0
BRDA:350,15,0,0
BRDA:350,15,1,0
BRDA:356,16,0,0
BRDA:356,16,1,0
BRF:34
BRH:0
end_of_record
TN:
SF:src/views/NotFoundPage.vue
FN:24,render
FN:36,(anonymous_1)
FNF:2
FNH:0
FNDA:0,render
FNDA:0,(anonymous_1)
DA:4,0
DA:7,0
DA:8,0
DA:11,0
DA:13,0
DA:16,0
DA:17,0
DA:18,0
DA:21,0
DA:25,0
DA:26,0
DA:36,0
DA:39,0
LF:13
LH:0
BRDA:26,0,0,0
BRDA:26,0,1,0
BRDA:28,1,0,0
BRDA:28,1,1,0
BRDA:30,2,0,0
BRDA:30,2,1,0
BRDA:36,3,0,0
BRDA:36,3,1,0
BRF:8
BRH:0
end_of_record
TN:
SF:src/views/Plinko.vue
FN:180,render
FN:182,(anonymous_1)
FN:187,(anonymous_2)
FN:192,(anonymous_3)
FN:197,(anonymous_4)
FNF:5
FNH:0
FNDA:0,render
FNDA:0,(anonymous_1)
FNDA:0,(anonymous_2)
FNDA:0,(anonymous_3)
FNDA:0,(anonymous_4)
DA:4,0
DA:5,0
DA:8,0
DA:150,0
DA:152,0
DA:155,0
DA:156,0
DA:157,0
DA:160,0
DA:164,0
DA:167,0
DA:170,0
DA:171,0
DA:174,0
DA:177,0
DA:181,0
DA:182,0
DA:187,0
DA:192,0
DA:197,0
DA:201,0
LF:21
LH:0
BRDA:182,0,0,0
BRDA:182,0,1,0
BRDA:187,1,0,0
BRDA:187,1,1,0
BRDA:192,2,0,0
BRDA:192,2,1,0
BRDA:197,3,0,0
BRDA:197,3,1,0
BRDA:197,4,0,0
BRDA:197,4,1,0
BRF:10
BRH:0
end_of_record
TN:
SF:src/views/PokerTable.vue
FN:456,render
FN:457,(anonymous_1)
FN:462,(anonymous_2)
FN:471,(anonymous_3)
FN:479,(anonymous_4)
FN:485,(anonymous_5)
FN:498,(anonymous_6)
FN:501,(anonymous_7)
FN:504,(anonymous_8)
FN:508,(anonymous_9)
FN:514,(anonymous_10)
FN:517,(anonymous_11)
FN:525,(anonymous_12)
FNF:13
FNH:0
FNDA:0,render
FNDA:0,(anonymous_1)
FNDA:0,(anonymous_2)
FNDA:0,(anonymous_3)
FNDA:0,(anonymous_4)
FNDA:0,(anonymous_5)
FNDA:0,(anonymous_6)
FNDA:0,(anonymous_7)
FNDA:0,(anonymous_8)
FNDA:0,(anonymous_9)
FNDA:0,(anonymous_10)
FNDA:0,(anonymous_11)
FNDA:0,(anonymous_12)
DA:4,0
DA:5,0
DA:8,0
DA:9,0
DA:10,0
DA:11,0
DA:361,0
DA:364,0
DA:365,0
DA:366,0
DA:369,0
DA:372,0
DA:375,0
DA:378,0
DA:382,0
DA:386,0
DA:389,0
DA:393,0
DA:396,0
DA:399,0
DA:402,0
DA:405,0
DA:408,0
DA:411,0
DA:414,0
DA:417,0
DA:420,0
DA:424,0
DA:428,0
DA:431,0
DA:434,0
DA:435,0
DA:439,0
DA:440,0
DA:441,0
DA:442,0
DA:445,0
DA:446,0
DA:447,0
DA:448,0
DA:452,0
DA:457,0
DA:458,0
DA:463,0
DA:472,0
DA:479,0
DA:485,0
DA:498,0
DA:501,0
DA:504,0
DA:508,0
DA:514,0
DA:517,0
DA:526,0
DA:530,0
LF:55
LH:0
BRDA:457,0,0,0
BRDA:457,0,1,0
BRDA:457,1,0,0
BRDA:457,1,1,0
BRDA:457,1,2,0
BRDA:457,2,0,0
BRDA:457,2,1,0
BRDA:457,3,0,0
BRDA:457,3,1,0
BRDA:457,4,0,0
BRDA:457,4,1,0
BRDA:457,5,0,0
BRDA:457,5,1,0
BRDA:457,6,0,0
BRDA:457,6,1,0
BRDA:457,7,0,0
BRDA:457,7,1,0
BRDA:457,8,0,0
BRDA:457,8,1,0
BRDA:457,9,0,0
BRDA:457,9,1,0
BRDA:457,10,0,0
BRDA:457,10,1,0
BRDA:457,11,0,0
BRDA:457,11,1,0
BRDA:457,12,0,0
BRDA:457,12,1,0
BRDA:457,13,0,0
BRDA:457,13,1,0
BRDA:457,14,0,0
BRDA:457,14,1,0
BRDA:466,15,0,0
BRDA:466,15,1,0
BRDA:471,16,0,0
BRDA:471,16,1,0
BRDA:471,17,0,0
BRDA:471,17,1,0
BRDA:471,18,0,0
BRDA:471,18,1,0
BRDA:471,19,0,0
BRDA:471,19,1,0
BRDA:476,20,0,0
BRDA:476,20,1,0
BRDA:476,21,0,0
BRDA:476,21,1,0
BRDA:477,22,0,0
BRDA:477,22,1,0
BRDA:479,23,0,0
BRDA:479,23,1,0
BRDA:485,24,0,0
BRDA:485,24,1,0
BRDA:493,25,0,0
BRDA:493,25,1,0
BRDA:497,26,0,0
BRDA:497,26,1,0
BRDA:497,27,0,0
BRDA:497,27,1,0
BRDA:497,28,0,0
BRDA:497,28,1,0
BRDA:498,29,0,0
BRDA:498,29,1,0
BRDA:501,30,0,0
BRDA:501,30,1,0
BRDA:504,31,0,0
BRDA:504,31,1,0
BRDA:508,32,0,0
BRDA:508,32,1,0
BRDA:514,33,0,0
BRDA:514,33,1,0
BRDA:515,34,0,0
BRDA:515,34,1,0
BRDA:517,35,0,0
BRDA:517,35,1,0
BRDA:518,36,0,0
BRDA:518,36,1,0
BRDA:519,37,0,0
BRDA:519,37,1,0
BRDA:525,38,0,0
BRDA:525,38,1,0
BRDA:525,39,0,0
BRDA:525,39,1,0
BRDA:525,39,2,0
BRDA:525,40,0,0
BRDA:525,40,1,0
BRDA:529,41,0,0
BRDA:529,41,1,0
BRDA:529,42,0,0
BRDA:529,42,1,0
BRDA:529,42,2,0
BRF:89
BRH:0
end_of_record
TN:
SF:src/views/PokerTables.vue
FN:130,render
FN:132,(anonymous_1)
FN:145,(anonymous_2)
FNF:3
FNH:0
FNDA:0,render
FNDA:0,(anonymous_1)
FNDA:0,(anonymous_2)
DA:4,0
DA:5,0
DA:8,0
DA:103,0
DA:106,0
DA:107,0
DA:108,0
DA:111,0
DA:115,0
DA:119,0
DA:122,0
DA:126,0
DA:131,0
DA:132,0
DA:133,0
DA:145,0
DA:149,0
LF:17
LH:0
BRDA:132,0,0,0
BRDA:132,0,1,0
BRDA:132,1,0,0
BRDA:132,1,1,0
BRDA:132,2,0,0
BRDA:132,2,1,0
BRDA:132,3,0,0
BRDA:132,3,1,0
BRDA:132,4,0,0
BRDA:132,4,1,0
BRDA:132,5,0,0
BRDA:132,5,1,0
BRDA:132,6,0,0
BRDA:132,6,1,0
BRDA:132,7,0,0
BRDA:132,7,1,0
BRDA:132,7,2,0
BRDA:132,8,0,0
BRDA:132,8,1,0
BRDA:132,9,0,0
BRDA:132,9,1,0
BRDA:132,9,2,0
BRDA:136,10,0,0
BRDA:136,10,1,0
BRDA:136,11,0,0
BRDA:136,11,1,0
BRDA:136,12,0,0
BRDA:136,12,1,0
BRDA:136,13,0,0
BRDA:136,13,1,0
BRDA:136,14,0,0
BRDA:136,14,1,0
BRDA:136,15,0,0
BRDA:136,15,1,0
BRDA:136,16,0,0
BRDA:136,16,1,0
BRDA:145,17,0,0
BRDA:145,17,1,0
BRF:38
BRH:0
end_of_record
TN:
SF:src/views/PromotionsPage.vue
FN:10,(anonymous_0)
FN:35,render
FNF:2
FNH:0
FNDA:0,(anonymous_0)
FNDA:0,render
DA:4,0
DA:7,0
DA:8,0
DA:13,0
DA:17,0
DA:18,0
DA:22,0
DA:27,0
DA:30,0
DA:31,0
DA:32,0
DA:36,0
DA:37,0
LF:13
LH:0
BRDA:36,0,0,0
BRDA:36,0,1,0
BRF:2
BRH:0
end_of_record
TN:
SF:src/views/Register.vue
FN:445,render
FN:459,(anonymous_1)
FN:467,(anonymous_2)
FN:473,(anonymous_3)
FN:479,(anonymous_4)
FN:486,(anonymous_5)
FN:492,(anonymous_6)
FN:499,(anonymous_7)
FN:505,(anonymous_8)
FN:508,(anonymous_9)
FN:516,(anonymous_10)
FN:522,(anonymous_11)
FN:546,(anonymous_12)
FNF:13
FNH:0
FNDA:0,render
FNDA:0,(anonymous_1)
FNDA:0,(anonymous_2)
FNDA:0,(anonymous_3)
FNDA:0,(anonymous_4)
FNDA:0,(anonymous_5)
FNDA:0,(anonymous_6)
FNDA:0,(anonymous_7)
FNDA:0,(anonymous_8)
FNDA:0,(anonymous_9)
FNDA:0,(anonymous_10)
FNDA:0,(anonymous_11)
FNDA:0,(anonymous_12)
DA:4,0
DA:5,0
DA:8,0
DA:9,0
DA:10,0
DA:11,0
DA:29,0
DA:30,0
DA:31,0
DA:394,0
DA:395,0
DA:398,0
DA:399,0
DA:400,0
DA:401,0
DA:404,0
DA:407,0
DA:411,0
DA:414,0
DA:418,0
DA:422,0
DA:426,0
DA:430,0
DA:434,0
DA:435,0
DA:442,0
DA:446,0
DA:447,0
DA:459,0
DA:467,0
DA:473,0
DA:479,0
DA:486,0
DA:492,0
DA:499,0
DA:505,0
DA:509,0
DA:516,0
DA:522,0
DA:546,0
DA:549,0
LF:41
LH:0
BRDA:447,0,0,0
BRDA:447,0,1,0
BRDA:453,1,0,0
BRDA:453,1,1,0
BRDA:453,2,0,0
BRDA:453,2,1,0
BRDA:455,3,0,0
BRDA:455,3,1,0
BRDA:459,4,0,0
BRDA:459,4,1,0
BRDA:461,5,0,0
BRDA:461,5,1,0
BRDA:461,6,0,0
BRDA:461,6,1,0
BRDA:467,7,0,0
BRDA:467,7,1,0
BRDA:469,8,0,0
BRDA:469,8,1,0
BRDA:473,9,0,0
BRDA:473,9,1,0
BRDA:479,10,0,0
BRDA:479,10,1,0
BRDA:482,11,0,0
BRDA:482,11,1,0
BRDA:482,12,0,0
BRDA:482,12,1,0
BRDA:486,13,0,0
BRDA:486,13,1,0
BRDA:492,14,0,0
BRDA:492,14,1,0
BRDA:495,15,0,0
BRDA:495,15,1,0
BRDA:495,16,0,0
BRDA:495,16,1,0
BRDA:499,17,0,0
BRDA:499,17,1,0
BRDA:505,18,0,0
BRDA:505,18,1,0
BRDA:508,19,0,0
BRDA:508,19,1,0
BRDA:508,20,0,0
BRDA:508,20,1,0
BRDA:508,21,0,0
BRDA:508,21,1,0
BRDA:512,22,0,0
BRDA:512,22,1,0
BRDA:516,23,0,0
BRDA:516,23,1,0
BRDA:522,24,0,0
BRDA:522,24,1,0
BRDA:525,25,0,0
BRDA:525,25,1,0
BRDA:527,26,0,0
BRDA:527,26,1,0
BRDA:529,27,0,0
BRDA:529,27,1,0
BRDA:529,28,0,0
BRDA:529,28,1,0
BRDA:540,29,0,0
BRDA:540,29,1,0
BRDA:540,30,0,0
BRDA:540,30,1,0
BRDA:546,31,0,0
BRDA:546,31,1,0
BRF:64
BRH:0
end_of_record
TN:
SF:src/views/Roulette.vue
FN:335,render
FN:363,(anonymous_1)
FN:369,(anonymous_2)
FN:372,(anonymous_3)
FN:375,(anonymous_4)
FN:378,(anonymous_5)
FNF:6
FNH:0
FNDA:0,render
FNDA:0,(anonymous_1)
FNDA:0,(anonymous_2)
FNDA:0,(anonymous_3)
FNDA:0,(anonymous_4)
FNDA:0,(anonymous_5)
DA:4,0
DA:5,0
DA:8,0
DA:9,0
DA:10,0
DA:28,0
DA:276,0
DA:278,0
DA:281,0
DA:282,0
DA:283,0
DA:286,0
DA:289,0
DA:292,0
DA:296,0
DA:299,0
DA:302,0
DA:305,0
DA:308,0
DA:311,0
DA:315,0
DA:319,0
DA:322,0
DA:325,0
DA:326,0
DA:329,0
DA:332,0
DA:336,0
DA:363,0
DA:369,0
DA:372,0
DA:375,0
DA:378,0
DA:381,0
LF:34
LH:0
BRDA:336,0,0,0
BRDA:336,0,1,0
BRDA:338,1,0,0
BRDA:338,1,1,0
BRDA:340,2,0,0
BRDA:340,2,1,0
BRDA:340,3,0,0
BRDA:340,3,1,0
BRDA:340,4,0,0
BRDA:340,4,1,0
BRDA:340,5,0,0
BRDA:340,5,1,0
BRDA:340,6,0,0
BRDA:340,6,1,0
BRDA:340,7,0,0
BRDA:340,7,1,0
BRDA:340,8,0,0
BRDA:340,8,1,0
BRDA:342,9,0,0
BRDA:342,9,1,0
BRDA:344,10,0,0
BRDA:344,10,1,0
BRDA:345,11,0,0
BRDA:345,11,1,0
BRDA:350,12,0,0
BRDA:350,12,1,0
BRDA:352,13,0,0
BRDA:352,13,1,0
BRDA:363,14,0,0
BRDA:363,14,1,0
BRDA:363,15,0,0
BRDA:363,15,1,0
BRDA:364,16,0,0
BRDA:364,16,1,0
BRDA:366,17,0,0
BRDA:366,17,1,0
BRDA:366,18,0,0
BRDA:366,18,1,0
BRDA:369,19,0,0
BRDA:369,19,1,0
BRDA:372,20,0,0
BRDA:372,20,1,0
BRDA:375,21,0,0
BRDA:375,21,1,0
BRDA:378,22,0,0
BRDA:378,22,1,0
BRF:46
BRH:0
end_of_record
TN:
SF:src/views/Settings.vue
FN:393,render
FN:403,(anonymous_1)
FN:419,(anonymous_2)
FN:447,(anonymous_3)
FN:452,(anonymous_4)
FN:463,(anonymous_5)
FNF:6
FNH:0
FNDA:0,render
FNDA:0,(anonymous_1)
FNDA:0,(anonymous_2)
FNDA:0,(anonymous_3)
FNDA:0,(anonymous_4)
FNDA:0,(anonymous_5)
DA:4,0
DA:5,0
DA:8,0
DA:9,0
DA:333,0
DA:336,0
DA:337,0
DA:338,0
DA:341,0
DA:345,0
DA:349,0
DA:353,0
DA:354,0
DA:358,0
DA:361,0
DA:362,0
DA:369,0
DA:373,0
DA:377,0
DA:378,0
DA:382,0
DA:385,0
DA:386,0
DA:394,0
DA:403,0
DA:419,0
DA:447,0
DA:452,0
DA:463,0
DA:485,0
LF:30
LH:0
BRDA:394,0,0,0
BRDA:394,0,1,0
BRDA:396,1,0,0
BRDA:396,1,1,0
BRDA:399,2,0,0
BRDA:399,2,1,0
BRDA:403,3,0,0
BRDA:403,3,1,0
BRDA:404,4,0,0
BRDA:404,4,1,0
BRDA:404,5,0,0
BRDA:404,5,1,0
BRDA:413,6,0,0
BRDA:413,6,1,0
BRDA:415,7,0,0
BRDA:415,7,1,0
BRDA:419,8,0,0
BRDA:419,8,1,0
BRDA:425,9,0,0
BRDA:425,9,1,0
BRDA:427,10,0,0
BRDA:427,10,1,0
BRDA:427,10,2,0
BRDA:429,11,0,0
BRDA:429,11,1,0
BRDA:429,12,0,0
BRDA:429,12,1,0
BRDA:440,13,0,0
BRDA:440,13,1,0
BRDA:443,14,0,0
BRDA:443,14,1,0
BRDA:447,15,0,0
BRDA:447,15,1,0
BRDA:448,16,0,0
BRDA:448,16,1,0
BRDA:448,17,0,0
BRDA:448,17,1,0
BRDA:452,18,0,0
BRDA:452,18,1,0
BRDA:457,19,0,0
BRDA:457,19,1,0
BRDA:459,20,0,0
BRDA:459,20,1,0
BRDA:459,21,0,0
BRDA:459,21,1,0
BRDA:463,22,0,0
BRDA:463,22,1,0
BRDA:469,23,0,0
BRDA:469,23,1,0
BRDA:471,24,0,0
BRDA:471,24,1,0
BRDA:471,24,2,0
BRDA:471,24,3,0
BRDA:473,25,0,0
BRDA:473,25,1,0
BRDA:473,26,0,0
BRDA:473,26,1,0
BRDA:484,27,0,0
BRDA:484,27,1,0
BRF:59
BRH:0
end_of_record
TN:
SF:src/views/Slot.vue
FN:850,render
FN:856,(anonymous_1)
FNF:2
FNH:0
FNDA:0,render
FNDA:0,(anonymous_1)
DA:4,0
DA:5,0
DA:8,0
DA:9,0
DA:41,0
DA:42,0
DA:813,0
DA:816,0
DA:817,0
DA:818,0
DA:821,0
DA:824,0
DA:827,0
DA:830,0
DA:834,0
DA:837,0
DA:840,0
DA:843,0
DA:846,0
DA:851,0
DA:852,0
DA:856,0
DA:870,0
LF:23
LH:0
BRDA:856,0,0,0
BRDA:856,0,1,0
BRDA:864,1,0,0
BRDA:864,1,1,0
BRDA:867,2,0,0
BRDA:867,2,1,0
BRDA:867,3,0,0
BRDA:867,3,1,0
BRDA:869,4,0,0
BRDA:869,4,1,0
BRDA:869,5,0,0
BRDA:869,5,1,0
BRF:12
BRH:0
end_of_record
TN:
SF:src/views/Slots.vue
FN:230,render
FN:236,(anonymous_1)
FN:249,(anonymous_2)
FN:255,(anonymous_3)
FN:266,(anonymous_4)
FNF:5
FNH:0
FNDA:0,render
FNDA:0,(anonymous_1)
FNDA:0,(anonymous_2)
FNDA:0,(anonymous_3)
FNDA:0,(anonymous_4)
DA:4,0
DA:5,0
DA:8,0
DA:9,0
DA:10,0
DA:167,0
DA:170,0
DA:171,0
DA:172,0
DA:175,0
DA:178,0
DA:181,0
DA:185,0
DA:189,0
DA:193,0
DA:197,0
DA:200,0
DA:203,0
DA:204,0
DA:208,0
DA:211,0
DA:214,0
DA:217,0
DA:220,0
DA:223,0
DA:226,0
DA:231,0
DA:232,0
DA:236,0
DA:249,0
DA:256,0
DA:266,0
DA:287,0
LF:33
LH:0
BRDA:232,0,0,0
BRDA:232,0,1,0
BRDA:236,1,0,0
BRDA:236,1,1,0
BRDA:239,2,0,0
BRDA:239,2,1,0
BRDA:243,3,0,0
BRDA:243,3,1,0
BRDA:243,4,0,0
BRDA:243,4,1,0
BRDA:249,5,0,0
BRDA:249,5,1,0
BRDA:251,6,0,0
BRDA:251,6,1,0
BRDA:251,7,0,0
BRDA:251,7,1,0
BRDA:251,7,2,0
BRDA:251,8,0,0
BRDA:251,8,1,0
BRDA:253,9,0,0
BRDA:253,9,1,0
BRDA:253,10,0,0
BRDA:253,10,1,0
BRDA:253,11,0,0
BRDA:253,11,1,0
BRDA:266,12,0,0
BRDA:266,12,1,0
BRDA:271,13,0,0
BRDA:271,13,1,0
BRDA:273,14,0,0
BRDA:273,14,1,0
BRDA:273,15,0,0
BRDA:273,15,1,0
BRDA:275,16,0,0
BRDA:275,16,1,0
BRDA:277,17,0,0
BRDA:277,17,1,0
BRDA:277,18,0,0
BRDA:277,18,1,0
BRDA:279,19,0,0
BRDA:279,19,1,0
BRF:41
BRH:0
end_of_record
TN:
SF:src/views/Spacecrash.vue
FN:791,render
FN:806,(anonymous_1)
FN:816,(anonymous_2)
FN:842,(anonymous_3)
FN:851,(anonymous_4)
FNF:5
FNH:0
FNDA:0,render
FNDA:0,(anonymous_1)
FNDA:0,(anonymous_2)
FNDA:0,(anonymous_3)
FNDA:0,(anonymous_4)
DA:4,0
DA:5,0
DA:8,0
DA:633,0
DA:636,0
DA:637,0
DA:638,0
DA:641,0
DA:644,0
DA:647,0
DA:650,0
DA:653,0
DA:656,0
DA:659,0
DA:662,0
DA:665,0
DA:668,0
DA:671,0
DA:674,0
DA:678,0
DA:682,0
DA:685,0
DA:689,0
DA:692,0
DA:695,0
DA:699,0
DA:702,0
DA:705,0
DA:708,0
DA:709,0
DA:713,0
DA:717,0
DA:720,0
DA:723,0
DA:726,0
DA:727,0
DA:730,0
DA:733,0
DA:737,0
DA:740,0
DA:743,0
DA:746,0
DA:749,0
DA:752,0
DA:755,0
DA:758,0
DA:761,0
DA:765,0
DA:769,0
DA:772,0
DA:776,0
DA:779,0
DA:783,0
DA:786,0
DA:787,0
DA:792,0
DA:806,0
DA:816,0
DA:843,0
DA:852,0
DA:862,0
LF:61
LH:0
BRDA:792,0,0,0
BRDA:792,0,1,0
BRDA:792,1,0,0
BRDA:792,1,1,0
BRDA:796,2,0,0
BRDA:796,2,1,0
BRDA:799,3,0,0
BRDA:799,3,1,0
BRDA:799,4,0,0
BRDA:799,4,1,0
BRDA:799,5,0,0
BRDA:799,5,1,0
BRDA:799,6,0,0
BRDA:799,6,1,0
BRDA:799,7,0,0
BRDA:799,7,1,0
BRDA:799,8,0,0
BRDA:799,8,1,0
BRDA:801,9,0,0
BRDA:801,9,1,0
BRDA:801,10,0,0
BRDA:801,10,1,0
BRDA:801,11,0,0
BRDA:801,11,1,0
BRDA:801,12,0,0
BRDA:801,12,1,0
BRDA:801,13,0,0
BRDA:801,13,1,0
BRDA:801,14,0,0
BRDA:801,14,1,0
BRDA:801,15,0,0
BRDA:801,15,1,0
BRDA:801,16,0,0
BRDA:801,16,1,0
BRDA:806,17,0,0
BRDA:806,17,1,0
BRDA:811,18,0,0
BRDA:811,18,1,0
BRDA:816,19,0,0
BRDA:816,19,1,0
BRDA:826,20,0,0
BRDA:826,20,1,0
BRDA:826,21,0,0
BRDA:826,21,1,0
BRDA:826,22,0,0
BRDA:826,22,1,0
BRDA:826,23,0,0
BRDA:826,23,1,0
BRDA:828,24,0,0
BRDA:828,24,1,0
BRDA:828,25,0,0
BRDA:828,25,1,0
BRDA:828,26,0,0
BRDA:828,26,1,0
BRDA:828,27,0,0
BRDA:828,27,1,0
BRDA:831,28,0,0
BRDA:831,28,1,0
BRDA:832,29,0,0
BRDA:832,29,1,0
BRDA:832,30,0,0
BRDA:832,30,1,0
BRDA:840,31,0,0
BRDA:840,31,1,0
BRDA:840,32,0,0
BRDA:840,32,1,0
BRDA:840,33,0,0
BRDA:840,33,1,0
BRDA:840,34,0,0
BRDA:840,34,1,0
BRDA:840,34,2,0
BRDA:840,35,0,0
BRDA:840,35,1,0
BRDA:848,36,0,0
BRDA:848,36,1,0
BRDA:848,37,0,0
BRDA:848,37,1,0
BRDA:848,38,0,0
BRDA:848,38,1,0
BRDA:848,39,0,0
BRDA:848,39,1,0
BRDA:848,40,0,0
BRDA:848,40,1,0
BRDA:848,41,0,0
BRDA:848,41,1,0
BRDA:848,42,0,0
BRDA:848,42,1,0
BRDA:848,43,0,0
BRDA:848,43,1,0
BRDA:848,44,0,0
BRDA:848,44,1,0
BRDA:849,45,0,0
BRDA:849,45,1,0
BRDA:849,46,0,0
BRDA:849,46,1,0
BRDA:849,47,0,0
BRDA:849,47,1,0
BRDA:849,48,0,0
BRDA:849,48,1,0
BRDA:857,49,0,0
BRDA:857,49,1,0
BRDA:860,50,0,0
BRDA:860,50,1,0
BRF:103
BRH:0
end_of_record
TN:
SF:src/views/Tables.vue
FN:220,render
FN:226,(anonymous_1)
FN:239,(anonymous_2)
FN:245,(anonymous_3)
FN:256,(anonymous_4)
FNF:5
FNH:0
FNDA:0,render
FNDA:0,(anonymous_1)
FNDA:0,(anonymous_2)
FNDA:0,(anonymous_3)
FNDA:0,(anonymous_4)
DA:4,0
DA:5,0
DA:8,0
DA:9,0
DA:10,0
DA:160,0
DA:163,0
DA:164,0
DA:165,0
DA:168,0
DA:171,0
DA:174,0
DA:178,0
DA:182,0
DA:186,0
DA:190,0
DA:193,0
DA:196,0
DA:199,0
DA:202,0
DA:205,0
DA:208,0
DA:211,0
DA:214,0
DA:217,0
DA:221,0
DA:222,0
DA:226,0
DA:239,0
DA:246,0
DA:256,0
DA:272,0
LF:32
LH:0
BRDA:222,0,0,0
BRDA:222,0,1,0
BRDA:226,1,0,0
BRDA:226,1,1,0
BRDA:229,2,0,0
BRDA:229,2,1,0
BRDA:233,3,0,0
BRDA:233,3,1,0
BRDA:233,4,0,0
BRDA:233,4,1,0
BRDA:239,5,0,0
BRDA:239,5,1,0
BRDA:241,6,0,0
BRDA:241,6,1,0
BRDA:241,7,0,0
BRDA:241,7,1,0
BRDA:241,7,2,0
BRDA:241,8,0,0
BRDA:241,8,1,0
BRDA:243,9,0,0
BRDA:243,9,1,0
BRDA:243,10,0,0
BRDA:243,10,1,0
BRDA:243,11,0,0
BRDA:243,11,1,0
BRDA:256,12,0,0
BRDA:256,12,1,0
BRDA:258,13,0,0
BRDA:258,13,1,0
BRDA:258,14,0,0
BRDA:258,14,1,0
BRDA:260,15,0,0
BRDA:260,15,1,0
BRDA:262,16,0,0
BRDA:262,16,1,0
BRDA:264,17,0,0
BRDA:264,17,1,0
BRF:37
BRH:0
end_of_record
TN:
SF:src/views/TransactionsPage.vue
FN:10,(anonymous_0)
FN:35,render
FNF:2
FNH:0
FNDA:0,(anonymous_0)
FNDA:0,render
DA:4,0
DA:7,0
DA:8,0
DA:13,0
DA:17,0
DA:18,0
DA:22,0
DA:27,0
DA:30,0
DA:31,0
DA:32,0
DA:36,0
DA:37,0
LF:13
LH:0
BRDA:36,0,0,0
BRDA:36,0,1,0
BRF:2
BRH:0
end_of_record
TN:
SF:src/views/Withdraw.vue
FN:313,render
FN:320,(anonymous_1)
FN:329,(anonymous_2)
FN:342,(anonymous_3)
FNF:4
FNH:0
FNDA:0,render
FNDA:0,(anonymous_1)
FNDA:0,(anonymous_2)
FNDA:0,(anonymous_3)
DA:4,0
DA:5,0
DA:8,0
DA:261,0
DA:264,0
DA:265,0
DA:266,0
DA:269,0
DA:273,0
DA:277,0
DA:280,0
DA:283,0
DA:286,0
DA:290,0
DA:294,0
DA:298,0
DA:302,0
DA:305,0
DA:306,0
DA:314,0
DA:320,0
DA:329,0
DA:342,0
DA:366,0
LF:24
LH:0
BRDA:314,0,0,0
BRDA:314,0,1,0
BRDA:316,1,0,0
BRDA:316,1,1,0
BRDA:316,2,0,0
BRDA:316,2,1,0
BRDA:320,3,0,0
BRDA:320,3,1,0
BRDA:322,4,0,0
BRDA:322,4,1,0
BRDA:325,5,0,0
BRDA:325,5,1,0
BRDA:329,6,0,0
BRDA:329,6,1,0
BRDA:338,7,0,0
BRDA:338,7,1,0
BRDA:338,8,0,0
BRDA:338,8,1,0
BRDA:338,9,0,0
BRDA:338,9,1,0
BRDA:342,10,0,0
BRDA:342,10,1,0
BRDA:348,11,0,0
BRDA:348,11,1,0
BRDA:350,12,0,0
BRDA:350,12,1,0
BRDA:352,13,0,0
BRDA:352,13,1,0
BRDA:352,14,0,0
BRDA:352,14,1,0
BRDA:363,15,0,0
BRDA:363,15,1,0
BRDA:363,16,0,0
BRDA:363,16,1,0
BRF:34
BRH:0
end_of_record
TN:
SF:src/views/admin/AdminDashboard.vue
FN:147,render
FNF:1
FNH:0
FNDA:0,render
DA:4,0
DA:5,0
DA:8,0
DA:79,0
DA:81,0
DA:84,0
DA:85,0
DA:86,0
DA:89,0
DA:93,0
DA:97,0
DA:101,0
DA:104,0
DA:107,0
DA:110,0
DA:113,0
DA:116,0
DA:119,0
DA:122,0
DA:125,0
DA:128,0
DA:131,0
DA:134,0
DA:137,0
DA:140,0
DA:143,0
DA:148,0
DA:173,0
LF:28
LH:0
BRDA:148,0,0,0
BRDA:148,0,1,0
BRDA:150,1,0,0
BRDA:150,1,1,0
BRDA:150,2,0,0
BRDA:150,2,1,0
BRDA:152,3,0,0
BRDA:152,3,1,0
BRDA:154,4,0,0
BRDA:154,4,1,0
BRDA:154,5,0,0
BRDA:154,5,1,0
BRDA:156,6,0,0
BRDA:156,6,1,0
BRDA:156,7,0,0
BRDA:156,7,1,0
BRDA:158,8,0,0
BRDA:158,8,1,0
BRDA:160,9,0,0
BRDA:160,9,1,0
BRDA:162,10,0,0
BRDA:162,10,1,0
BRDA:164,11,0,0
BRDA:164,11,1,0
BRDA:166,12,0,0
BRDA:166,12,1,0
BRDA:168,13,0,0
BRDA:168,13,1,0
BRDA:170,14,0,0
BRDA:170,14,1,0
BRF:30
BRH:0
end_of_record
TN:
SF:src/views/static/PrivacyPage.vue
FN:34,render
FNF:1
FNH:0
FNDA:0,render
DA:4,0
DA:7,0
DA:24,0
DA:26,0
DA:29,0
DA:30,0
DA:31,0
DA:35,0
DA:36,0
LF:9
LH:0
BRDA:35,0,0,0
BRDA:35,0,1,0
BRF:2
BRH:0
end_of_record
TN:
SF:src/views/static/ResponsibleGamingPage.vue
FN:34,render
FNF:1
FNH:0
FNDA:0,render
DA:4,0
DA:7,0
DA:24,0
DA:26,0
DA:29,0
DA:30,0
DA:31,0
DA:35,0
DA:36,0
LF:9
LH:0
BRDA:35,0,0,0
BRDA:35,0,1,0
BRF:2
BRH:0
end_of_record
TN:
SF:src/views/static/TermsPage.vue
FN:35,render
FNF:1
FNH:0
FNDA:0,render
DA:4,0
DA:7,0
DA:25,0
DA:27,0
DA:30,0
DA:31,0
DA:32,0
DA:36,0
DA:37,0
LF:9
LH:0
BRDA:36,0,0,0
BRDA:36,0,1,0
BRF:2
BRH:0
end_of_record
