============================= test session starts ==============================
platform linux -- Python 3.10.17, pytest-8.4.0, pluggy-1.6.0
rootdir: /app/casino_be
configfile: pytest.ini
plugins: cov-6.1.1
collected 126 items

tests/test_api.py .......FFFFFFFFFF.FF                                   [ 15%]
tests/test_baccarat_api.py FFFFFFFFFF                                    [ 23%]
tests/test_baccarat_helper.py FF.....F..                                 [ 31%]
tests/test_multiway_helper.py FFFF                                       [ 34%]
tests/test_plinko_helper.py ........                                     [ 41%]
tests/test_poker_actions.py ...F.........FFFFFFFF                        [ 57%]
tests/test_poker_flow.py ......                                          [ 62%]
tests/test_poker_pot_distribution.py FFF                                 [ 65%]
tests/test_poker_validation.py ...................                       [ 80%]
tests/test_slot_tester.py FFF.FF.                                        [ 85%]
tests/test_spin_handler.py FF.FFFFFFF.F                                  [ 95%]
tests/test_utils.py sFF..F                                               [100%]

=================================== FAILURES ===================================
_________________ GameApiTests.test_spin_insufficient_balance __________________

self = <tests.test_api.GameApiTests testMethod=test_spin_insufficient_balance>

    def test_spin_insufficient_balance(self):
        """Test spin attempt with insufficient balance."""
        token = self._login_and_get_token(username="pooruser", password="poorpassword")

        # Set user balance
        with self.app.app_context():
            user = User.query.filter_by(username="pooruser").first()
            self.assertIsNotNone(user)
            user.balance = 5 # Only 5 satoshis
            db.session.commit()

        slot_id = self._create_slot(name="Another Slot", short_name="spin_insuf_slot") # Get slot_id with unique short_name
        with self.app.app_context():
            # Fetch user and slot within the current session context
            user_for_session = User.query.filter_by(username="pooruser").first()
            slot_for_session = Slot.query.get(slot_id)
            self.assertIsNotNone(user_for_session, "User for session not found")
            self.assertIsNotNone(slot_for_session, "Slot for session not found")

            game_session = GameSession(user_id=user_for_session.id, slot_id=slot_for_session.id, game_type="slot", session_start=datetime.now(timezone.utc))
            db.session.add(game_session)
            db.session.commit()

        bet_amount_sats = 10 # Bet 10 satoshis
        spin_payload = {"bet_amount": bet_amount_sats}
        response = self.client.post('/api/slots/spin',
                                     headers={'Authorization': f'Bearer {token}'},
                                     json=spin_payload)
        data = json.loads(response.data.decode())

>       self.assertEqual(response.status_code, 400) # Bad Request or 402 Payment Required
E       AssertionError: 422 != 400

tests/test_api.py:388: AssertionError
----------------------------- Captured stderr call -----------------------------
{"asctime": "2025-06-06 16:52:02,452", "levelname": "INFO", "request_id": null, "module": "auth", "funcName": "login", "lineno": 98, "message": "User logged in: pooruser (ID: 1)"}
------------------------------ Captured log call -------------------------------
INFO     casino_be.app:auth.py:98 User logged in: pooruser (ID: 1)
________________________ GameApiTests.test_spin_success ________________________

self = <tests.test_api.GameApiTests testMethod=test_spin_success>

    def test_spin_success(self):
        """Test a successful spin."""
        token = self._login_and_get_token(username="spinner", password="spinpassword")

        # Get user for balance update
        with self.app.app_context():
            user = User.query.filter_by(username="spinner").first()
            self.assertIsNotNone(user)
            user.balance = 1000 * Config.SATOSHI_FACTOR # Give user 1000 BTC in satoshis
            db.session.commit()
            db.session.refresh(user)
            original_balance = user.balance

        # Create a slot machine
        slot_id = self._create_slot(short_name="spin_succ_slot") # Get slot_id with unique short_name

        with self.app.app_context():
            # Fetch user and slot within the current session context to avoid DetachedInstanceError
            user_for_session = User.query.filter_by(username="spinner").first() # User from _login_and_get_token
            slot_for_session = Slot.query.get(slot_id)
            self.assertIsNotNone(user_for_session, "User for session not found")
            self.assertIsNotNone(slot_for_session, "Slot for session not found")

            # Ensure user has balance (already done in _login_and_get_token's user creation, but good to be explicit if needed)
            # For this test, user's balance is set after _login_and_get_token call.
            original_balance = user_for_session.balance


            game_session = GameSession(user_id=user_for_session.id, slot_id=slot_for_session.id, game_type="slot", session_start=datetime.now(timezone.utc))
            db.session.add(game_session)
            db.session.commit()

        bet_amount_sats = 10 * Config.SATOSHI_FACTOR # Bet 10 BTC in satoshis

        spin_payload = {"bet_amount": bet_amount_sats}
        response = self.client.post('/api/slots/spin',
                                     headers={'Authorization': f'Bearer {token}'},
                                     json=spin_payload)
        data = json.loads(response.data.decode())

>       self.assertEqual(response.status_code, 200, f"Spin failed: {data.get('status_message')}")
E       AssertionError: 422 != 200 : Spin failed: None

tests/test_api.py:344: AssertionError
----------------------------- Captured stderr call -----------------------------
{"asctime": "2025-06-06 16:52:02,686", "levelname": "INFO", "request_id": null, "module": "auth", "funcName": "login", "lineno": 98, "message": "User logged in: spinner (ID: 1)"}
------------------------------ Captured log call -------------------------------
INFO     casino_be.app:auth.py:98 User logged in: spinner (ID: 1)
_____________ BillingApiTests.test_deposit_fail_invalid_bonus_code _____________

self = <tests.test_api.BillingApiTests testMethod=test_deposit_fail_invalid_bonus_code>

    def test_deposit_fail_invalid_bonus_code(self):
        token, user_id = self._login_and_get_token(username="deposit_invalid_bonus_user")

        with self.app.app_context():
            user = User.query.get(user_id)
            user.balance = 1000
            db.session.commit()
            initial_balance = user.balance

        deposit_amount = 500
        payload = {"deposit_amount_sats": deposit_amount, "bonus_code": "NONEXISTENTCODE"}

        response = self.client.post('/api/deposit', headers={'Authorization': f'Bearer {token}'}, json=payload)
        data = json.loads(response.data.decode())

>       self.assertEqual(response.status_code, 200) # Deposit is successful, bonus fails
E       AssertionError: 422 != 200

tests/test_api.py:521: AssertionError
----------------------------- Captured stderr call -----------------------------
{"asctime": "2025-06-06 16:52:02,868", "levelname": "INFO", "request_id": null, "module": "auth", "funcName": "login", "lineno": 98, "message": "User logged in: deposit_invalid_bonus_user (ID: 1)"}
------------------------------ Captured log call -------------------------------
INFO     casino_be.app:auth.py:98 User logged in: deposit_invalid_bonus_user (ID: 1)
________________ BillingApiTests.test_deposit_success_no_bonus _________________

self = <tests.test_api.BillingApiTests testMethod=test_deposit_success_no_bonus>

    def test_deposit_success_no_bonus(self):
        token, user_id = self._login_and_get_token(username="deposit_no_bonus_user")

        with self.app.app_context():
            user = User.query.get(user_id)
            user.balance = 1000 # Initial balance in satoshis
            db.session.commit()
            initial_balance = user.balance

        deposit_amount = 500
        payload = {"deposit_amount_sats": deposit_amount}

        response = self.client.post('/api/deposit', headers={'Authorization': f'Bearer {token}'}, json=payload)
        data = json.loads(response.data.decode())

>       self.assertEqual(response.status_code, 200, data.get('status_message'))
E       AssertionError: 422 != 200

tests/test_api.py:423: AssertionError
----------------------------- Captured stderr call -----------------------------
{"asctime": "2025-06-06 16:52:03,021", "levelname": "INFO", "request_id": null, "module": "auth", "funcName": "login", "lineno": 98, "message": "User logged in: deposit_no_bonus_user (ID: 1)"}
------------------------------ Captured log call -------------------------------
INFO     casino_be.app:auth.py:98 User logged in: deposit_no_bonus_user (ID: 1)
_________ BillingApiTests.test_deposit_success_with_valid_fixed_bonus __________

self = <tests.test_api.BillingApiTests testMethod=test_deposit_success_with_valid_fixed_bonus>

    def test_deposit_success_with_valid_fixed_bonus(self):
        token, user_id = self._login_and_get_token(username="deposit_fixed_bonus_user")
        fixed_bonus_sats = 10000
        bonus_code_obj = self._create_bonus_code(code_id="FIXED10K", type="deposit", subtype="fixed", amount=None, amount_sats=fixed_bonus_sats, wagering_multiplier=25)

        with self.app.app_context():
            user = User.query.get(user_id)
            user.balance = 5000 # Initial balance
            db.session.commit()
            initial_balance = user.balance

        deposit_amount = 20000
        payload = {"deposit_amount_sats": deposit_amount, "bonus_code": bonus_code_obj.code_id}

        response = self.client.post('/api/deposit', headers={'Authorization': f'Bearer {token}'}, json=payload)
        data = json.loads(response.data.decode())

>       self.assertEqual(response.status_code, 200, data.get('status_message'))
E       AssertionError: 422 != 200

tests/test_api.py:490: AssertionError
----------------------------- Captured stderr call -----------------------------
{"asctime": "2025-06-06 16:52:03,222", "levelname": "INFO", "request_id": null, "module": "auth", "funcName": "login", "lineno": 98, "message": "User logged in: deposit_fixed_bonus_user (ID: 1)"}
------------------------------ Captured log call -------------------------------
INFO     casino_be.app:auth.py:98 User logged in: deposit_fixed_bonus_user (ID: 1)
_______ BillingApiTests.test_deposit_success_with_valid_percentage_bonus _______

self = <tests.test_api.BillingApiTests testMethod=test_deposit_success_with_valid_percentage_bonus>

    def test_deposit_success_with_valid_percentage_bonus(self):
        token, user_id = self._login_and_get_token(username="deposit_perc_bonus_user")
        bonus_code_obj = self._create_bonus_code(code_id="PERC50", type="deposit", subtype="percentage", amount=50.0, wagering_multiplier=20) # 50% bonus

        with self.app.app_context():
            user = User.query.get(user_id)
            user.balance = 1000 # Initial balance
            db.session.commit()
            initial_balance = user.balance

        deposit_amount = 1000
        expected_bonus_amount = int(deposit_amount * 0.50)
        payload = {"deposit_amount_sats": deposit_amount, "bonus_code": bonus_code_obj.code_id}

        response = self.client.post('/api/deposit', headers={'Authorization': f'Bearer {token}'}, json=payload)
        data = json.loads(response.data.decode())

>       self.assertEqual(response.status_code, 200, data.get('status_message'))
E       AssertionError: 422 != 200

tests/test_api.py:452: AssertionError
----------------------------- Captured stderr call -----------------------------
{"asctime": "2025-06-06 16:52:03,382", "levelname": "INFO", "request_id": null, "module": "auth", "funcName": "login", "lineno": 98, "message": "User logged in: deposit_perc_bonus_user (ID: 1)"}
------------------------------ Captured log call -------------------------------
INFO     casino_be.app:auth.py:98 User logged in: deposit_perc_bonus_user (ID: 1)
_____ BillingApiTests.test_withdraw_fail_active_bonus_wagering_incomplete ______

self = <tests.test_api.BillingApiTests testMethod=test_withdraw_fail_active_bonus_wagering_incomplete>

    def test_withdraw_fail_active_bonus_wagering_incomplete(self):
        token, user_id = self._login_and_get_token(username="withdraw_wagering_user")
        bonus_code_obj = self._create_bonus_code(code_id="WAGERBONUS", type="deposit", subtype="fixed", amount_sats=500, wagering_multiplier=10)

        with self.app.app_context():
            user = User.query.get(user_id)
            user.balance = 2000 # Sufficient balance for withdrawal itself

            # Create an active UserBonus with incomplete wagering
            user_bonus = UserBonus(
                user_id=user.id,
                bonus_code_id=bonus_code_obj.id,
                bonus_amount_awarded_sats=500,
>               wagering_requirement_multiplier=bonus_code_obj.wagering_requirement_multiplier,
                wagering_requirement_sats= (500 + 500) * bonus_code_obj.wagering_requirement_multiplier, # Example calculation
                wagering_progress_sats=100,
                is_active=True,
                is_completed=False,
                is_cancelled=False,
                activated_at=datetime.now(timezone.utc)
            )
E           AttributeError: 'BonusCode' object has no attribute 'wagering_requirement_multiplier'

tests/test_api.py:587: AttributeError
----------------------------- Captured stderr call -----------------------------
{"asctime": "2025-06-06 16:52:03,539", "levelname": "INFO", "request_id": null, "module": "auth", "funcName": "login", "lineno": 98, "message": "User logged in: withdraw_wagering_user (ID: 1)"}
------------------------------ Captured log call -------------------------------
INFO     casino_be.app:auth.py:98 User logged in: withdraw_wagering_user (ID: 1)
____________ BillingApiTests.test_withdraw_fail_insufficient_funds _____________

self = <tests.test_api.BillingApiTests testMethod=test_withdraw_fail_insufficient_funds>

    def test_withdraw_fail_insufficient_funds(self):
        token, user_id = self._login_and_get_token(username="withdraw_insufficient_user")

        with self.app.app_context():
            user = User.query.get(user_id)
            user.balance = 50 # Initial balance
            db.session.commit()

        payload = {"amount_sats": 100, "withdraw_wallet_address": "test_btc_address"}
        response = self.client.post('/api/withdraw', headers={'Authorization': f'Bearer {token}'}, json=payload)
        data = json.loads(response.data.decode())

>       self.assertEqual(response.status_code, 400, data.get('status_message')) # API returns 400 for this
E       AssertionError: 422 != 400

tests/test_api.py:570: AssertionError
----------------------------- Captured stderr call -----------------------------
{"asctime": "2025-06-06 16:52:03,690", "levelname": "INFO", "request_id": null, "module": "auth", "funcName": "login", "lineno": 98, "message": "User logged in: withdraw_insufficient_user (ID: 1)"}
------------------------------ Captured log call -------------------------------
INFO     casino_be.app:auth.py:98 User logged in: withdraw_insufficient_user (ID: 1)
____________________ BillingApiTests.test_withdraw_success _____________________

self = <tests.test_api.BillingApiTests testMethod=test_withdraw_success>

    def test_withdraw_success(self):
        token, user_id = self._login_and_get_token(username="withdraw_success_user")
        withdraw_amount = 100

        with self.app.app_context():
            user = User.query.get(user_id)
            user.balance = 1000 # Initial balance
            db.session.commit()
            initial_balance = user.balance

        payload = {"amount_sats": withdraw_amount, "withdraw_wallet_address": "test_btc_address_valid"}
        response = self.client.post('/api/withdraw', headers={'Authorization': f'Bearer {token}'}, json=payload)
        data = json.loads(response.data.decode())

>       self.assertEqual(response.status_code, 201, data.get('status_message'))
E       AssertionError: 422 != 201

tests/test_api.py:546: AssertionError
----------------------------- Captured stderr call -----------------------------
{"asctime": "2025-06-06 16:52:03,842", "levelname": "INFO", "request_id": null, "module": "auth", "funcName": "login", "lineno": 98, "message": "User logged in: withdraw_success_user (ID: 1)"}
------------------------------ Captured log call -------------------------------
INFO     casino_be.app:auth.py:98 User logged in: withdraw_success_user (ID: 1)
______________ PlinkoApiTests.test_plinko_play_insufficient_funds ______________

self = <tests.test_api.PlinkoApiTests testMethod=test_plinko_play_insufficient_funds>

    def test_plinko_play_insufficient_funds(self):
        headers, user_id = self._get_auth_headers(username="plinko_poor_user")

        with self.app.app_context():
            user = User.query.get(user_id)
            user.balance = int(0.5 * self.SATOSHIS_PER_UNIT) # 0.5 units
            db.session.commit()

        payload = {
            "stake_amount": 1.0, # Trying to bet 1 unit
            "chosen_stake_label": 'Low',
            "slot_landed_label": '0.5x'
        }
        response = self.client.post('/api/plinko/play', headers=headers, json=payload)
        data = json.loads(response.data.decode())

>       self.assertEqual(response.status_code, 400)
E       AssertionError: 422 != 400

tests/test_api.py:699: AssertionError
----------------------------- Captured stderr call -----------------------------
{"asctime": "2025-06-06 16:52:04,008", "levelname": "INFO", "request_id": null, "module": "auth", "funcName": "login", "lineno": 98, "message": "User logged in: plinko_poor_user (ID: 1)"}
------------------------------ Captured log call -------------------------------
INFO     casino_be.app:auth.py:98 User logged in: plinko_poor_user (ID: 1)
___________________ PlinkoApiTests.test_plinko_play_success ____________________

self = <tests.test_api.PlinkoApiTests testMethod=test_plinko_play_success>

    def test_plinko_play_success(self):
        headers, user_id = self._get_auth_headers()

        initial_balance_units = 100.0
        with self.app.app_context():
            user = User.query.get(user_id)
            user.balance = int(initial_balance_units * self.SATOSHIS_PER_UNIT)
            db.session.commit()

        stake_amount_units = 1.0 # e.g. 1 BTC
        chosen_stake_label = 'Low' # Must match STAKE_CONFIG in plinko_helper
        slot_landed_label = '2x'    # Must match PAYOUT_MULTIPLIERS

        payload = {
            "stake_amount": stake_amount_units,
            "chosen_stake_label": chosen_stake_label,
            "slot_landed_label": slot_landed_label
        }
        response = self.client.post('/api/plinko/play', headers=headers, json=payload)
        data = json.loads(response.data.decode())

>       self.assertEqual(response.status_code, 200, data.get('error') or data.get('message'))
E       AssertionError: 422 != 200

tests/test_api.py:646: AssertionError
----------------------------- Captured stderr call -----------------------------
{"asctime": "2025-06-06 16:52:04,216", "levelname": "INFO", "request_id": null, "module": "auth", "funcName": "login", "lineno": 98, "message": "User logged in: plinko_user (ID: 1)"}
------------------------------ Captured log call -------------------------------
INFO     casino_be.app:auth.py:98 User logged in: plinko_user (ID: 1)
______________ PlinkoApiTests.test_plinko_play_validation_errors _______________

self = <tests.test_api.PlinkoApiTests testMethod=test_plinko_play_validation_errors>

    def test_plinko_play_validation_errors(self):
        headers, user_id = self._get_auth_headers(username="plinko_validation_user")
        with self.app.app_context(): # Ensure user has some balance
            user = User.query.get(user_id)
            user.balance = int(10 * self.SATOSHIS_PER_UNIT)
            db.session.commit()

        test_cases = [
            ({"chosen_stake_label": "Low", "slot_landed_label": "2x"}, "stake_amount", 400, "Validation failed"), # Missing stake_amount
            ({"stake_amount": 1.0, "slot_landed_label": "2x"}, "chosen_stake_label", 400, "Validation failed"),    # Missing chosen_stake_label
            ({"stake_amount": 1.0, "chosen_stake_label": "Low"}, "slot_landed_label", 400, "Validation failed"), # Missing slot_landed_label
            ({"stake_amount": 1.0, "chosen_stake_label": "InvalidTier", "slot_landed_label": "2x"}, "error", 400, "Invalid stake label"), # Invalid stake tier
            ({"stake_amount": 0.05, "chosen_stake_label": "Low", "slot_landed_label": "2x"}, "error", 400, "out of range for Low tier"), # Stake too low for tier
            ({"stake_amount": 1.0, "chosen_stake_label": "Low", "slot_landed_label": "100x"}, "error", 400, "Invalid slot landed label"), # Invalid slot
        ]

        for payload, error_key, expected_status, expected_message_part in test_cases:
            with self.subTest(payload=payload):
                response = self.client.post('/api/plinko/play', headers=headers, json=payload)
                data = json.loads(response.data.decode())
>               self.assertEqual(response.status_code, expected_status)
E               AssertionError: 422 != 400

tests/test_api.py:724: AssertionError
----------------------------- Captured stderr call -----------------------------
{"asctime": "2025-06-06 16:52:04,370", "levelname": "INFO", "request_id": null, "module": "auth", "funcName": "login", "lineno": 98, "message": "User logged in: plinko_validation_user (ID: 1)"}
------------------------------ Captured log call -------------------------------
INFO     casino_be.app:auth.py:98 User logged in: plinko_validation_user (ID: 1)
_____________ TestBaccaratAPI.test_get_baccarat_hand_admin_access ______________

self = <tests.test_baccarat_api.TestBaccaratAPI testMethod=test_get_baccarat_hand_admin_access>
mock_hand_query = <MagicMock name='query' id='139776203299648'>

    @patch('casino_be.models.BaccaratHand.query')
    def test_get_baccarat_hand_admin_access(self, mock_hand_query):
        self.mock_user.is_admin = True # Make current_user an admin
        # Hand belongs to another user, but admin should access
        mock_hand = BaccaratHand(id=1, user_id=2, table_id=1, total_bet_amount=100, outcome="player_win")
        mock_hand_query.get.return_value = mock_hand

        response = self.app.get('/api/baccarat/hands/1', headers={'Authorization': 'Bearer testtoken'})
>       self.assertEqual(response.status_code, 200)
E       AssertionError: 422 != 200

tests/test_baccarat_api.py:211: AssertionError
_______________ TestBaccaratAPI.test_get_baccarat_hand_not_found _______________

self = <tests.test_baccarat_api.TestBaccaratAPI testMethod=test_get_baccarat_hand_not_found>
mock_hand_query = <MagicMock name='query' id='139776203507456'>

    @patch('casino_be.models.BaccaratHand.query')
    def test_get_baccarat_hand_not_found(self, mock_hand_query):
        mock_hand_query.get.return_value = None
        response = self.app.get('/api/baccarat/hands/999', headers={'Authorization': 'Bearer testtoken'})
>       self.assertEqual(response.status_code, 404)
E       AssertionError: 422 != 404

tests/test_baccarat_api.py:185: AssertionError
________________ TestBaccaratAPI.test_get_baccarat_hand_success ________________

self = <tests.test_baccarat_api.TestBaccaratAPI testMethod=test_get_baccarat_hand_success>
mock_hand_query = <MagicMock name='query' id='139776204105632'>

    @patch('casino_be.models.BaccaratHand.query')
    def test_get_baccarat_hand_success(self, mock_hand_query):
        mock_hand = BaccaratHand(id=1, user_id=self.mock_user.id, table_id=1, total_bet_amount=100, outcome="player_win")
        # Simulate filter_by().first()
        mock_hand_query.get.return_value = mock_hand

        response = self.app.get('/api/baccarat/hands/1', headers={'Authorization': 'Bearer testtoken'})
>       self.assertEqual(response.status_code, 200)
E       AssertionError: 422 != 200

tests/test_baccarat_api.py:175: AssertionError
_____________ TestBaccaratAPI.test_get_baccarat_hand_unauthorized ______________

self = <tests.test_baccarat_api.TestBaccaratAPI testMethod=test_get_baccarat_hand_unauthorized>
mock_hand_query = <MagicMock name='query' id='139776203707136'>

    @patch('casino_be.models.BaccaratHand.query')
    def test_get_baccarat_hand_unauthorized(self, mock_hand_query):
        # Hand belongs to another user
        mock_hand = BaccaratHand(id=1, user_id=2, table_id=1, total_bet_amount=100, outcome="player_win")
        mock_hand_query.get.return_value = mock_hand

        # current_user.is_admin is False by default in self.mock_user
        response = self.app.get('/api/baccarat/hands/1', headers={'Authorization': 'Bearer testtoken'})
>       self.assertEqual(response.status_code, 403)
E       AssertionError: 422 != 403

tests/test_baccarat_api.py:198: AssertionError
___________________ TestBaccaratAPI.test_get_baccarat_tables ___________________

self = <tests.test_baccarat_api.TestBaccaratAPI testMethod=test_get_baccarat_tables>
mock_query = <MagicMock name='query' id='139776204933344'>

    @patch('casino_be.models.BaccaratTable.query')
    def test_get_baccarat_tables(self, mock_query):
        # Mock DB response
        table1 = BaccaratTable(id=1, name="Baccarat Table 1", min_bet=100, max_bet=1000, max_tie_bet=200, commission_rate=Decimal("0.05"), is_active=True)
        table2 = BaccaratTable(id=2, name="Baccarat Table 2", min_bet=500, max_bet=5000, max_tie_bet=1000, commission_rate=Decimal("0.05"), is_active=True)
        mock_query.filter_by.return_value.order_by.return_value.all.return_value = [table1, table2]

        response = self.app.get('/api/baccarat/tables', headers={'Authorization': 'Bearer testtoken'})

>       self.assertEqual(response.status_code, 200)
E       AssertionError: 422 != 200

tests/test_baccarat_api.py:48: AssertionError
_____________ TestBaccaratAPI.test_join_baccarat_table_not_active ______________

self = <tests.test_baccarat_api.TestBaccaratAPI testMethod=test_join_baccarat_table_not_active>
mock_query_table = <MagicMock name='query' id='139776203707376'>

    @patch('casino_be.models.BaccaratTable.query')
    def test_join_baccarat_table_not_active(self, mock_query_table):
        mock_table = BaccaratTable(id=1, name="Baccarat Table 1", is_active=False)
        mock_query_table.get.return_value = mock_table
        response = self.app.post('/api/baccarat/tables/1/join', headers={'Authorization': 'Bearer testtoken'})
>       self.assertEqual(response.status_code, 400) # As per current app.py logic
E       AssertionError: 422 != 400

tests/test_baccarat_api.py:80: AssertionError
______________ TestBaccaratAPI.test_join_baccarat_table_not_found ______________

self = <tests.test_baccarat_api.TestBaccaratAPI testMethod=test_join_baccarat_table_not_found>
mock_query_table = <MagicMock name='query' id='139776203525088'>

    @patch('casino_be.models.BaccaratTable.query')
    def test_join_baccarat_table_not_found(self, mock_query_table):
        mock_query_table.get.return_value = None
        response = self.app.post('/api/baccarat/tables/99/join', headers={'Authorization': 'Bearer testtoken'})
>       self.assertEqual(response.status_code, 404)
E       AssertionError: 422 != 404

tests/test_baccarat_api.py:70: AssertionError
_______________ TestBaccaratAPI.test_join_baccarat_table_success _______________

self = <tests.test_baccarat_api.TestBaccaratAPI testMethod=test_join_baccarat_table_success>
mock_query_table = <MagicMock name='query' id='139776203802080'>

    @patch('casino_be.models.BaccaratTable.query')
    def test_join_baccarat_table_success(self, mock_query_table):
        mock_table = BaccaratTable(id=1, name="Baccarat Table 1", is_active=True)
        mock_query_table.get.return_value = mock_table

        response = self.app.post('/api/baccarat/tables/1/join', headers={'Authorization': 'Bearer testtoken'})
>       self.assertEqual(response.status_code, 200)
E       AssertionError: 422 != 200

tests/test_baccarat_api.py:60: AssertionError
_________ TestBaccaratAPI.test_play_baccarat_hand_insufficient_balance _________

self = <tests.test_baccarat_api.TestBaccaratAPI testMethod=test_play_baccarat_hand_insufficient_balance>
mock_play_baccarat = <MagicMock name='play_baccarat_hand' id='139776203522160'>
mock_gs_query = <MagicMock name='query' id='139776203531088'>
mock_bt_query = <MagicMock name='query' id='139776229296736'>
mock_db_flush = <MagicMock name='flush' id='139776202441392'>
mock_db_commit = <MagicMock name='commit' id='139776204147248'>
mock_db_add = <MagicMock name='add' id='139776204151712'>

    @patch('casino_be.app.db.session.add')
    @patch('casino_be.app.db.session.commit')
    @patch('casino_be.app.db.session.flush')
    @patch('casino_be.models.BaccaratTable.query')
    @patch('casino_be.models.GameSession.query')
    @patch('casino_be.utils.baccarat_helper.play_baccarat_hand')
    def test_play_baccarat_hand_insufficient_balance(
        self, mock_play_baccarat, mock_gs_query, mock_bt_query,
        mock_db_flush, mock_db_commit, mock_db_add
    ):
        self.mock_user.balance = 50 # Insufficient for 100 bet
        mock_table = BaccaratTable(
            id=1, name="Test Bacc Table", is_active=True,
            min_bet=10, max_bet=500, max_tie_bet=100,
            commission_rate=Decimal("0.05")
        )
        mock_bt_query.get.return_value = mock_table

        bet_payload = {"table_id": 1, "bet_on_player": 100, "bet_on_banker": 0, "bet_on_tie": 0}
        response = self.app.post('/api/baccarat/hands', json=bet_payload, headers={'Authorization': 'Bearer testtoken'})

>       self.assertEqual(response.status_code, 400)
E       AssertionError: 422 != 400

tests/test_baccarat_api.py:161: AssertionError
__________ TestBaccaratAPI.test_play_baccarat_hand_success_player_win __________

self = <tests.test_baccarat_api.TestBaccaratAPI testMethod=test_play_baccarat_hand_success_player_win>
mock_play_baccarat = <MagicMock name='play_baccarat_hand' id='139776203421248'>
mock_gs_query = <MagicMock name='query' id='139776204938576'>
mock_bt_query = <MagicMock name='query' id='139776203221328'>
mock_db_flush = <MagicMock name='flush' id='139776203213696'>
mock_db_commit = <MagicMock name='commit' id='139776203221088'>
mock_db_add = <MagicMock name='add' id='139776203844448'>

    @patch('casino_be.app.db.session.add')
    @patch('casino_be.app.db.session.commit')
    @patch('casino_be.app.db.session.flush')
    @patch('casino_be.models.BaccaratTable.query')
    @patch('casino_be.models.GameSession.query')
    @patch('casino_be.utils.baccarat_helper.play_baccarat_hand')
    def test_play_baccarat_hand_success_player_win(
        self, mock_play_baccarat, mock_gs_query, mock_bt_query,
        mock_db_flush, mock_db_commit, mock_db_add
    ):
        # Setup mocks
        self.mock_user.balance = 1000 # Sufficient balance
        mock_table = BaccaratTable(
            id=1, name="Test Bacc Table", is_active=True,
            min_bet=10, max_bet=500, max_tie_bet=100,
            commission_rate=Decimal("0.05")
        )
        mock_bt_query.get.return_value = mock_table

        # Mock GameSession query to simulate no existing session or one for a different table
        mock_gs_query.filter_by.return_value.all.return_value = [] # No old sessions to end
        mock_gs_query.filter_by.return_value.first.return_value = None # No existing baccarat session for this table

        mock_helper_result = {
            "player_cards": ["HA", "H8"], "banker_cards": ["C2", "C5"],
            "player_score": 8, "banker_score": 7, "outcome": "player_win",
            "total_winnings": Decimal(200), # Gross: bet 100, win 100 -> total 200
            "net_profit": Decimal(100),
            "commission_paid": Decimal(0),
            "details": {}
        }
        mock_play_baccarat.return_value = mock_helper_result

        bet_payload = {
            "table_id": 1,
            "bet_on_player": 100,
            "bet_on_banker": 0,
            "bet_on_tie": 0
        }
        response = self.app.post('/api/baccarat/hands', json=bet_payload, headers={'Authorization': 'Bearer testtoken'})

>       self.assertEqual(response.status_code, 200, msg=response.get_data(as_text=True))
E       AssertionError: 422 != 200 : {"msg":"Not enough segments"}

tests/test_baccarat_api.py:126: AssertionError
_______ TestBaccaratHelper.test_banker_stands_player_draws_third_card_8 ________

self = <tests.test_baccarat_helper.TestBaccaratHelper testMethod=test_banker_stands_player_draws_third_card_8>
mock_deal_card = <MagicMock name='_deal_card' id='139776226780608'>

    @patch('casino_be.utils.baccarat_helper._deal_card')
    def test_banker_stands_player_draws_third_card_8(self, mock_deal_card):
        # Player: HA, H2 (3) -> Draws H8 (value 8). Player total 1.
        # Banker: H1, H2 (3) -> Player's 3rd card is 8. Banker stands. Banker total 3.
        # Outcome: Banker wins.
        mock_deal_card.side_effect = ["HA", "H1", "H2", "H2", "H8"] # P:HA,H2 (3) dr H8 (1). B:H1,H2 (3) stands.
>       result = baccarat_helper.play_baccarat_hand(Decimal(0), Decimal(10), Decimal(0))

tests/test_baccarat_helper.py:214:
_ _ _ _ _ _ _ _ _ _ _ _ _ _ _ _ _ _ _ _ _ _ _ _ _ _ _ _ _ _ _ _ _ _ _ _ _ _ _ _
utils/baccarat_helper.py:148: in play_baccarat_hand
    banker_score = _calculate_baccarat_hand_value(banker_cards)
utils/baccarat_helper.py:55: in _calculate_baccarat_hand_value
    total_value += _get_card_baccarat_value(card)
_ _ _ _ _ _ _ _ _ _ _ _ _ _ _ _ _ _ _ _ _ _ _ _ _ _ _ _ _ _ _ _ _ _ _ _ _ _ _ _

card_str = 'H1'

    def _get_card_baccarat_value(card_str):
        """
        Calculates the Baccarat value of a single card.
        'A': 1
        'K', 'Q', 'J', 'T': 0
        '2'-'9': Their integer value.
        """
        rank = card_str[1:]
        if rank == 'A':
            return 1
        elif rank in ['K', 'Q', 'J', 'T']:
            return 0
        elif rank.isdigit():
            value = int(rank)
            if 2 <= value <= 9:
                return value
>       raise ValueError(f"Invalid card rank: {rank} in card {card_str}")
E       ValueError: Invalid card rank: 1 in card H1

utils/baccarat_helper.py:46: ValueError
_______________ TestBaccaratHelper.test_banker_third_card_rules ________________

self = <tests.test_baccarat_helper.TestBaccaratHelper testMethod=test_banker_third_card_rules>
mock_deal_card = <MagicMock name='_deal_card' id='139776203520944'>

    @patch('casino_be.utils.baccarat_helper._deal_card')
    def test_banker_third_card_rules(self, mock_deal_card):
        # Scenario 1: Player stands (score 6 or 7). Banker draws if score 0-5.
        # Player: H6, HK (6) -> Stands.
        # Banker: H2, H3 (5) -> Banker Draws. Banker draws H1 (1). Banker total 6.
        # Outcome: Tie
        mock_deal_card.side_effect = ["H6", "H2", "HK", "H3", "HA"] # P: H6,HK (6) -> stands. B: H2,H3 (5) -> draws HA (6)
        result = baccarat_helper.play_baccarat_hand(Decimal(0), Decimal(0), Decimal(10)) # Bet on Tie
        self.assertEqual(result["outcome"], "tie")
        self.assertEqual(result["player_score"], 6)
        self.assertEqual(result["banker_score"], 6)
        self.assertEqual(len(result["player_cards"]), 2)
        self.assertEqual(len(result["banker_cards"]), 3)
        self.assertFalse(result["details"]["player_drew_third"])
        self.assertTrue(result["details"]["banker_drew_third"])
        self.assertEqual(result["net_profit"], Decimal(80))

        # Scenario 2: Player draws. Banker score 3, Player's 3rd card NOT 8. Banker draws.
        # Player: HA, H2 (3) -> Draws H4 (value 4). Player total 7.
        # Banker: H1, H2 (3) -> Player's 3rd card is 4 (not 8). Banker draws. Banker draws H1 (1). Banker total 4.
        # Outcome: Player wins.
        mock_deal_card.side_effect = ["HA", "H1", "H2", "H2", "H4", "HA"] # P:HA,H2 (3) dr H4 (7). B:H1,H2 (3) dr HA (4)
>       result = baccarat_helper.play_baccarat_hand(Decimal(10), Decimal(0), Decimal(0))

tests/test_baccarat_helper.py:185:
_ _ _ _ _ _ _ _ _ _ _ _ _ _ _ _ _ _ _ _ _ _ _ _ _ _ _ _ _ _ _ _ _ _ _ _ _ _ _ _
utils/baccarat_helper.py:148: in play_baccarat_hand
    banker_score = _calculate_baccarat_hand_value(banker_cards)
utils/baccarat_helper.py:55: in _calculate_baccarat_hand_value
    total_value += _get_card_baccarat_value(card)
_ _ _ _ _ _ _ _ _ _ _ _ _ _ _ _ _ _ _ _ _ _ _ _ _ _ _ _ _ _ _ _ _ _ _ _ _ _ _ _

card_str = 'H1'

    def _get_card_baccarat_value(card_str):
        """
        Calculates the Baccarat value of a single card.
        'A': 1
        'K', 'Q', 'J', 'T': 0
        '2'-'9': Their integer value.
        """
        rank = card_str[1:]
        if rank == 'A':
            return 1
        elif rank in ['K', 'Q', 'J', 'T']:
            return 0
        elif rank.isdigit():
            value = int(rank)
            if 2 <= value <= 9:
                return value
>       raise ValueError(f"Invalid card rank: {rank} in card {card_str}")
E       ValueError: Invalid card rank: 1 in card H1

utils/baccarat_helper.py:46: ValueError
____________ TestBaccaratHelper.test_play_baccarat_hand_natural_win ____________

self = <tests.test_baccarat_helper.TestBaccaratHelper testMethod=test_play_baccarat_hand_natural_win>
mock_deal_card = <MagicMock name='_deal_card' id='139776257867344'>

    @patch('casino_be.utils.baccarat_helper._deal_card')
    def test_play_baccarat_hand_natural_win(self, mock_deal_card):
        # Player natural 8
        mock_deal_card.side_effect = ["H8", "C2", "SA", "C3"] # P: H8, SA (9); B: C2, C3 (5) -> Error in logic: P: H8, SA (9), B: C2,C3 (5) -> P Nat 8
                                                        # Corrected side effect for Player Natural 8: P: H8, Dk (8); B: C2, C3 (5)
        mock_deal_card.side_effect = ["H8", "C2", "DK", "C3"] # P: H8, DK (8); B: C2, C3 (5)
>       result = baccarat_helper.play_baccarat_hand(Decimal(10), Decimal(0), Decimal(0))

tests/test_baccarat_helper.py:119:
_ _ _ _ _ _ _ _ _ _ _ _ _ _ _ _ _ _ _ _ _ _ _ _ _ _ _ _ _ _ _ _ _ _ _ _ _ _ _ _

player_bet_amount = Decimal('10'), banker_bet_amount = Decimal('0')
tie_bet_amount = Decimal('0'), num_decks = 6, commission_rate = Decimal('0.05')
tie_payout_rate = 8

    def play_baccarat_hand(player_bet_amount, banker_bet_amount, tie_bet_amount, num_decks=6, commission_rate=Decimal("0.05"), tie_payout_rate=8):
        """
        Simulates a single hand of Baccarat.
        """
        deck = _create_deck(num_decks)
        _shuffle_deck(deck)

        player_cards = []
        banker_cards = []
        player_third_card = None # Store the value of player's third card if drawn

        # Initial Deal (Player, Banker, Player, Banker)
        try:
            player_cards.append(_deal_card(deck))
            banker_cards.append(_deal_card(deck))
            player_cards.append(_deal_card(deck))
            banker_cards.append(_deal_card(deck))
        except ValueError:
            # Handle empty deck during initial deal - should not happen with standard num_decks
            return {"error": "Deck empty during initial deal. Critical error."}

        player_score = _calculate_baccarat_hand_value(player_cards)
        banker_score = _calculate_baccarat_hand_value(banker_cards)

        outcome = None

        # Natural Win Check
        if player_score >= 8 or banker_score >= 8:
            if player_score == banker_score:
                outcome = "tie"
            elif player_score > banker_score:
                outcome = "player_win"
            else:
                outcome = "banker_win"
        else:
            # Player's Third Card Rule
            player_drew_third = False
            if player_score <= 5:
                try:
                    card = _deal_card(deck)
                    player_cards.append(card)
                    player_third_card_value = _get_card_baccarat_value(card) # Value needed for Banker's rule
                    player_score = _calculate_baccarat_hand_value(player_cards)
                    player_drew_third = True
                except ValueError:
                    # If deck runs out here, hand might end prematurely or be invalid.
                    # For simulation, assume it's unlikely with 6 decks for one hand.
                    # If it does, the current scores would stand.
                    pass


            # Banker's Third Card Rule
            banker_drew_third = False
            if not player_drew_third: # Player stood pat (2 cards)
                if banker_score <= 5:
                    try:
                        banker_cards.append(_deal_card(deck))
                        banker_score = _calculate_baccarat_hand_value(banker_cards)
                        banker_drew_third = True
                    except ValueError:
                        pass # Deck ran out
            else: # Player drew a third card
                if banker_score <= 2:
                    try:
                        banker_cards.append(_deal_card(deck))
                        banker_score = _calculate_baccarat_hand_value(banker_cards)
                        banker_drew_third = True
                    except ValueError:
                        pass
                elif banker_score == 3:
                    if player_third_card_value != 8:
                        try:
                            banker_cards.append(_deal_card(deck))
                            banker_score = _calculate_baccarat_hand_value(banker_cards)
                            banker_drew_third = True
                        except ValueError:
                            pass
                elif banker_score == 4:
                    if player_third_card_value in [2, 3, 4, 5, 6, 7]:
                        try:
                            banker_cards.append(_deal_card(deck))
                            banker_score = _calculate_baccarat_hand_value(banker_cards)
                            banker_drew_third = True
                        except ValueError:
                            pass
                elif banker_score == 5:
                    if player_third_card_value in [4, 5, 6, 7]:
                        try:
                            banker_cards.append(_deal_card(deck))
                            banker_score = _calculate_baccarat_hand_value(banker_cards)
                            banker_drew_third = True
                        except ValueError:
                            pass
                elif banker_score == 6:
                    if player_third_card_value in [6, 7]:
                        try:
                            banker_cards.append(_deal_card(deck))
                            banker_score = _calculate_baccarat_hand_value(banker_cards)
                            banker_drew_third = True
                        except ValueError:
                            pass
                # Banker score 7: Banker stands (already handled as no draw if condition not met)

            # Determine Final Winner (if not determined by natural)
            if player_score == banker_score:
                outcome = "tie"
            elif player_score > banker_score:
                outcome = "player_win"
            else:
                outcome = "banker_win"

        # Calculate Payouts
        # Bets are Decimal, convert if they are not
        dec_player_bet = Decimal(str(player_bet_amount))
        dec_banker_bet = Decimal(str(banker_bet_amount))
        dec_tie_bet = Decimal(str(tie_bet_amount))

        payout_player, payout_banker, payout_tie, commission_paid_val = _calculate_payouts(
            outcome, dec_player_bet, dec_banker_bet, dec_tie_bet,
            commission_rate=Decimal(str(commission_rate)),
            tie_payout_rate=int(tie_payout_rate)
        )

        total_winnings = payout_player + payout_banker + payout_tie
        total_bet = dec_player_bet + dec_banker_bet + dec_tie_bet
        net_profit = total_winnings - total_bet

        return {
            "player_cards": player_cards,
            "banker_cards": banker_cards,
            "player_score": player_score,
            "banker_score": banker_score,
>           "player_third_card_value_if_drawn": player_third_card_value if player_drew_third else None, # For debugging/logging
            "outcome": outcome,
            "total_winnings": total_winnings, # This is the total amount returned to the player (includes original winning bets)
            "net_profit": net_profit, # This is (total_winnings - total_amount_bet)
            "commission_paid": commission_paid_val,
            "details": {
                "player_bet": dec_player_bet,
                "banker_bet": dec_banker_bet,
                "tie_bet": dec_tie_bet,
                "commission_rate": commission_rate,
                "tie_payout_rate": tie_payout_rate,
                "player_drew_third": player_drew_third,
                "banker_drew_third": banker_drew_third # Added for more detailed logging
            }
        }
E       UnboundLocalError: local variable 'player_drew_third' referenced before assignment

utils/baccarat_helper.py:258: UnboundLocalError
_______ TestMultiwaySpinHandler.test_multiway_bonus_end_after_last_spin ________

self = <tests.test_multiway_helper.TestMultiwaySpinHandler testMethod=test_multiway_bonus_end_after_last_spin>

    def setUp(self):
        self.app = app
        # self.app.config.update(TESTING=True) # Ensure testing config if not already set by env vars
        self.app_context = self.app.app_context()
        self.app_context.push()
        db.create_all()

        self.user = User(username='testmultiwayuser', email='testmw@example.com', password='password')
        self.user.balance = 100000 # Sats
        db.session.add(self.user)

        self.slot = Slot(
            id=2, # Match config
            name="Test Multiway Slot",
            short_name="test_multiway1",
            num_rows=3, # Max rows
            num_columns=5, # Num reels
            num_symbols=11, # Added default based on config
            asset_directory="/test_assets/", # Added missing non-nullable field
            is_active=True,
            rtp=95.0,
            volatility="High",
            is_multiway=True,
            reel_configurations={"possible_counts_per_reel": [[3],[3],[3],[3],[3]]} # Default, can be overridden
        )
        db.session.add(self.slot)
        # Create SlotSymbol instances based on BASE_MULTIWAY_GAME_CONFIG
        for symbol_data in BASE_MULTIWAY_GAME_CONFIG['game']['symbols']:
>           slot_symbol = SlotSymbol(
                slot_id=self.slot.id,
                symbol_internal_id=symbol_data['id'],
                name=symbol_data['name'],
                img_link=symbol_data['asset'], # Assuming 'asset' is the img_link
                value_multiplier=0.0, # Default, as payouts are in ways_payouts/scatter_payouts
                data=symbol_data # Store whole symbol config in data if needed
            )
E           NameError: name 'SlotSymbol' is not defined

tests/test_multiway_helper.py:76: NameError
____ TestMultiwaySpinHandler.test_multiway_bonus_spin_behavior_win_and_cost ____

self = <tests.test_multiway_helper.TestMultiwaySpinHandler testMethod=test_multiway_bonus_spin_behavior_win_and_cost>

    def setUp(self):
        self.app = app
        # self.app.config.update(TESTING=True) # Ensure testing config if not already set by env vars
        self.app_context = self.app.app_context()
        self.app_context.push()
        db.create_all()

        self.user = User(username='testmultiwayuser', email='testmw@example.com', password='password')
        self.user.balance = 100000 # Sats
        db.session.add(self.user)

        self.slot = Slot(
            id=2, # Match config
            name="Test Multiway Slot",
            short_name="test_multiway1",
            num_rows=3, # Max rows
            num_columns=5, # Num reels
            num_symbols=11, # Added default based on config
            asset_directory="/test_assets/", # Added missing non-nullable field
            is_active=True,
            rtp=95.0,
            volatility="High",
            is_multiway=True,
            reel_configurations={"possible_counts_per_reel": [[3],[3],[3],[3],[3]]} # Default, can be overridden
        )
        db.session.add(self.slot)
        # Create SlotSymbol instances based on BASE_MULTIWAY_GAME_CONFIG
        for symbol_data in BASE_MULTIWAY_GAME_CONFIG['game']['symbols']:
>           slot_symbol = SlotSymbol(
                slot_id=self.slot.id,
                symbol_internal_id=symbol_data['id'],
                name=symbol_data['name'],
                img_link=symbol_data['asset'], # Assuming 'asset' is the img_link
                value_multiplier=0.0, # Default, as payouts are in ways_payouts/scatter_payouts
                data=symbol_data # Store whole symbol config in data if needed
            )
E           NameError: name 'SlotSymbol' is not defined

tests/test_multiway_helper.py:76: NameError
__________ TestMultiwaySpinHandler.test_multiway_free_spin_retrigger ___________

self = <tests.test_multiway_helper.TestMultiwaySpinHandler testMethod=test_multiway_free_spin_retrigger>

    def setUp(self):
        self.app = app
        # self.app.config.update(TESTING=True) # Ensure testing config if not already set by env vars
        self.app_context = self.app.app_context()
        self.app_context.push()
        db.create_all()

        self.user = User(username='testmultiwayuser', email='testmw@example.com', password='password')
        self.user.balance = 100000 # Sats
        db.session.add(self.user)

        self.slot = Slot(
            id=2, # Match config
            name="Test Multiway Slot",
            short_name="test_multiway1",
            num_rows=3, # Max rows
            num_columns=5, # Num reels
            num_symbols=11, # Added default based on config
            asset_directory="/test_assets/", # Added missing non-nullable field
            is_active=True,
            rtp=95.0,
            volatility="High",
            is_multiway=True,
            reel_configurations={"possible_counts_per_reel": [[3],[3],[3],[3],[3]]} # Default, can be overridden
        )
        db.session.add(self.slot)
        # Create SlotSymbol instances based on BASE_MULTIWAY_GAME_CONFIG
        for symbol_data in BASE_MULTIWAY_GAME_CONFIG['game']['symbols']:
>           slot_symbol = SlotSymbol(
                slot_id=self.slot.id,
                symbol_internal_id=symbol_data['id'],
                name=symbol_data['name'],
                img_link=symbol_data['asset'], # Assuming 'asset' is the img_link
                value_multiplier=0.0, # Default, as payouts are in ways_payouts/scatter_payouts
                data=symbol_data # Store whole symbol config in data if needed
            )
E           NameError: name 'SlotSymbol' is not defined

tests/test_multiway_helper.py:76: NameError
___________ TestMultiwaySpinHandler.test_multiway_free_spin_trigger ____________

self = <tests.test_multiway_helper.TestMultiwaySpinHandler testMethod=test_multiway_free_spin_trigger>

    def setUp(self):
        self.app = app
        # self.app.config.update(TESTING=True) # Ensure testing config if not already set by env vars
        self.app_context = self.app.app_context()
        self.app_context.push()
        db.create_all()

        self.user = User(username='testmultiwayuser', email='testmw@example.com', password='password')
        self.user.balance = 100000 # Sats
        db.session.add(self.user)

        self.slot = Slot(
            id=2, # Match config
            name="Test Multiway Slot",
            short_name="test_multiway1",
            num_rows=3, # Max rows
            num_columns=5, # Num reels
            num_symbols=11, # Added default based on config
            asset_directory="/test_assets/", # Added missing non-nullable field
            is_active=True,
            rtp=95.0,
            volatility="High",
            is_multiway=True,
            reel_configurations={"possible_counts_per_reel": [[3],[3],[3],[3],[3]]} # Default, can be overridden
        )
        db.session.add(self.slot)
        # Create SlotSymbol instances based on BASE_MULTIWAY_GAME_CONFIG
        for symbol_data in BASE_MULTIWAY_GAME_CONFIG['game']['symbols']:
>           slot_symbol = SlotSymbol(
                slot_id=self.slot.id,
                symbol_internal_id=symbol_data['id'],
                name=symbol_data['name'],
                img_link=symbol_data['asset'], # Assuming 'asset' is the img_link
                value_multiplier=0.0, # Default, as payouts are in ways_payouts/scatter_payouts
                data=symbol_data # Store whole symbol config in data if needed
            )
E           NameError: name 'SlotSymbol' is not defined

tests/test_multiway_helper.py:76: NameError
___________________ TestHandleFold.test_handle_fold_success ____________________

self = <tests.test_poker_actions.TestHandleFold testMethod=test_handle_fold_success>
mock_check_betting_completion = <MagicMock name='_check_betting_round_completion' id='139776203007040'>

    @patch('casino_be.utils.poker_helper._check_betting_round_completion')
    def test_handle_fold_success(self, mock_check_betting_completion):
        # Setup mocks for this specific test
        self.mock_db_session.query(PokerPlayerState).filter_by(user_id=self.user_id, table_id=self.table_id).first.return_value = self.mock_player_state
>       self.mock_db_session.query(PokerHand).get(self.hand_id).first.return_value = self.mock_poker_hand # Corrected from .get(id) to .get(hand_id)
E       AttributeError: 'NoneType' object has no attribute 'first'

tests/test_poker_actions.py:66: AttributeError
_____________________ TestHandleBet.test_handle_bet_all_in _____________________

self = <tests.test_poker_actions.TestHandleBet testMethod=test_handle_bet_all_in>
MockTransaction = <MagicMock name='Transaction' id='139776201191488'>
mock_validate_bet = <MagicMock name='_validate_bet' id='139776203142864'>
mock_check_betting_completion = <MagicMock name='_check_betting_round_completion' id='139776201101648'>

    @patch('casino_be.utils.poker_helper._check_betting_round_completion')
    @patch('casino_be.utils.poker_helper._validate_bet')
    @patch('casino_be.utils.poker_helper.Transaction')
    def test_handle_bet_all_in(self, MockTransaction, mock_validate_bet, mock_check_betting_completion):
        bet_amount = 10000 # Player intends to bet their whole stack
        self.mock_player_state.stack_sats = 10000
        mock_validate_bet.return_value = (True, "Valid No-Limit all-in opening bet.")
        mock_check_betting_completion.return_value = {"status": "all_in_showdown"}

>       result = handle_bet(user_id=self.user_id, table_id=self.table_id, hand_id=self.hand_id, amount=bet_amount)

tests/test_poker_actions.py:487:
_ _ _ _ _ _ _ _ _ _ _ _ _ _ _ _ _ _ _ _ _ _ _ _ _ _ _ _ _ _ _ _ _ _ _ _ _ _ _ _

user_id = 1, table_id = 101, hand_id = 201, amount = 10000

    def handle_bet(user_id: int, table_id: int, hand_id: int, amount: int):
        """Placeholder for handling a player's bet action."""
        """
        Handles a player's bet action.
        - Fetches PokerPlayerState, PokerHand, PokerTable.
        - If any not found, or amount <= 0, returns an error.
        - Clears player_state.time_to_act_ends.
        - If player not active, returns an error.
        - Initializes poker_hand.player_street_investments to {} if None.
        - Calculates player_invested_this_street and current_bet_to_match_val.
        - If current_bet_to_match_val > player_invested_this_street, returns error "Cannot bet, must call or raise...".
        - Validates min_bet_val.
        - Calculates actual_bet_amount_put_in_pot and is_all_in.
        - Updates player_state (stack_sats, total_invested_this_hand).
        - Updates poker_hand (player_street_investments, pot_size_sats, current_bet_to_match, last_raiser_user_id, min_next_raise_amount).
        - Sets action_string and player_state.last_action.
        - Creates Transaction.
        - Initializes and appends to poker_hand.hand_history.
        - Adds all modified objects to session.
        - Calls _check_betting_round_completion and commits.
        - Returns success message or error.
        """
        session = db.session
        player_state = session.query(PokerPlayerState).filter_by(user_id=user_id, table_id=table_id).first()
        poker_hand = session.query(PokerHand).get(hand_id)
        poker_table = session.query(PokerTable).get(table_id)

        if not player_state:
            return {"error": f"Player state for user {user_id} not found at table {table_id}."}
        if not poker_hand:
            return {"error": f"Poker hand {hand_id} not found."}
        if not poker_table:
            return {"error": f"Poker table {table_id} not found."}
        if amount <= 0:
            return {"error": "Bet amount must be positive."}

        player_state.time_to_act_ends = None

        if not player_state.is_active_in_hand:
            session.add(player_state) # Save cleared timer
            try:
                session.commit()
            except Exception as e:
                session.rollback()
                current_app.logger.error(f"Error committing player_state on inactive bet for user {user_id}: {e}")
            return {"error": f"Player {user_id} is not active in hand {hand_id}."}

>       if poker_hand.player_street_investments is None:
E       AttributeError: 'PokerTable' object has no attribute 'player_street_investments'

utils/poker_helper.py:827: AttributeError
______________ TestHandleBet.test_handle_bet_fail_outstanding_bet ______________

self = <tests.test_poker_actions.TestHandleBet testMethod=test_handle_bet_fail_outstanding_bet>

    def test_handle_bet_fail_outstanding_bet(self):
        self.mock_poker_hand.current_bet_to_match = 100 # There is an outstanding bet
        self.mock_poker_hand.player_street_investments = {str(self.user_id): 0} # Player hasn't called it

>       result = handle_bet(user_id=self.user_id, table_id=self.table_id, hand_id=self.hand_id, amount=50)

tests/test_poker_actions.py:472:
_ _ _ _ _ _ _ _ _ _ _ _ _ _ _ _ _ _ _ _ _ _ _ _ _ _ _ _ _ _ _ _ _ _ _ _ _ _ _ _

user_id = 1, table_id = 101, hand_id = 201, amount = 50

    def handle_bet(user_id: int, table_id: int, hand_id: int, amount: int):
        """Placeholder for handling a player's bet action."""
        """
        Handles a player's bet action.
        - Fetches PokerPlayerState, PokerHand, PokerTable.
        - If any not found, or amount <= 0, returns an error.
        - Clears player_state.time_to_act_ends.
        - If player not active, returns an error.
        - Initializes poker_hand.player_street_investments to {} if None.
        - Calculates player_invested_this_street and current_bet_to_match_val.
        - If current_bet_to_match_val > player_invested_this_street, returns error "Cannot bet, must call or raise...".
        - Validates min_bet_val.
        - Calculates actual_bet_amount_put_in_pot and is_all_in.
        - Updates player_state (stack_sats, total_invested_this_hand).
        - Updates poker_hand (player_street_investments, pot_size_sats, current_bet_to_match, last_raiser_user_id, min_next_raise_amount).
        - Sets action_string and player_state.last_action.
        - Creates Transaction.
        - Initializes and appends to poker_hand.hand_history.
        - Adds all modified objects to session.
        - Calls _check_betting_round_completion and commits.
        - Returns success message or error.
        """
        session = db.session
        player_state = session.query(PokerPlayerState).filter_by(user_id=user_id, table_id=table_id).first()
        poker_hand = session.query(PokerHand).get(hand_id)
        poker_table = session.query(PokerTable).get(table_id)

        if not player_state:
            return {"error": f"Player state for user {user_id} not found at table {table_id}."}
        if not poker_hand:
            return {"error": f"Poker hand {hand_id} not found."}
        if not poker_table:
            return {"error": f"Poker table {table_id} not found."}
        if amount <= 0:
            return {"error": "Bet amount must be positive."}

        player_state.time_to_act_ends = None

        if not player_state.is_active_in_hand:
            session.add(player_state) # Save cleared timer
            try:
                session.commit()
            except Exception as e:
                session.rollback()
                current_app.logger.error(f"Error committing player_state on inactive bet for user {user_id}: {e}")
            return {"error": f"Player {user_id} is not active in hand {hand_id}."}

>       if poker_hand.player_street_investments is None:
E       AttributeError: 'PokerTable' object has no attribute 'player_street_investments'

utils/poker_helper.py:827: AttributeError
________________ TestHandleBet.test_handle_bet_fail_validation _________________

self = <tests.test_poker_actions.TestHandleBet testMethod=test_handle_bet_fail_validation>
mock_validate_bet = <MagicMock name='_validate_bet' id='139776202807312'>

    @patch('casino_be.utils.poker_helper._validate_bet')
    def test_handle_bet_fail_validation(self, mock_validate_bet):
        bet_amount = 10 # Too small
        mock_validate_bet.return_value = (False, "Bet amount too small.")

>       result = handle_bet(user_id=self.user_id, table_id=self.table_id, hand_id=self.hand_id, amount=bet_amount)

tests/test_poker_actions.py:462:
_ _ _ _ _ _ _ _ _ _ _ _ _ _ _ _ _ _ _ _ _ _ _ _ _ _ _ _ _ _ _ _ _ _ _ _ _ _ _ _

user_id = 1, table_id = 101, hand_id = 201, amount = 10

    def handle_bet(user_id: int, table_id: int, hand_id: int, amount: int):
        """Placeholder for handling a player's bet action."""
        """
        Handles a player's bet action.
        - Fetches PokerPlayerState, PokerHand, PokerTable.
        - If any not found, or amount <= 0, returns an error.
        - Clears player_state.time_to_act_ends.
        - If player not active, returns an error.
        - Initializes poker_hand.player_street_investments to {} if None.
        - Calculates player_invested_this_street and current_bet_to_match_val.
        - If current_bet_to_match_val > player_invested_this_street, returns error "Cannot bet, must call or raise...".
        - Validates min_bet_val.
        - Calculates actual_bet_amount_put_in_pot and is_all_in.
        - Updates player_state (stack_sats, total_invested_this_hand).
        - Updates poker_hand (player_street_investments, pot_size_sats, current_bet_to_match, last_raiser_user_id, min_next_raise_amount).
        - Sets action_string and player_state.last_action.
        - Creates Transaction.
        - Initializes and appends to poker_hand.hand_history.
        - Adds all modified objects to session.
        - Calls _check_betting_round_completion and commits.
        - Returns success message or error.
        """
        session = db.session
        player_state = session.query(PokerPlayerState).filter_by(user_id=user_id, table_id=table_id).first()
        poker_hand = session.query(PokerHand).get(hand_id)
        poker_table = session.query(PokerTable).get(table_id)

        if not player_state:
            return {"error": f"Player state for user {user_id} not found at table {table_id}."}
        if not poker_hand:
            return {"error": f"Poker hand {hand_id} not found."}
        if not poker_table:
            return {"error": f"Poker table {table_id} not found."}
        if amount <= 0:
            return {"error": "Bet amount must be positive."}

        player_state.time_to_act_ends = None

        if not player_state.is_active_in_hand:
            session.add(player_state) # Save cleared timer
            try:
                session.commit()
            except Exception as e:
                session.rollback()
                current_app.logger.error(f"Error committing player_state on inactive bet for user {user_id}: {e}")
            return {"error": f"Player {user_id} is not active in hand {hand_id}."}

>       if poker_hand.player_street_investments is None:
E       AttributeError: 'PokerTable' object has no attribute 'player_street_investments'

utils/poker_helper.py:827: AttributeError
____________________ TestHandleBet.test_handle_bet_success _____________________

self = <tests.test_poker_actions.TestHandleBet testMethod=test_handle_bet_success>
MockTransaction = <MagicMock name='Transaction' id='139776202564816'>
mock_validate_bet = <MagicMock name='_validate_bet' id='139776202678544'>
mock_check_betting_completion = <MagicMock name='_check_betting_round_completion' id='139776202681952'>

    @patch('casino_be.utils.poker_helper._check_betting_round_completion')
    @patch('casino_be.utils.poker_helper._validate_bet') # Mock _validate_bet
    @patch('casino_be.utils.poker_helper.Transaction')
    def test_handle_bet_success(self, MockTransaction, mock_validate_bet, mock_check_betting_completion):
        bet_amount = 100
        mock_validate_bet.return_value = (True, "Valid No-Limit opening bet.")
        mock_check_betting_completion.return_value = {"status": "betting_continues", "next_to_act_user_id": 2}

        initial_stack = self.mock_player_state.stack_sats
        initial_pot_size = self.mock_poker_hand.pot_size_sats
        player_initial_street_investment = self.mock_poker_hand.player_street_investments.get(str(self.user_id), 0)


>       result = handle_bet(user_id=self.user_id, table_id=self.table_id, hand_id=self.hand_id, amount=bet_amount)

tests/test_poker_actions.py:427:
_ _ _ _ _ _ _ _ _ _ _ _ _ _ _ _ _ _ _ _ _ _ _ _ _ _ _ _ _ _ _ _ _ _ _ _ _ _ _ _

user_id = 1, table_id = 101, hand_id = 201, amount = 100

    def handle_bet(user_id: int, table_id: int, hand_id: int, amount: int):
        """Placeholder for handling a player's bet action."""
        """
        Handles a player's bet action.
        - Fetches PokerPlayerState, PokerHand, PokerTable.
        - If any not found, or amount <= 0, returns an error.
        - Clears player_state.time_to_act_ends.
        - If player not active, returns an error.
        - Initializes poker_hand.player_street_investments to {} if None.
        - Calculates player_invested_this_street and current_bet_to_match_val.
        - If current_bet_to_match_val > player_invested_this_street, returns error "Cannot bet, must call or raise...".
        - Validates min_bet_val.
        - Calculates actual_bet_amount_put_in_pot and is_all_in.
        - Updates player_state (stack_sats, total_invested_this_hand).
        - Updates poker_hand (player_street_investments, pot_size_sats, current_bet_to_match, last_raiser_user_id, min_next_raise_amount).
        - Sets action_string and player_state.last_action.
        - Creates Transaction.
        - Initializes and appends to poker_hand.hand_history.
        - Adds all modified objects to session.
        - Calls _check_betting_round_completion and commits.
        - Returns success message or error.
        """
        session = db.session
        player_state = session.query(PokerPlayerState).filter_by(user_id=user_id, table_id=table_id).first()
        poker_hand = session.query(PokerHand).get(hand_id)
        poker_table = session.query(PokerTable).get(table_id)

        if not player_state:
            return {"error": f"Player state for user {user_id} not found at table {table_id}."}
        if not poker_hand:
            return {"error": f"Poker hand {hand_id} not found."}
        if not poker_table:
            return {"error": f"Poker table {table_id} not found."}
        if amount <= 0:
            return {"error": "Bet amount must be positive."}

        player_state.time_to_act_ends = None

        if not player_state.is_active_in_hand:
            session.add(player_state) # Save cleared timer
            try:
                session.commit()
            except Exception as e:
                session.rollback()
                current_app.logger.error(f"Error committing player_state on inactive bet for user {user_id}: {e}")
            return {"error": f"Player {user_id} is not active in hand {hand_id}."}

>       if poker_hand.player_street_investments is None:
E       AttributeError: 'PokerTable' object has no attribute 'player_street_investments'

utils/poker_helper.py:827: AttributeError
__________ TestHandleRaise.test_handle_raise_all_in_incomplete_raise ___________

self = <tests.test_poker_actions.TestHandleRaise testMethod=test_handle_raise_all_in_incomplete_raise>
MockTransaction = <MagicMock name='Transaction' id='139776203511872'>
mock_validate_bet = <MagicMock name='_validate_bet' id='139776202701072'>
mock_check_betting_completion = <MagicMock name='_check_betting_round_completion' id='139776202694208'>

    @patch('casino_be.utils.poker_helper._check_betting_round_completion')
    @patch('casino_be.utils.poker_helper._validate_bet')
    @patch('casino_be.utils.poker_helper.Transaction')
    def test_handle_raise_all_in_incomplete_raise(self, MockTransaction, mock_validate_bet, mock_check_betting_completion):
        # Current bet 100, player has 50 invested. Player stack is 70.
        # Player wants to raise TO 120 (50 call + 20 raise), which is their all-in.
        # Min raise would be to 200. This is an incomplete all-in raise.
        self.mock_player_state.stack_sats = 70
        self.mock_player_state.total_invested_this_hand = 50
        self.mock_poker_hand.player_street_investments = {str(self.user_id): 50}
        self.mock_poker_hand.current_bet_to_match = 100

        raise_to_amount_total = 120 # Player goes all-in for 70 more, total investment 120
        actual_added_to_pot = 70

        mock_validate_bet.return_value = (True, "Valid No-Limit all-in raise.") # _validate_bet should confirm this is valid all-in
        mock_check_betting_completion.return_value = {"status": "all_in_showdown"}

>       result = handle_raise(user_id=self.user_id, table_id=self.table_id, hand_id=self.hand_id, amount=raise_to_amount_total)

tests/test_poker_actions.py:618:
_ _ _ _ _ _ _ _ _ _ _ _ _ _ _ _ _ _ _ _ _ _ _ _ _ _ _ _ _ _ _ _ _ _ _ _ _ _ _ _

user_id = 1, table_id = 101, hand_id = 201, amount = 120

    def handle_raise(user_id: int, table_id: int, hand_id: int, amount: int):
        """Placeholder for handling a player's raise action."""
        """
        Handles a player's raise action.
        - Fetches PokerPlayerState, PokerHand, PokerTable.
        - If any not found, or amount <= 0, returns error.
        - Clears player_state.time_to_act_ends.
        - If player not active, returns error.
        - Initializes poker_hand.player_street_investments.
        - Validates raise conditions (prior bet, amount > current bet, min raise increment).
        - Calculates amounts, is_all_in.
        - Updates player_state (stack_sats, total_invested_this_hand).
        - Updates poker_hand (player_street_investments, pot_size_sats, min_next_raise_amount, current_bet_to_match, last_raiser_user_id).
        - Sets action_string and player_state.last_action.
        - Creates Transaction.
        - Initializes and appends to poker_hand.hand_history.
        - Adds all modified objects to session.
        - Calls _check_betting_round_completion and commits.
        - Returns success message or error.
        """
        session = db.session
        player_state = session.query(PokerPlayerState).filter_by(user_id=user_id, table_id=table_id).first()
        poker_hand = session.query(PokerHand).get(hand_id)
        poker_table = session.query(PokerTable).get(table_id)

        if not player_state:
            return {"error": f"Player state for user {user_id} not found at table {table_id}."}
        if not poker_hand:
            return {"error": f"Poker hand {hand_id} not found."}
        if not poker_table:
            return {"error": f"Poker table {table_id} not found."}
        if amount <= 0: # Amount is the total sum the player is raising TO for the street
            return {"error": "Raise amount must be positive."}

        player_state.time_to_act_ends = None

        if not player_state.is_active_in_hand:
            session.add(player_state) # Save cleared timer
            try:
                session.commit()
            except Exception as e:
                session.rollback()
                current_app.logger.error(f"Error committing player_state on inactive raise for user {user_id}: {e}")
            return {"error": f"Player {user_id} is not active in hand {hand_id}."}

>       if poker_hand.player_street_investments is None:
E       AttributeError: 'PokerTable' object has no attribute 'player_street_investments'

utils/poker_helper.py:983: AttributeError
_____________ TestHandleRaise.test_handle_raise_fail_no_prior_bet ______________

self = <tests.test_poker_actions.TestHandleRaise testMethod=test_handle_raise_fail_no_prior_bet>

    def test_handle_raise_fail_no_prior_bet(self):
        self.mock_poker_hand.current_bet_to_match = 0 # No prior bet

>       result = handle_raise(user_id=self.user_id, table_id=self.table_id, hand_id=self.hand_id, amount=100)

tests/test_poker_actions.py:594:
_ _ _ _ _ _ _ _ _ _ _ _ _ _ _ _ _ _ _ _ _ _ _ _ _ _ _ _ _ _ _ _ _ _ _ _ _ _ _ _

user_id = 1, table_id = 101, hand_id = 201, amount = 100

    def handle_raise(user_id: int, table_id: int, hand_id: int, amount: int):
        """Placeholder for handling a player's raise action."""
        """
        Handles a player's raise action.
        - Fetches PokerPlayerState, PokerHand, PokerTable.
        - If any not found, or amount <= 0, returns error.
        - Clears player_state.time_to_act_ends.
        - If player not active, returns error.
        - Initializes poker_hand.player_street_investments.
        - Validates raise conditions (prior bet, amount > current bet, min raise increment).
        - Calculates amounts, is_all_in.
        - Updates player_state (stack_sats, total_invested_this_hand).
        - Updates poker_hand (player_street_investments, pot_size_sats, min_next_raise_amount, current_bet_to_match, last_raiser_user_id).
        - Sets action_string and player_state.last_action.
        - Creates Transaction.
        - Initializes and appends to poker_hand.hand_history.
        - Adds all modified objects to session.
        - Calls _check_betting_round_completion and commits.
        - Returns success message or error.
        """
        session = db.session
        player_state = session.query(PokerPlayerState).filter_by(user_id=user_id, table_id=table_id).first()
        poker_hand = session.query(PokerHand).get(hand_id)
        poker_table = session.query(PokerTable).get(table_id)

        if not player_state:
            return {"error": f"Player state for user {user_id} not found at table {table_id}."}
        if not poker_hand:
            return {"error": f"Poker hand {hand_id} not found."}
        if not poker_table:
            return {"error": f"Poker table {table_id} not found."}
        if amount <= 0: # Amount is the total sum the player is raising TO for the street
            return {"error": "Raise amount must be positive."}

        player_state.time_to_act_ends = None

        if not player_state.is_active_in_hand:
            session.add(player_state) # Save cleared timer
            try:
                session.commit()
            except Exception as e:
                session.rollback()
                current_app.logger.error(f"Error committing player_state on inactive raise for user {user_id}: {e}")
            return {"error": f"Player {user_id} is not active in hand {hand_id}."}

>       if poker_hand.player_street_investments is None:
E       AttributeError: 'PokerTable' object has no attribute 'player_street_investments'

utils/poker_helper.py:983: AttributeError
______________ TestHandleRaise.test_handle_raise_fail_validation _______________

self = <tests.test_poker_actions.TestHandleRaise testMethod=test_handle_raise_fail_validation>
mock_validate_bet = <MagicMock name='_validate_bet' id='139776204109712'>

    @patch('casino_be.utils.poker_helper._validate_bet')
    def test_handle_raise_fail_validation(self, mock_validate_bet):
        raise_to_amount = 150 # Too small (less than current bet + min increment)
        mock_validate_bet.return_value = (False, "Raise amount too small.")

>       result = handle_raise(user_id=self.user_id, table_id=self.table_id, hand_id=self.hand_id, amount=raise_to_amount)

tests/test_poker_actions.py:585:
_ _ _ _ _ _ _ _ _ _ _ _ _ _ _ _ _ _ _ _ _ _ _ _ _ _ _ _ _ _ _ _ _ _ _ _ _ _ _ _

user_id = 1, table_id = 101, hand_id = 201, amount = 150

    def handle_raise(user_id: int, table_id: int, hand_id: int, amount: int):
        """Placeholder for handling a player's raise action."""
        """
        Handles a player's raise action.
        - Fetches PokerPlayerState, PokerHand, PokerTable.
        - If any not found, or amount <= 0, returns error.
        - Clears player_state.time_to_act_ends.
        - If player not active, returns error.
        - Initializes poker_hand.player_street_investments.
        - Validates raise conditions (prior bet, amount > current bet, min raise increment).
        - Calculates amounts, is_all_in.
        - Updates player_state (stack_sats, total_invested_this_hand).
        - Updates poker_hand (player_street_investments, pot_size_sats, min_next_raise_amount, current_bet_to_match, last_raiser_user_id).
        - Sets action_string and player_state.last_action.
        - Creates Transaction.
        - Initializes and appends to poker_hand.hand_history.
        - Adds all modified objects to session.
        - Calls _check_betting_round_completion and commits.
        - Returns success message or error.
        """
        session = db.session
        player_state = session.query(PokerPlayerState).filter_by(user_id=user_id, table_id=table_id).first()
        poker_hand = session.query(PokerHand).get(hand_id)
        poker_table = session.query(PokerTable).get(table_id)

        if not player_state:
            return {"error": f"Player state for user {user_id} not found at table {table_id}."}
        if not poker_hand:
            return {"error": f"Poker hand {hand_id} not found."}
        if not poker_table:
            return {"error": f"Poker table {table_id} not found."}
        if amount <= 0: # Amount is the total sum the player is raising TO for the street
            return {"error": "Raise amount must be positive."}

        player_state.time_to_act_ends = None

        if not player_state.is_active_in_hand:
            session.add(player_state) # Save cleared timer
            try:
                session.commit()
            except Exception as e:
                session.rollback()
                current_app.logger.error(f"Error committing player_state on inactive raise for user {user_id}: {e}")
            return {"error": f"Player {user_id} is not active in hand {hand_id}."}

>       if poker_hand.player_street_investments is None:
E       AttributeError: 'PokerTable' object has no attribute 'player_street_investments'

utils/poker_helper.py:983: AttributeError
__________________ TestHandleRaise.test_handle_raise_success ___________________

[...]
                # game_session.transactions.append(win_tx) # If using relationship for this

            # --- Create Spin Record ---
            new_spin = SlotSpin(
                game_session_id=game_session.id,
                spin_result=initial_spin_grid_for_record, # Record the initial grid
                win_amount=final_win_amount_for_session_and_tx, # Total win from initial + all cascades (with all multipliers)
                bet_amount=actual_bet_this_spin,
                is_bonus_spin=is_bonus_spin,
                spin_time=datetime.now(timezone.utc),
                current_multiplier_level=max_cascade_multiplier_level_achieved # Store max cascade level reached
            )
            db.session.add(new_spin)
            # Crucially, flush here to get new_spin.id before assigning to transactions
            db.session.flush()

            # Link transactions to this spin
            if not is_bonus_spin and 'wager_tx' in locals() and wager_tx: # Ensure wager_tx exists
                wager_tx.slot_spin_id = new_spin.id
                wager_tx.details['slot_spin_id'] = new_spin.id
            if final_win_amount_for_session_and_tx > 0 and 'win_tx' in locals() and win_tx: # Ensure win_tx exists
                win_tx.slot_spin_id = new_spin.id
                win_tx.details['slot_spin_id'] = new_spin.id

            # --- Return Results ---
            # Ensure all satoshi amounts are integers
            return {
                "spin_result": initial_spin_grid_for_record, # Return the initial grid state
                "win_amount_sats": int(final_win_amount_for_session_and_tx),
                "winning_lines": winning_lines, # This currently holds results from the *initial* spin.
                                                # For a full breakdown, this would need to be an accumulation if cascades add more lines.
                "bonus_triggered": bonus_triggered_this_spin,
                "bonus_active": game_session.bonus_active,
                "bonus_spins_remaining": game_session.bonus_spins_remaining if game_session.bonus_active else 0,
                "bonus_multiplier": game_session.bonus_multiplier if game_session.bonus_active else 1.0,
                "user_balance_sats": int(user.balance),
                "session_stats": { # Consistent with other game types potentially
                    "num_spins": game_session.num_spins,
                    "amount_wagered_sats": int(game_session.amount_wagered or 0),
                    "amount_won_sats": int(game_session.amount_won or 0),
                }
            }
        except FileNotFoundError as e:
            # Log error appropriately
            # raise ValueError(f"Game configuration error: {e}") # Or handle more gracefully
            # For now, re-raise as ValueError for the route to catch
            # In a real app, you might want a more specific exception type.
            db.session.rollback() # Rollback any DB changes if config fails
            raise ValueError(str(e))
        except ValueError as e: # Catch specific errors like insufficient balance
            db.session.rollback()
            raise e # Re-raise it for the route to handle
        except Exception as e:
            db.session.rollback()
            # Log the exception e
            # Consider what to return or raise. A generic error for the user.
>           raise RuntimeError(f"An unexpected error occurred during the spin: {str(e)}") # Use str(e) for cleaner message
E           RuntimeError: An unexpected error occurred during the spin: name 'count' is not defined

utils/spin_handler.py:406: RuntimeError
_____________ TestSpinHandler.test_multiplier_progression_and_cap ______________

self = <tests.test_spin_handler.TestSpinHandler testMethod=test_multiplier_progression_and_cap>

    def test_multiplier_progression_and_cap(self):
        self.slot.is_cascading = True
        self.slot.cascade_type = "replace_in_place"
        self.slot.win_multipliers = "[2, 3]" # Multipliers for 1st, 2nd+ cascade wins

        test_config_multi = {
            "game": {
                **BASE_GAME_CONFIG["game"],
                "is_cascading": True,
                "cascade_type": "replace_in_place",
                "win_multipliers": [2, 3], # Cap at 3x for 2nd cascade onwards
                "symbols": [
                    {"id": 1, "name": "SymbolA", "asset": "symA.png", "value_multipliers": {"3": 10}, "weight": 10},
                    {"id": 2, "name": "SymbolB", "asset": "symB.png", "value_multipliers": {"3": 5}, "weight": 20},
                    {"id": 3, "name": "SymbolC", "asset": "symC.png", "value_multipliers": {"3": 2}, "weight": 30}, # Non-winning
                ],
                "paylines": [{"id": "line_1", "positions": [[0,0],[0,1],[0,2]]}] # Top row payline
            }
        }
        self.mock_load_config.return_value = test_config_multi

        # Initial grid: 3xA (id=1) for a win
        initial_grid_multi = [
            [1, 1, 1, 2, 3], # Win: 3xA (id=1)
            [2, 3, 2, 3, 1],
            [3, 1, 3, 1, 2]
        ]
        self.mock_generate_grid.return_value = initial_grid_multi

        # Mock choices for cascades (replace_in_place at [0,0],[0,1],[0,2])
        self.mock_choices.side_effect = [
            # Cascade 1: Replace [1,1,1] with [2,2,2] (SymbolB) -> Wins
            [[2]], [[2]], [[2]],
            # Cascade 2: Replace [2,2,2] with [1,1,1] (SymbolA) -> Wins again
            [[1]], [[1]], [[1]],
            # Cascade 3: Replace [1,1,1] with [3,3,3] (SymbolC) -> No Win
            [[3]], [[3]], [[3]],
        ]

        bet_amount = 100
        initial_balance = self.user.balance

        # Calculations:
        # Initial win: 3x SymbolA (id=1). Pays 10x. Raw win = 100 * 10 = 1000.
        # Total = 1000.

        # Cascade 1: [2,2,2] (SymbolB) replaces initial [1,1,1]. SymbolB pays 5x.
        #            Raw win = 100 * 5 = 500.
        #            Multiplier for 1st cascade (level_counter=1) is win_multipliers[0]=2.
        #            Actual win from 1st cascade = 500 * 2 = 1000.
        # Total = 1000 + 1000 = 2000.
        # max_multiplier_level_achieved = 1 (as cascade_level_counter = 1)

        # Cascade 2: [1,1,1] (SymbolA) replaces [2,2,2]. SymbolA pays 10x.
        #            Raw win = 100 * 10 = 1000.
        #            Multiplier for 2nd cascade (level_counter=2) is win_multipliers[1]=3.
        #            Actual win from 2nd cascade = 1000 * 3 = 3000.
        # Total = 2000 + 3000 = 5000.
        # max_multiplier_level_achieved = 2 (as cascade_level_counter = 2)

        # Cascade 3: [3,3,3] (SymbolC) replaces [1,1,1]. No win. Loop terminates.
        #            cascade_level_counter would have been 3, but this cascade does not win.

        expected_total_win = 5000
        expected_multiplier_level = 2 # Highest cascade_level_counter that resulted in a win.

        result = handle_spin(self.user, self.slot, self.game_session, bet_amount)

>       self.assertEqual(result['win_amount_sats'], expected_total_win)
E       AssertionError: 0 != 5000

tests/test_spin_handler.py:455: AssertionError
________________ TestSpinHandler.test_win_on_non_cascading_slot ________________

self = <tests.test_spin_handler.TestSpinHandler testMethod=test_win_on_non_cascading_slot>

    def test_win_on_non_cascading_slot(self):
        # Configure a winning grid
        winning_grid = [
            [1, 1, 1, 2, 3], # Symbol 1 (value 10 for 3) on payline
            [2, 3, 1, 2, 3],
            [3, 1, 2, 3, 1]
        ]
        self.mock_generate_grid.return_value = winning_grid
        self.slot.is_cascading = False # Ensure slot model reflects this

        # Ensure BASE_GAME_CONFIG reflects non-cascading for this test
        current_config = {**BASE_GAME_CONFIG,
            "game": {**BASE_GAME_CONFIG["game"], "is_cascading": False}
        }
        self.mock_load_config.return_value = current_config

        bet_amount = 100 # Assume 1 payline, so bet_per_line is 100
        initial_balance = self.user.balance

        # Symbol 1 pays 10x for 3 matches.
        # Expected win = bet_per_line * multiplier = 100 * 10 = 1000
        expected_win = 1000

        result = handle_spin(self.user, self.slot, self.game_session, bet_amount)

>       self.assertEqual(result['win_amount_sats'], expected_win)
E       AssertionError: 0 != 1000

tests/test_spin_handler.py:148: AssertionError
_______________ TestSpinHandlerUtils.test_calculate_win_scatter ________________

self = <tests.test_utils.TestSpinHandlerUtils testMethod=test_calculate_win_scatter>

    def test_calculate_win_scatter(self):
        """
        Test calculate_win with a scatter win.
        """
        grid = [[7, 1, 2], [3, 7, 4], [5, 6, 7]]
        config_paylines = []

        scatter_symbol_id = 7
        config_symbols_map = {
            1: {"id": 1, "name": "Symbol1"},
            7: {"id": 7, "name": "Scatter", "payouts": {"3": 5.0}},
        }

        total_bet_sats = 50
        expected_scatter_multiplier = 5.0
        expected_total_win = total_bet_sats * expected_scatter_multiplier

>       result = calculate_win(
            grid=grid,
            config_paylines=config_paylines,
            config_symbols_map=config_symbols_map,
            total_bet_sats=total_bet_sats,
            wild_symbol_id=None,
            scatter_symbol_id=scatter_symbol_id
        )
E       TypeError: calculate_win() missing 1 required positional argument: 'min_symbols_to_match'

tests/test_utils.py:76: TypeError
____________ TestSpinHandlerUtils.test_calculate_win_simple_payline ____________

self = <tests.test_utils.TestSpinHandlerUtils testMethod=test_calculate_win_simple_payline>

    def test_calculate_win_simple_payline(self):
        """
        Test calculate_win with a simple payline win.
        """
        grid = [[1, 1, 1, 2, 3], [4, 5, 6, 7, 8], [9, 10, 11, 12, 13]]
        config_paylines = [{"id": "line1", "positions": [[0, 0], [0, 1], [0, 2], [0,3], [0,4]]}] # Top row

        config_symbols_map = {
            1: {"id": 1, "name": "Symbol1", "value_multipliers": {"3": 10.0}},
            2: {"id": 2, "name": "Symbol2"},
            3: {"id": 3, "name": "Symbol3"},
        }

        total_bet_sats = 100
        expected_win_per_line = 10.0
        expected_total_win = 100 * expected_win_per_line

>       result = calculate_win(
            grid=grid,
            config_paylines=config_paylines,
            config_symbols_map=config_symbols_map,
            total_bet_sats=total_bet_sats,
            wild_symbol_id=None,
            scatter_symbol_id=None
        )
E       TypeError: calculate_win() missing 1 required positional argument: 'min_symbols_to_match'

tests/test_utils.py:43: TypeError
______________ TestBonusLogicUtils.test_update_wagering_progress _______________

self = <tests.test_utils.TestBonusLogicUtils testMethod=test_update_wagering_progress>

    def test_update_wagering_progress(self):
        # User created via BaseTestCase's _create_user helper
>       user = self._create_user(username="bonuswageruser", email="bwu@example.com", balance=5000)
E       TypeError: BaseTestCase._create_user() got an unexpected keyword argument 'balance'

tests/test_utils.py:167: TypeError
=============================== warnings summary ===============================
../venv/lib/python3.10/site-packages/pythonjsonlogger/jsonlogger.py:11
  /app/venv/lib/python3.10/site-packages/pythonjsonlogger/jsonlogger.py:11: DeprecationWarning: pythonjsonlogger.jsonlogger has been moved to pythonjsonlogger.json
    warnings.warn(

../venv/lib/python3.10/site-packages/marshmallow/__init__.py:17
  /app/venv/lib/python3.10/site-packages/marshmallow/__init__.py:17: DeprecationWarning: distutils Version classes are deprecated. Use packaging.version instead.
    __version_info__ = tuple(LooseVersion(__version__).version)

../venv/lib/python3.10/site-packages/marshmallow_sqlalchemy/convert.py:17
../venv/lib/python3.10/site-packages/marshmallow_sqlalchemy/convert.py:17
  /app/venv/lib/python3.10/site-packages/marshmallow_sqlalchemy/convert.py:17: DeprecationWarning: distutils Version classes are deprecated. Use packaging.version instead.
    _META_KWARGS_DEPRECATED = LooseVersion(ma.__version__) >= LooseVersion("3.10.0")

../venv/lib/python3.10/site-packages/marshmallow/fields.py:198
../venv/lib/python3.10/site-packages/marshmallow/fields.py:198
../venv/lib/python3.10/site-packages/marshmallow/fields.py:198
  /app/venv/lib/python3.10/site-packages/marshmallow/fields.py:198: RemovedInMarshmallow4Warning: Passing field metadata as a keyword arg is deprecated. Use the explicit `metadata=...` argument instead.
    warnings.warn(

-- Docs: https://docs.pytest.org/en/stable/how-to/capture-warnings.html
================================ tests coverage ================================
_______________ coverage: platform linux, python 3.10.17-final-0 _______________

Name                          Stmts   Miss  Cover
-------------------------------------------------
app.py                          108     20    81%
config.py                        22      3    86%
models.py                       410     17    96%
routes/__init__.py                0      0   100%
routes/admin.py                 250    210    16%
routes/auth.py                  109     50    54%
routes/baccarat.py              118     95    19%
routes/blackjack.py              62     47    24%
routes/meta_game.py              24     15    38%
routes/plinko.py                 65     53    18%
routes/poker.py                 163    136    17%
routes/roulette.py               60     47    22%
routes/slots.py                  98     81    17%
routes/spacecrash.py            155    131    15%
routes/user.py                   99     81    18%
schemas.py                      422     29    93%
services/__init__.py              0      0   100%
services/bonus_service.py        54     50     7%
utils/__init__.py                 0      0   100%
utils/baccarat_helper.py        155     43    72%
utils/bitcoin.py                 15      6    60%
utils/blackjack_helper.py       293    228    22%
utils/multiway_helper.py        245    232     5%
utils/plinko_helper.py           74     43    42%
utils/poker_helper.py           950    585    38%
utils/roulette_helper.py         51     41    20%
utils/slot_tester.py            423    263    38%
utils/spacecrash_handler.py      79     64    19%
utils/spin_handler.py           428    238    44%
-------------------------------------------------
TOTAL                          4932   2808    43%
Coverage HTML written to dir htmlcov
=========================== short test summary info ============================
FAILED tests/test_api.py::GameApiTests::test_spin_insufficient_balance - Asse...
FAILED tests/test_api.py::GameApiTests::test_spin_success - AssertionError: 4...
FAILED tests/test_api.py::BillingApiTests::test_deposit_fail_invalid_bonus_code
FAILED tests/test_api.py::BillingApiTests::test_deposit_success_no_bonus - As...
FAILED tests/test_api.py::BillingApiTests::test_deposit_success_with_valid_fixed_bonus
FAILED tests/test_api.py::BillingApiTests::test_deposit_success_with_valid_percentage_bonus
FAILED tests/test_api.py::BillingApiTests::test_withdraw_fail_active_bonus_wagering_incomplete
FAILED tests/test_api.py::BillingApiTests::test_withdraw_fail_insufficient_funds
FAILED tests/test_api.py::BillingApiTests::test_withdraw_success - AssertionE...
FAILED tests/test_api.py::PlinkoApiTests::test_plinko_play_insufficient_funds
FAILED tests/test_api.py::PlinkoApiTests::test_plinko_play_success - Assertio...
FAILED tests/test_api.py::PlinkoApiTests::test_plinko_play_validation_errors
FAILED tests/test_baccarat_api.py::TestBaccaratAPI::test_get_baccarat_hand_admin_access
FAILED tests/test_baccarat_api.py::TestBaccaratAPI::test_get_baccarat_hand_not_found
FAILED tests/test_baccarat_api.py::TestBaccaratAPI::test_get_baccarat_hand_success
FAILED tests/test_baccarat_api.py::TestBaccaratAPI::test_get_baccarat_hand_unauthorized
FAILED tests/test_baccarat_api.py::TestBaccaratAPI::test_get_baccarat_tables
FAILED tests/test_baccarat_api.py::TestBaccaratAPI::test_join_baccarat_table_not_active
FAILED tests/test_baccarat_api.py::TestBaccaratAPI::test_join_baccarat_table_not_found
FAILED tests/test_baccarat_api.py::TestBaccaratAPI::test_join_baccarat_table_success
FAILED tests/test_baccarat_api.py::TestBaccaratAPI::test_play_baccarat_hand_insufficient_balance
FAILED tests/test_baccarat_api.py::TestBaccaratAPI::test_play_baccarat_hand_success_player_win
FAILED tests/test_baccarat_helper.py::TestBaccaratHelper::test_banker_stands_player_draws_third_card_8
FAILED tests/test_baccarat_helper.py::TestBaccaratHelper::test_banker_third_card_rules
FAILED tests/test_baccarat_helper.py::TestBaccaratHelper::test_play_baccarat_hand_natural_win
FAILED tests/test_multiway_helper.py::TestMultiwaySpinHandler::test_multiway_bonus_end_after_last_spin
FAILED tests/test_multiway_helper.py::TestMultiwaySpinHandler::test_multiway_bonus_spin_behavior_win_and_cost
FAILED tests/test_multiway_helper.py::TestMultiwaySpinHandler::test_multiway_free_spin_retrigger
FAILED tests/test_multiway_helper.py::TestMultiwaySpinHandler::test_multiway_free_spin_trigger
FAILED tests/test_poker_actions.py::TestHandleFold::test_handle_fold_success
FAILED tests/test_poker_actions.py::TestHandleBet::test_handle_bet_all_in - A...
FAILED tests/test_poker_actions.py::TestHandleBet::test_handle_bet_fail_outstanding_bet
FAILED tests/test_poker_actions.py::TestHandleBet::test_handle_bet_fail_validation
FAILED tests/test_poker_actions.py::TestHandleBet::test_handle_bet_success - ...
FAILED tests/test_poker_actions.py::TestHandleRaise::test_handle_raise_all_in_incomplete_raise
FAILED tests/test_poker_actions.py::TestHandleRaise::test_handle_raise_fail_no_prior_bet
FAILED tests/test_poker_actions.py::TestHandleRaise::test_handle_raise_fail_validation
FAILED tests/test_poker_actions.py::TestHandleRaise::test_handle_raise_success
FAILED tests/test_poker_pot_distribution.py::TestDistributePot::test_one_main_pot_one_side_pot
FAILED tests/test_poker_pot_distribution.py::TestDistributePot::test_single_winner_main_pot_no_rake_cap_hit
FAILED tests/test_poker_pot_distribution.py::TestDistributePot::test_split_pot_two_winners_main_pot
FAILED tests/test_slot_tester.py::TestSlotTester::test_bonus_trigger_and_mechanics
FAILED tests/test_slot_tester.py::TestSlotTester::test_calculate_win_scatter
FAILED tests/test_slot_tester.py::TestSlotTester::test_calculate_win_simple_payline
FAILED tests/test_slot_tester.py::TestSlotTester::test_get_symbol_payout_direct
FAILED tests/test_slot_tester.py::TestSlotTester::test_reel_strip_generation_basic
FAILED tests/test_spin_handler.py::TestSpinHandler::test_basic_cascade_fall_from_top
FAILED tests/test_spin_handler.py::TestSpinHandler::test_basic_cascade_replace_in_place
FAILED tests/test_spin_handler.py::TestSpinHandler::test_cluster_win_multiple_wilds_no_cascade
FAILED tests/test_spin_handler.py::TestSpinHandler::test_cluster_win_no_wilds_no_cascade
FAILED tests/test_spin_handler.py::TestSpinHandler::test_cluster_win_one_wild_no_cascade
FAILED tests/test_spin_handler.py::TestSpinHandler::test_cluster_win_wilds_contribute_to_multiple_types_no_cascade
FAILED tests/test_spin_handler.py::TestSpinHandler::test_cluster_win_with_wilds_and_cascade
FAILED tests/test_spin_handler.py::TestSpinHandler::test_match_n_cluster_wins_with_cascading
FAILED tests/test_spin_handler.py::TestSpinHandler::test_multiplier_progression_and_cap
FAILED tests/test_spin_handler.py::TestSpinHandler::test_win_on_non_cascading_slot
FAILED tests/test_utils.py::TestSpinHandlerUtils::test_calculate_win_scatter
FAILED tests/test_utils.py::TestSpinHandlerUtils::test_calculate_win_simple_payline
FAILED tests/test_utils.py::TestBonusLogicUtils::test_update_wagering_progress
============ 59 failed, 66 passed, 1 skipped, 7 warnings in 10.54s =============
